[ 2017-08-25T09:46:16+08:00 ] 127.0.0.1 /jiayoulong/
INFO: [ app_init ] --START--
INFO: Run Behavior\BuildLiteBehavior [ RunTime:0.000000s ]
INFO: [ app_init ] --END-- [ RunTime:0.011000s ]
INFO: [ app_begin ] --START--
INFO: Run Behavior\ReadHtmlCacheBehavior [ RunTime:0.014000s ]
INFO: [ app_begin ] --END-- [ RunTime:0.015000s ]
SQL: SHOW COLUMNS FROM `think_user` [ RunTime:0.0300s ]
NOTIC: [8] Undefined index: user_name D:\wamp64\www\jiayoulong\Application\Home\Controller\IndexController.class.php 第 9 行.
NOTIC: [8] Undefined index: user_phone D:\wamp64\www\jiayoulong\Application\Home\Controller\IndexController.class.php 第 10 行.
NOTIC: [8] Undefined index: user_image D:\wamp64\www\jiayoulong\Application\Home\Controller\IndexController.class.php 第 11 行.
ERR: 1364:Field 'name' doesn't have a default value
 [ SQL语句 ] : INSERT INTO `think_user` () VALUES ()
ERR: 1364:Field 'name' doesn't have a default value
 [ SQL语句 ] : INSERT INTO `think_user` () VALUES ()

[ 2017-08-25T09:46:58+08:00 ] 127.0.0.1 /jiayoulong/
INFO: [ app_init ] --START--
INFO: Run Behavior\BuildLiteBehavior [ RunTime:0.000000s ]
INFO: [ app_init ] --END-- [ RunTime:0.000000s ]
INFO: [ app_begin ] --START--
INFO: Run Behavior\ReadHtmlCacheBehavior [ RunTime:0.001000s ]
INFO: [ app_begin ] --END-- [ RunTime:0.001000s ]
INFO: [ app_end ] --START--
INFO: Run Behavior\ShowPageTraceBehavior [ RunTime:0.001000s ]
INFO: [ app_end ] --END-- [ RunTime:0.001000s ]

[ 2017-08-25T10:17:21+08:00 ] 127.0.0.1 /jiayoulong/Home/Wechat/userSelect
INFO: [ app_init ] --START--
INFO: Run Behavior\BuildLiteBehavior [ RunTime:0.000000s ]
INFO: [ app_init ] --END-- [ RunTime:0.000000s ]
INFO: [ app_begin ] --START--
INFO: Run Behavior\ReadHtmlCacheBehavior [ RunTime:0.001000s ]
INFO: [ app_begin ] --END-- [ RunTime:0.001000s ]
SQL: SHOW COLUMNS FROM `think_user` [ RunTime:0.0010s ]
SQL: SELECT * FROM `think_user`  [ RunTime:0.0010s ]

[ 2017-08-25T10:18:03+08:00 ] 127.0.0.1 /jiayoulong/Home/Wechat/userSelectAjaxReturn
INFO: [ app_init ] --START--
INFO: Run Behavior\BuildLiteBehavior [ RunTime:0.000000s ]
INFO: [ app_init ] --END-- [ RunTime:0.000000s ]
INFO: [ app_begin ] --START--
INFO: Run Behavior\ReadHtmlCacheBehavior [ RunTime:0.001000s ]
INFO: [ app_begin ] --END-- [ RunTime:0.001000s ]
SQL: SHOW COLUMNS FROM `think_user` [ RunTime:0.0010s ]
SQL: SELECT * FROM `think_user`  [ RunTime:0.0010s ]

[ 2017-08-25T10:37:16+08:00 ] 127.0.0.1 /jiayoulong/Home/Wechat/userAdd?name=yejian&phone=13336666&image=asdfasdf/adsffreerer/asdf.jpg
INFO: [ app_init ] --START--
INFO: Run Behavior\BuildLiteBehavior [ RunTime:0.000000s ]
INFO: [ app_init ] --END-- [ RunTime:0.000000s ]
INFO: [ app_begin ] --START--
INFO: Run Behavior\ReadHtmlCacheBehavior [ RunTime:0.001000s ]
INFO: [ app_begin ] --END-- [ RunTime:0.001000s ]
SQL: SHOW COLUMNS FROM `think_user` [ RunTime:0.0000s ]
SQL: INSERT INTO `think_user` (`name`,`phone`,`image`,`level`,`score`) VALUES ('yejian','13336666','asdfasdf/adsffreerer/asdf.jpg','1','0') [ RunTime:0.0000s ]

[ 2017-08-25T11:03:08+08:00 ] 127.0.0.1 /jiayoulong/Home/Wechat/userAdd?name=yejian&phone=13336666&image=asdfasdf/adsffreerer/asdf.jpg
INFO: [ app_init ] --START--
INFO: Run Behavior\BuildLiteBehavior [ RunTime:0.000000s ]
INFO: [ app_init ] --END-- [ RunTime:0.001000s ]
INFO: [ app_begin ] --START--
INFO: Run Behavior\ReadHtmlCacheBehavior [ RunTime:0.000000s ]
INFO: [ app_begin ] --END-- [ RunTime:0.002000s ]
SQL: SHOW COLUMNS FROM `think_user` [ RunTime:0.0010s ]
SQL: INSERT INTO `think_user` (`name`,`phone`,`image`,`level`,`score`) VALUES ('yejian','13336666','asdfasdf/adsffreerer/asdf.jpg','1','0') [ RunTime:0.0010s ]

[ 2017-08-25T15:11:52+08:00 ] 127.0.0.1 /jiayoulong/
INFO: [ app_init ] --START--
INFO: Run Behavior\BuildLiteBehavior [ RunTime:0.000000s ]
INFO: [ app_init ] --END-- [ RunTime:0.000000s ]
INFO: [ app_begin ] --START--
INFO: Run Behavior\ReadHtmlCacheBehavior [ RunTime:0.000000s ]
INFO: [ app_begin ] --END-- [ RunTime:0.000000s ]
INFO: [ app_end ] --START--
INFO: Run Behavior\ShowPageTraceBehavior [ RunTime:0.001000s ]
INFO: [ app_end ] --END-- [ RunTime:0.001000s ]

[ 2017-08-25T15:11:59+08:00 ] 127.0.0.1 /jiayoulong/
INFO: [ app_init ] --START--
INFO: Run Behavior\BuildLiteBehavior [ RunTime:0.000000s ]
INFO: [ app_init ] --END-- [ RunTime:0.000000s ]
INFO: [ app_begin ] --START--
INFO: Run Behavior\ReadHtmlCacheBehavior [ RunTime:0.000000s ]
INFO: [ app_begin ] --END-- [ RunTime:0.000000s ]
INFO: [ app_end ] --START--
INFO: Run Behavior\ShowPageTraceBehavior [ RunTime:0.001000s ]
INFO: [ app_end ] --END-- [ RunTime:0.001000s ]

[ 2017-08-25T15:41:20+08:00 ] 127.0.0.1 /jiayoulong/Home/Wechat/userAdd?name=yejian&phone=13336666&image=asdfasdf/adsffreerer/asdf.jpg
INFO: [ app_init ] --START--
INFO: Run Behavior\BuildLiteBehavior [ RunTime:0.000000s ]
INFO: [ app_init ] --END-- [ RunTime:0.001000s ]
INFO: [ app_begin ] --START--
INFO: Run Behavior\ReadHtmlCacheBehavior [ RunTime:0.001000s ]
INFO: [ app_begin ] --END-- [ RunTime:0.001000s ]
SQL: SHOW COLUMNS FROM `think_user` [ RunTime:0.0000s ]
SQL: INSERT INTO `think_user` (`name`,`phone`,`image`,`level`,`score`) VALUES ('yejian','13336666','asdfasdf/adsffreerer/asdf.jpg','1','0') [ RunTime:0.0000s ]

[ 2017-08-25T15:41:38+08:00 ] 127.0.0.1 /jiayoulong/Home/Wechat/userSelect
INFO: [ app_init ] --START--
INFO: Run Behavior\BuildLiteBehavior [ RunTime:0.000000s ]
INFO: [ app_init ] --END-- [ RunTime:0.000000s ]
INFO: [ app_begin ] --START--
INFO: Run Behavior\ReadHtmlCacheBehavior [ RunTime:0.015600s ]
INFO: [ app_begin ] --END-- [ RunTime:0.015600s ]
ERR: 非法操作:userSelect

[ 2017-08-25T15:41:48+08:00 ] 127.0.0.1 /jiayoulong/Home/Wechat/userSelectAjaxReturn
INFO: [ app_init ] --START--
INFO: Run Behavior\BuildLiteBehavior [ RunTime:0.000000s ]
INFO: [ app_init ] --END-- [ RunTime:0.000000s ]
INFO: [ app_begin ] --START--
INFO: Run Behavior\ReadHtmlCacheBehavior [ RunTime:0.001000s ]
INFO: [ app_begin ] --END-- [ RunTime:0.001000s ]
SQL: SHOW COLUMNS FROM `think_user` [ RunTime:0.0010s ]
SQL: SELECT * FROM `think_user`  [ RunTime:0.0000s ]

[ 2017-08-25T16:44:00+08:00 ] 127.0.0.1 /jiayoulong/Home/Wechat/userSelect
INFO: [ app_init ] --START--
INFO: Run Behavior\BuildLiteBehavior [ RunTime:0.000000s ]
INFO: [ app_init ] --END-- [ RunTime:0.001000s ]
INFO: [ app_begin ] --START--
INFO: Run Behavior\ReadHtmlCacheBehavior [ RunTime:0.001000s ]
INFO: [ app_begin ] --END-- [ RunTime:0.001000s ]
SQL: SHOW COLUMNS FROM `think_user` [ RunTime:0.0000s ]
SQL: SELECT * FROM `think_user`  [ RunTime:0.0000s ]

[ 2017-08-25T16:44:06+08:00 ] 127.0.0.1 /jiayoulong/Home/Wechat/orderSelect
INFO: [ app_init ] --START--
INFO: Run Behavior\BuildLiteBehavior [ RunTime:0.000000s ]
INFO: [ app_init ] --END-- [ RunTime:0.001000s ]
INFO: [ app_begin ] --START--
INFO: Run Behavior\ReadHtmlCacheBehavior [ RunTime:0.001000s ]
INFO: [ app_begin ] --END-- [ RunTime:0.001000s ]
SQL: SHOW COLUMNS FROM `think_order` [ RunTime:0.0010s ]
SQL: SELECT * FROM `think_order`  [ RunTime:0.0010s ]

[ 2017-08-25T16:44:42+08:00 ] 127.0.0.1 /jiayoulong/Home/Wechat/orderSelect
INFO: [ app_init ] --START--
INFO: Run Behavior\BuildLiteBehavior [ RunTime:0.001000s ]
INFO: [ app_init ] --END-- [ RunTime:0.001000s ]
INFO: [ app_begin ] --START--
INFO: Run Behavior\ReadHtmlCacheBehavior [ RunTime:0.001000s ]
INFO: [ app_begin ] --END-- [ RunTime:0.001000s ]
SQL: SHOW COLUMNS FROM `think_order` [ RunTime:0.0000s ]
SQL: SELECT * FROM `think_order`  [ RunTime:0.0000s ]

[ 2017-08-25T16:44:45+08:00 ] 127.0.0.1 /jiayoulong/Home/Wechat/userSelect
INFO: [ app_init ] --START--
INFO: Run Behavior\BuildLiteBehavior [ RunTime:0.000000s ]
INFO: [ app_init ] --END-- [ RunTime:0.001000s ]
INFO: [ app_begin ] --START--
INFO: Run Behavior\ReadHtmlCacheBehavior [ RunTime:0.000000s ]
INFO: [ app_begin ] --END-- [ RunTime:0.001000s ]
SQL: SHOW COLUMNS FROM `think_user` [ RunTime:0.0000s ]
SQL: SELECT * FROM `think_user`  [ RunTime:0.0010s ]

[ 2017-08-25T16:44:57+08:00 ] 127.0.0.1 /jiayoulong/Home/Wechat/orderSelect
INFO: [ app_init ] --START--
INFO: Run Behavior\BuildLiteBehavior [ RunTime:0.001000s ]
INFO: [ app_init ] --END-- [ RunTime:0.002000s ]
INFO: [ app_begin ] --START--
INFO: Run Behavior\ReadHtmlCacheBehavior [ RunTime:0.001000s ]
INFO: [ app_begin ] --END-- [ RunTime:0.002000s ]
SQL: SHOW COLUMNS FROM `think_order` [ RunTime:0.0010s ]
SQL: SELECT * FROM `think_order`  [ RunTime:0.0000s ]

