[ 2017-08-31T09:32:41+08:00 ] 127.0.0.1 /jiayoulong/Home/Wechat/userLogin?code=013ZP0j80DofPJ1Uxfk80eq1j80ZP0jG
INFO: [ app_init ] --START--
INFO: Run Behavior\BuildLiteBehavior [ RunTime:0.000000s ]
INFO: [ app_init ] --END-- [ RunTime:0.001000s ]
INFO: [ app_begin ] --START--
INFO: Run Behavior\ReadHtmlCacheBehavior [ RunTime:0.000000s ]
INFO: [ app_begin ] --END-- [ RunTime:0.001000s ]

[ 2017-08-31T09:34:02+08:00 ] 127.0.0.1 /jiayoulong/Home/Wechat/userLogin?code=013uD0ck2ZTIFI0nGybk2dk3ck2uD0ck
INFO: [ app_init ] --START--
INFO: Run Behavior\BuildLiteBehavior [ RunTime:0.000000s ]
INFO: [ app_init ] --END-- [ RunTime:0.001000s ]
INFO: [ app_begin ] --START--
INFO: Run Behavior\ReadHtmlCacheBehavior [ RunTime:0.000000s ]
INFO: [ app_begin ] --END-- [ RunTime:0.000000s ]

[ 2017-08-31T09:34:27+08:00 ] 127.0.0.1 /jiayoulong/Home/Wechat/userLogin?code=013CyqvF0fTX6i29mauF0prMvF0Cyqv3
INFO: [ app_init ] --START--
INFO: Run Behavior\BuildLiteBehavior [ RunTime:0.000000s ]
INFO: [ app_init ] --END-- [ RunTime:0.000000s ]
INFO: [ app_begin ] --START--
INFO: Run Behavior\ReadHtmlCacheBehavior [ RunTime:0.001000s ]
INFO: [ app_begin ] --END-- [ RunTime:0.001000s ]

[ 2017-08-31T09:34:48+08:00 ] 127.0.0.1 /jiayoulong/Home/Wechat/userLogin?code=013sAk480bD7zJ15Gh580q4d480sAk4Y
INFO: [ app_init ] --START--
INFO: Run Behavior\BuildLiteBehavior [ RunTime:0.000000s ]
INFO: [ app_init ] --END-- [ RunTime:0.001000s ]
INFO: [ app_begin ] --START--
INFO: Run Behavior\ReadHtmlCacheBehavior [ RunTime:0.001000s ]
INFO: [ app_begin ] --END-- [ RunTime:0.001000s ]

[ 2017-08-31T09:35:02+08:00 ] 127.0.0.1 /jiayoulong/Home/Wechat/userLogin?code=013MaTG42Sk3yK0ZasG429UWG42MaTG3
INFO: [ app_init ] --START--
INFO: Run Behavior\BuildLiteBehavior [ RunTime:0.000000s ]
INFO: [ app_init ] --END-- [ RunTime:0.002000s ]
INFO: [ app_begin ] --START--
INFO: Run Behavior\ReadHtmlCacheBehavior [ RunTime:0.001000s ]
INFO: [ app_begin ] --END-- [ RunTime:0.001000s ]

[ 2017-08-31T09:52:46+08:00 ] 127.0.0.1 /jiayoulong/Home/Wechat/userLogin?code=0033pbpt1XI3oa0fm4st1BqWot13pbpM
INFO: [ app_init ] --START--
INFO: Run Behavior\BuildLiteBehavior [ RunTime:0.000000s ]
INFO: [ app_init ] --END-- [ RunTime:0.001000s ]
INFO: [ app_begin ] --START--
INFO: Run Behavior\ReadHtmlCacheBehavior [ RunTime:0.000000s ]
INFO: [ app_begin ] --END-- [ RunTime:0.001000s ]

[ 2017-08-31T09:52:55+08:00 ] 127.0.0.1 /jiayoulong/Home/Wechat/userLogin?code=003mN4op1l3mco0Kpoqp1RUInp1mN4oP
INFO: [ app_init ] --START--
INFO: Run Behavior\BuildLiteBehavior [ RunTime:0.000000s ]
INFO: [ app_init ] --END-- [ RunTime:0.001000s ]
INFO: [ app_begin ] --START--
INFO: Run Behavior\ReadHtmlCacheBehavior [ RunTime:0.000000s ]
INFO: [ app_begin ] --END-- [ RunTime:0.000000s ]

[ 2017-08-31T09:57:35+08:00 ] 127.0.0.1 /jiayoulong/Home/Wechat/orderAdd?order_number=4264897659819&hotel_name=%E6%B1%89%E5%BA%AD%E9%85%92%E5%BA%97&check_in=2017-5-8&check_out=2017-8-5&price=2400&status=0
INFO: [ app_init ] --START--
INFO: Run Behavior\BuildLiteBehavior [ RunTime:0.000000s ]
INFO: [ app_init ] --END-- [ RunTime:0.001000s ]
INFO: [ app_begin ] --START--
INFO: Run Behavior\ReadHtmlCacheBehavior [ RunTime:0.000000s ]
INFO: [ app_begin ] --END-- [ RunTime:0.000000s ]
SQL: SHOW COLUMNS FROM `think_order` [ RunTime:0.0100s ]
SQL: INSERT INTO `think_order` (`order_number`,`hotel_name`,`check_in`,`check_out`,`price`,`status`) VALUES ('4264897659819','汉庭酒店','2017-5-8','2017-8-5','2400','pendding') [ RunTime:0.0170s ]

[ 2017-08-31T09:58:18+08:00 ] 127.0.0.1 /jiayoulong/Home/Wechat/orderAdd?order_number=4264897659819&hotel_name=%E6%B1%89%E5%BA%AD%E9%85%92%E5%BA%97&check_in=2017-5-8&check_out=2017-8-5&price=2400&status=0
INFO: [ app_init ] --START--
INFO: Run Behavior\BuildLiteBehavior [ RunTime:0.000000s ]
INFO: [ app_init ] --END-- [ RunTime:0.000000s ]
INFO: [ app_begin ] --START--
INFO: Run Behavior\ReadHtmlCacheBehavior [ RunTime:0.000000s ]
INFO: [ app_begin ] --END-- [ RunTime:0.000000s ]
SQL: SHOW COLUMNS FROM `think_order` [ RunTime:0.0010s ]
SQL: INSERT INTO `think_order` (`order_number`,`hotel_name`,`check_in`,`check_out`,`price`,`status`) VALUES ('4264897659819','汉庭酒店','2017-5-8','2017-8-5','2400','0') [ RunTime:0.0000s ]

[ 2017-08-31T10:17:25+08:00 ] 127.0.0.1 /jiayoulong/Home/Whchat/orderSelect
INFO: [ app_init ] --START--
INFO: Run Behavior\BuildLiteBehavior [ RunTime:0.000000s ]
INFO: [ app_init ] --END-- [ RunTime:0.001000s ]
INFO: [ app_begin ] --START--
INFO: Run Behavior\ReadHtmlCacheBehavior [ RunTime:0.001000s ]
INFO: [ app_begin ] --END-- [ RunTime:0.001000s ]
ERR: 无法加载控制器:Whchat

[ 2017-08-31T10:17:25+08:00 ] 127.0.0.1 /jiayoulong/Home/Wechat/userLogin?code=013ZWrGb1r6iGs0kcBGb1FRrGb1ZWrGF
INFO: [ app_init ] --START--
INFO: Run Behavior\BuildLiteBehavior [ RunTime:0.000000s ]
INFO: [ app_init ] --END-- [ RunTime:0.001000s ]
INFO: [ app_begin ] --START--
INFO: Run Behavior\ReadHtmlCacheBehavior [ RunTime:0.001000s ]
INFO: [ app_begin ] --END-- [ RunTime:0.001000s ]

[ 2017-08-31T10:18:46+08:00 ] 127.0.0.1 /jiayoulong/Home/Whchat/orderSelect
INFO: [ app_init ] --START--
INFO: Run Behavior\BuildLiteBehavior [ RunTime:0.000000s ]
INFO: [ app_init ] --END-- [ RunTime:0.001000s ]
INFO: [ app_begin ] --START--
INFO: Run Behavior\ReadHtmlCacheBehavior [ RunTime:0.000000s ]
INFO: [ app_begin ] --END-- [ RunTime:0.002000s ]
ERR: 无法加载控制器:Whchat

[ 2017-08-31T10:18:47+08:00 ] 127.0.0.1 /jiayoulong/Home/Wechat/userLogin?code=0137ZTcu1qI8J90aDebu1nLhdu17ZTcb
INFO: [ app_init ] --START--
INFO: Run Behavior\BuildLiteBehavior [ RunTime:0.000000s ]
INFO: [ app_init ] --END-- [ RunTime:0.002000s ]
INFO: [ app_begin ] --START--
INFO: Run Behavior\ReadHtmlCacheBehavior [ RunTime:0.001000s ]
INFO: [ app_begin ] --END-- [ RunTime:0.001000s ]

[ 2017-08-31T10:20:00+08:00 ] 127.0.0.1 /jiayoulong/Home/Wechat/userLogin?code=013HDFE51U0huN1MwVE51MkQE51HDFE5
INFO: [ app_init ] --START--
INFO: Run Behavior\BuildLiteBehavior [ RunTime:0.000000s ]
INFO: [ app_init ] --END-- [ RunTime:0.001000s ]
INFO: [ app_begin ] --START--
INFO: Run Behavior\ReadHtmlCacheBehavior [ RunTime:0.003000s ]
INFO: [ app_begin ] --END-- [ RunTime:0.003000s ]

[ 2017-08-31T10:20:34+08:00 ] 127.0.0.1 /jiayoulong/Home/Wechat/userLogin?code=003D6Obd1H9fmv0Knqdd1XWUbd1D6Obm
INFO: [ app_init ] --START--
INFO: Run Behavior\BuildLiteBehavior [ RunTime:0.000000s ]
INFO: [ app_init ] --END-- [ RunTime:0.000000s ]
INFO: [ app_begin ] --START--
INFO: Run Behavior\ReadHtmlCacheBehavior [ RunTime:0.000000s ]
INFO: [ app_begin ] --END-- [ RunTime:0.001000s ]

[ 2017-08-31T10:21:44+08:00 ] 127.0.0.1 /jiayoulong/Home/Wechat/userLogin?code=013uS4NZ1EREKX080pOZ1TARMZ1uS4Nk
INFO: [ app_init ] --START--
INFO: Run Behavior\BuildLiteBehavior [ RunTime:0.000000s ]
INFO: [ app_init ] --END-- [ RunTime:0.000000s ]
INFO: [ app_begin ] --START--
INFO: Run Behavior\ReadHtmlCacheBehavior [ RunTime:0.000000s ]
INFO: [ app_begin ] --END-- [ RunTime:0.000000s ]

[ 2017-08-31T10:21:48+08:00 ] 127.0.0.1 /jiayoulong/Home/Wechat/userLogin?code=013pMcX603hOsK1v92Z60k8fX60pMcXP
INFO: [ app_init ] --START--
INFO: Run Behavior\BuildLiteBehavior [ RunTime:0.001000s ]
INFO: [ app_init ] --END-- [ RunTime:0.001000s ]
INFO: [ app_begin ] --START--
INFO: Run Behavior\ReadHtmlCacheBehavior [ RunTime:0.001000s ]
INFO: [ app_begin ] --END-- [ RunTime:0.001000s ]

[ 2017-08-31T10:22:46+08:00 ] 127.0.0.1 /jiayoulong/Home/Whchat/orderSelect
INFO: [ app_init ] --START--
INFO: Run Behavior\BuildLiteBehavior [ RunTime:0.000000s ]
INFO: [ app_init ] --END-- [ RunTime:0.000000s ]
INFO: [ app_begin ] --START--
INFO: Run Behavior\ReadHtmlCacheBehavior [ RunTime:0.001000s ]
INFO: [ app_begin ] --END-- [ RunTime:0.001000s ]
ERR: 无法加载控制器:Whchat

[ 2017-08-31T10:22:47+08:00 ] 127.0.0.1 /jiayoulong/Home/Wechat/userLogin?code=003DQWBF18i6i30YmDDF12pFBF1DQWBj
INFO: [ app_init ] --START--
INFO: Run Behavior\BuildLiteBehavior [ RunTime:0.000000s ]
INFO: [ app_init ] --END-- [ RunTime:0.001000s ]
INFO: [ app_begin ] --START--
INFO: Run Behavior\ReadHtmlCacheBehavior [ RunTime:0.001000s ]
INFO: [ app_begin ] --END-- [ RunTime:0.001000s ]

[ 2017-08-31T10:23:00+08:00 ] 127.0.0.1 /jiayoulong/Home/Wechat/orderSelect
INFO: [ app_init ] --START--
INFO: Run Behavior\BuildLiteBehavior [ RunTime:0.000000s ]
INFO: [ app_init ] --END-- [ RunTime:0.001000s ]
INFO: [ app_begin ] --START--
INFO: Run Behavior\ReadHtmlCacheBehavior [ RunTime:0.000000s ]
INFO: [ app_begin ] --END-- [ RunTime:0.000000s ]
SQL: SHOW COLUMNS FROM `think_order` [ RunTime:0.0010s ]
SQL: SELECT * FROM `think_order`  [ RunTime:0.0000s ]

[ 2017-08-31T10:23:00+08:00 ] 127.0.0.1 /jiayoulong/Home/Wechat/userLogin?code=003JdatB0LApZc2ws0xB07ajtB0Jdatn
INFO: [ app_init ] --START--
INFO: Run Behavior\BuildLiteBehavior [ RunTime:0.000000s ]
INFO: [ app_init ] --END-- [ RunTime:0.000000s ]
INFO: [ app_begin ] --START--
INFO: Run Behavior\ReadHtmlCacheBehavior [ RunTime:0.000000s ]
INFO: [ app_begin ] --END-- [ RunTime:0.000000s ]

[ 2017-08-31T10:23:07+08:00 ] 127.0.0.1 /jiayoulong/Home/Wechat/orderSelect
INFO: [ app_init ] --START--
INFO: Run Behavior\BuildLiteBehavior [ RunTime:0.000000s ]
INFO: [ app_init ] --END-- [ RunTime:0.000000s ]
INFO: [ app_begin ] --START--
INFO: Run Behavior\ReadHtmlCacheBehavior [ RunTime:0.001000s ]
INFO: [ app_begin ] --END-- [ RunTime:0.002000s ]
SQL: SHOW COLUMNS FROM `think_order` [ RunTime:0.0000s ]
SQL: SELECT * FROM `think_order`  [ RunTime:0.0000s ]

[ 2017-08-31T10:23:08+08:00 ] 127.0.0.1 /jiayoulong/Home/Wechat/userLogin?code=003ajJAa10Ya8S1mWvza1euoAa1ajJAb
INFO: [ app_init ] --START--
INFO: Run Behavior\BuildLiteBehavior [ RunTime:0.000000s ]
INFO: [ app_init ] --END-- [ RunTime:0.000000s ]
INFO: [ app_begin ] --START--
INFO: Run Behavior\ReadHtmlCacheBehavior [ RunTime:0.000000s ]
INFO: [ app_begin ] --END-- [ RunTime:0.000000s ]

[ 2017-08-31T10:23:54+08:00 ] 127.0.0.1 /jiayoulong/Home/Whchat/orderSelect
INFO: [ app_init ] --START--
INFO: Run Behavior\BuildLiteBehavior [ RunTime:0.000000s ]
INFO: [ app_init ] --END-- [ RunTime:0.000000s ]
INFO: [ app_begin ] --START--
INFO: Run Behavior\ReadHtmlCacheBehavior [ RunTime:0.001000s ]
INFO: [ app_begin ] --END-- [ RunTime:0.001000s ]
ERR: 无法加载控制器:Whchat

[ 2017-08-31T10:24:03+08:00 ] 127.0.0.1 /jiayoulong/Home/Wechat/orderSelect
INFO: [ app_init ] --START--
INFO: Run Behavior\BuildLiteBehavior [ RunTime:0.000000s ]
INFO: [ app_init ] --END-- [ RunTime:0.001000s ]
INFO: [ app_begin ] --START--
INFO: Run Behavior\ReadHtmlCacheBehavior [ RunTime:0.001000s ]
INFO: [ app_begin ] --END-- [ RunTime:0.001000s ]
SQL: SHOW COLUMNS FROM `think_order` [ RunTime:0.0010s ]
SQL: SELECT * FROM `think_order`  [ RunTime:0.0010s ]

[ 2017-08-31T10:25:14+08:00 ] 127.0.0.1 /jiayoulong/Home/Wechat/orderSelect
INFO: [ app_init ] --START--
INFO: Run Behavior\BuildLiteBehavior [ RunTime:0.000000s ]
INFO: [ app_init ] --END-- [ RunTime:0.001000s ]
INFO: [ app_begin ] --START--
INFO: Run Behavior\ReadHtmlCacheBehavior [ RunTime:0.001000s ]
INFO: [ app_begin ] --END-- [ RunTime:0.001000s ]
SQL: SHOW COLUMNS FROM `think_order` [ RunTime:0.0020s ]
SQL: SELECT * FROM `think_order`  [ RunTime:0.0010s ]

[ 2017-08-31T10:25:15+08:00 ] 127.0.0.1 /jiayoulong/Home/Wechat/orderSelect
INFO: [ app_init ] --START--
INFO: Run Behavior\BuildLiteBehavior [ RunTime:0.000000s ]
INFO: [ app_init ] --END-- [ RunTime:0.001000s ]
INFO: [ app_begin ] --START--
INFO: Run Behavior\ReadHtmlCacheBehavior [ RunTime:0.001000s ]
INFO: [ app_begin ] --END-- [ RunTime:0.001000s ]
SQL: SHOW COLUMNS FROM `think_order` [ RunTime:0.0000s ]
SQL: SELECT * FROM `think_order`  [ RunTime:0.0000s ]

[ 2017-08-31T10:25:16+08:00 ] 127.0.0.1 /jiayoulong/Home/Wechat/orderSelect
INFO: [ app_init ] --START--
INFO: Run Behavior\BuildLiteBehavior [ RunTime:0.000000s ]
INFO: [ app_init ] --END-- [ RunTime:0.001000s ]
INFO: [ app_begin ] --START--
INFO: Run Behavior\ReadHtmlCacheBehavior [ RunTime:0.000000s ]
INFO: [ app_begin ] --END-- [ RunTime:0.002000s ]
SQL: SHOW COLUMNS FROM `think_order` [ RunTime:0.0000s ]
SQL: SELECT * FROM `think_order`  [ RunTime:0.0000s ]

[ 2017-08-31T10:25:16+08:00 ] 127.0.0.1 /jiayoulong/Home/Wechat/orderSelect
INFO: [ app_init ] --START--
INFO: Run Behavior\BuildLiteBehavior [ RunTime:0.000000s ]
INFO: [ app_init ] --END-- [ RunTime:0.001000s ]
INFO: [ app_begin ] --START--
INFO: Run Behavior\ReadHtmlCacheBehavior [ RunTime:0.001000s ]
INFO: [ app_begin ] --END-- [ RunTime:0.002000s ]
SQL: SHOW COLUMNS FROM `think_order` [ RunTime:0.0010s ]
SQL: SELECT * FROM `think_order`  [ RunTime:0.0010s ]

[ 2017-08-31T10:25:16+08:00 ] 127.0.0.1 /jiayoulong/Home/Wechat/orderSelect
INFO: [ app_init ] --START--
INFO: Run Behavior\BuildLiteBehavior [ RunTime:0.000000s ]
INFO: [ app_init ] --END-- [ RunTime:0.001000s ]
INFO: [ app_begin ] --START--
INFO: Run Behavior\ReadHtmlCacheBehavior [ RunTime:0.001000s ]
INFO: [ app_begin ] --END-- [ RunTime:0.001000s ]
SQL: SHOW COLUMNS FROM `think_order` [ RunTime:0.0010s ]
SQL: SELECT * FROM `think_order`  [ RunTime:0.0010s ]

[ 2017-08-31T10:25:17+08:00 ] 127.0.0.1 /jiayoulong/Home/Wechat/orderSelect
INFO: [ app_init ] --START--
INFO: Run Behavior\BuildLiteBehavior [ RunTime:0.000000s ]
INFO: [ app_init ] --END-- [ RunTime:0.002000s ]
INFO: [ app_begin ] --START--
INFO: Run Behavior\ReadHtmlCacheBehavior [ RunTime:0.001000s ]
INFO: [ app_begin ] --END-- [ RunTime:0.001000s ]
SQL: SHOW COLUMNS FROM `think_order` [ RunTime:0.0010s ]
SQL: SELECT * FROM `think_order`  [ RunTime:0.0010s ]

[ 2017-08-31T10:25:48+08:00 ] 127.0.0.1 /jiayoulong/Home/Wechat/userSelect
INFO: [ app_init ] --START--
INFO: Run Behavior\BuildLiteBehavior [ RunTime:0.001000s ]
INFO: [ app_init ] --END-- [ RunTime:0.001000s ]
INFO: [ app_begin ] --START--
INFO: Run Behavior\ReadHtmlCacheBehavior [ RunTime:0.001000s ]
INFO: [ app_begin ] --END-- [ RunTime:0.002000s ]
SQL: SHOW COLUMNS FROM `think_user` [ RunTime:0.0010s ]
SQL: SELECT * FROM `think_user`  [ RunTime:0.0010s ]

[ 2017-08-31T10:26:23+08:00 ] 127.0.0.1 /jiayoulong/Home/Wechat/userSelect
INFO: [ app_init ] --START--
INFO: Run Behavior\BuildLiteBehavior [ RunTime:0.000000s ]
INFO: [ app_init ] --END-- [ RunTime:0.001000s ]
INFO: [ app_begin ] --START--
INFO: Run Behavior\ReadHtmlCacheBehavior [ RunTime:0.001000s ]
INFO: [ app_begin ] --END-- [ RunTime:0.001000s ]
ERR: 1146:Table 'jiayoulong.think_user' doesn't exist
 [ SQL语句 ] : SHOW COLUMNS FROM `think_user`
ERR: 1146:Table 'jiayoulong.think_user' doesn't exist
 [ SQL语句 ] : SHOW COLUMNS FROM `think_user`

[ 2017-08-31T10:26:37+08:00 ] 127.0.0.1 /jiayoulong/Home/Wechat/userSelect
INFO: [ app_init ] --START--
INFO: Run Behavior\BuildLiteBehavior [ RunTime:0.000000s ]
INFO: [ app_init ] --END-- [ RunTime:0.001000s ]
INFO: [ app_begin ] --START--
INFO: Run Behavior\ReadHtmlCacheBehavior [ RunTime:0.000000s ]
INFO: [ app_begin ] --END-- [ RunTime:0.000000s ]
SQL: SHOW COLUMNS FROM `think_user` [ RunTime:0.0010s ]
SQL: SELECT * FROM `think_user`  [ RunTime:0.0010s ]

[ 2017-08-31T10:29:13+08:00 ] 127.0.0.1 /jiayoulong/Home/Wechat/userSelect
INFO: [ app_init ] --START--
INFO: Run Behavior\BuildLiteBehavior [ RunTime:0.000000s ]
INFO: [ app_init ] --END-- [ RunTime:0.001000s ]
INFO: [ app_begin ] --START--
INFO: Run Behavior\ReadHtmlCacheBehavior [ RunTime:0.001000s ]
INFO: [ app_begin ] --END-- [ RunTime:0.001000s ]
SQL: SHOW COLUMNS FROM `think_user` [ RunTime:0.0010s ]
SQL: SELECT * FROM `think_user`  [ RunTime:0.0000s ]

[ 2017-08-31T10:29:14+08:00 ] 127.0.0.1 /jiayoulong/Home/Wechat/userSelect
INFO: [ app_init ] --START--
INFO: Run Behavior\BuildLiteBehavior [ RunTime:0.000000s ]
INFO: [ app_init ] --END-- [ RunTime:0.001000s ]
INFO: [ app_begin ] --START--
INFO: Run Behavior\ReadHtmlCacheBehavior [ RunTime:0.001000s ]
INFO: [ app_begin ] --END-- [ RunTime:0.001000s ]
SQL: SHOW COLUMNS FROM `think_user` [ RunTime:0.0010s ]
SQL: SELECT * FROM `think_user`  [ RunTime:0.0010s ]

[ 2017-08-31T10:29:14+08:00 ] 127.0.0.1 /jiayoulong/Home/Wechat/userSelect
INFO: [ app_init ] --START--
INFO: Run Behavior\BuildLiteBehavior [ RunTime:0.000000s ]
INFO: [ app_init ] --END-- [ RunTime:0.001000s ]
INFO: [ app_begin ] --START--
INFO: Run Behavior\ReadHtmlCacheBehavior [ RunTime:0.000000s ]
INFO: [ app_begin ] --END-- [ RunTime:0.001000s ]
SQL: SHOW COLUMNS FROM `think_user` [ RunTime:0.0010s ]
SQL: SELECT * FROM `think_user`  [ RunTime:0.0000s ]

[ 2017-08-31T10:29:14+08:00 ] 127.0.0.1 /jiayoulong/Home/Wechat/userSelect
INFO: [ app_init ] --START--
INFO: Run Behavior\BuildLiteBehavior [ RunTime:0.000000s ]
INFO: [ app_init ] --END-- [ RunTime:0.001000s ]
INFO: [ app_begin ] --START--
INFO: Run Behavior\ReadHtmlCacheBehavior [ RunTime:0.001000s ]
INFO: [ app_begin ] --END-- [ RunTime:0.002000s ]
SQL: SHOW COLUMNS FROM `think_user` [ RunTime:0.0010s ]
SQL: SELECT * FROM `think_user`  [ RunTime:0.0010s ]

[ 2017-08-31T10:29:21+08:00 ] 127.0.0.1 /jiayoulong/Home/Wechat/userSelect
INFO: [ app_init ] --START--
INFO: Run Behavior\BuildLiteBehavior [ RunTime:0.000000s ]
INFO: [ app_init ] --END-- [ RunTime:0.000000s ]
INFO: [ app_begin ] --START--
INFO: Run Behavior\ReadHtmlCacheBehavior [ RunTime:0.001000s ]
INFO: [ app_begin ] --END-- [ RunTime:0.001000s ]
SQL: SHOW COLUMNS FROM `think_user` [ RunTime:0.0010s ]
SQL: SELECT * FROM `think_user`  [ RunTime:0.0000s ]

[ 2017-08-31T10:29:21+08:00 ] 127.0.0.1 /jiayoulong/Home/Wechat/userSelect
INFO: [ app_init ] --START--
INFO: Run Behavior\BuildLiteBehavior [ RunTime:0.000000s ]
INFO: [ app_init ] --END-- [ RunTime:0.001000s ]
INFO: [ app_begin ] --START--
INFO: Run Behavior\ReadHtmlCacheBehavior [ RunTime:0.001000s ]
INFO: [ app_begin ] --END-- [ RunTime:0.001000s ]
SQL: SHOW COLUMNS FROM `think_user` [ RunTime:0.0010s ]
SQL: SELECT * FROM `think_user`  [ RunTime:0.0000s ]

[ 2017-08-31T10:29:21+08:00 ] 127.0.0.1 /jiayoulong/Home/Wechat/userSelect
INFO: [ app_init ] --START--
INFO: Run Behavior\BuildLiteBehavior [ RunTime:0.000000s ]
INFO: [ app_init ] --END-- [ RunTime:0.001000s ]
INFO: [ app_begin ] --START--
INFO: Run Behavior\ReadHtmlCacheBehavior [ RunTime:0.001000s ]
INFO: [ app_begin ] --END-- [ RunTime:0.001000s ]
SQL: SHOW COLUMNS FROM `think_user` [ RunTime:0.0010s ]
SQL: SELECT * FROM `think_user`  [ RunTime:0.0000s ]

[ 2017-08-31T10:29:27+08:00 ] 127.0.0.1 /jiayoulong/Home/Wechat/orderSelect
INFO: [ app_init ] --START--
INFO: Run Behavior\BuildLiteBehavior [ RunTime:0.000000s ]
INFO: [ app_init ] --END-- [ RunTime:0.001000s ]
INFO: [ app_begin ] --START--
INFO: Run Behavior\ReadHtmlCacheBehavior [ RunTime:0.001000s ]
INFO: [ app_begin ] --END-- [ RunTime:0.001000s ]
SQL: SHOW COLUMNS FROM `think_order` [ RunTime:0.0000s ]
SQL: SELECT * FROM `think_order`  [ RunTime:0.0000s ]

[ 2017-08-31T10:30:04+08:00 ] 127.0.0.1 /jiayoulong/Home/Wechat/orderAdd?order_number=4264897659819&hotel_name=%E6%B1%89%E5%BA%AD%E9%85%92%E5%BA%97&check_in=2017-5-8&check_out=2017-8-5&price=2400&status=0
INFO: [ app_init ] --START--
INFO: Run Behavior\BuildLiteBehavior [ RunTime:0.000000s ]
INFO: [ app_init ] --END-- [ RunTime:0.000000s ]
INFO: [ app_begin ] --START--
INFO: Run Behavior\ReadHtmlCacheBehavior [ RunTime:0.000000s ]
INFO: [ app_begin ] --END-- [ RunTime:0.000000s ]
SQL: SHOW COLUMNS FROM `think_order` [ RunTime:0.0000s ]
SQL: INSERT INTO `think_order` (`order_number`,`hotel_name`,`check_in`,`check_out`,`price`,`status`) VALUES ('4264897659819','汉庭酒店','2017-5-8','2017-8-5','2400','0') [ RunTime:0.0000s ]

[ 2017-08-31T10:30:07+08:00 ] 127.0.0.1 /jiayoulong/Home/Wechat/orderSelect
INFO: [ app_init ] --START--
INFO: Run Behavior\BuildLiteBehavior [ RunTime:0.000000s ]
INFO: [ app_init ] --END-- [ RunTime:0.001000s ]
INFO: [ app_begin ] --START--
INFO: Run Behavior\ReadHtmlCacheBehavior [ RunTime:0.001000s ]
INFO: [ app_begin ] --END-- [ RunTime:0.001000s ]
SQL: SHOW COLUMNS FROM `think_order` [ RunTime:0.0010s ]
SQL: SELECT * FROM `think_order`  [ RunTime:0.0000s ]

[ 2017-08-31T10:30:30+08:00 ] 127.0.0.1 /jiayoulong/Home/Wechat/userAdd?name=yejian&phone=13336666&image=asdfasdf/adsffreerer/asdf.jpg
INFO: [ app_init ] --START--
INFO: Run Behavior\BuildLiteBehavior [ RunTime:0.000000s ]
INFO: [ app_init ] --END-- [ RunTime:0.000000s ]
INFO: [ app_begin ] --START--
INFO: Run Behavior\ReadHtmlCacheBehavior [ RunTime:0.001000s ]
INFO: [ app_begin ] --END-- [ RunTime:0.001000s ]
SQL: SHOW COLUMNS FROM `think_user` [ RunTime:0.0000s ]
SQL: INSERT INTO `think_user` (`name`,`phone`,`image`,`level`,`score`) VALUES ('yejian','13336666','asdfasdf/adsffreerer/asdf.jpg','1','0') [ RunTime:0.0000s ]

[ 2017-08-31T10:30:42+08:00 ] 127.0.0.1 /jiayoulong/Home/Wechat/userSelect
INFO: [ app_init ] --START--
INFO: Run Behavior\BuildLiteBehavior [ RunTime:0.000000s ]
INFO: [ app_init ] --END-- [ RunTime:0.001000s ]
INFO: [ app_begin ] --START--
INFO: Run Behavior\ReadHtmlCacheBehavior [ RunTime:0.001000s ]
INFO: [ app_begin ] --END-- [ RunTime:0.001000s ]
SQL: SHOW COLUMNS FROM `think_user` [ RunTime:0.0000s ]
SQL: SELECT * FROM `think_user`  [ RunTime:0.0000s ]

[ 2017-08-31T10:30:46+08:00 ] 127.0.0.1 /jiayoulong/Home/Wechat/orderSelect
INFO: [ app_init ] --START--
INFO: Run Behavior\BuildLiteBehavior [ RunTime:0.000000s ]
INFO: [ app_init ] --END-- [ RunTime:0.001000s ]
INFO: [ app_begin ] --START--
INFO: Run Behavior\ReadHtmlCacheBehavior [ RunTime:0.001000s ]
INFO: [ app_begin ] --END-- [ RunTime:0.001000s ]
SQL: SHOW COLUMNS FROM `think_order` [ RunTime:0.0010s ]
SQL: SELECT * FROM `think_order`  [ RunTime:0.0000s ]

[ 2017-08-31T10:30:47+08:00 ] 127.0.0.1 /jiayoulong/Home/Wechat/userLogin?code=013gGC7j2Jln2J0xg75j2vhw7j2gGC7p
INFO: [ app_init ] --START--
INFO: Run Behavior\BuildLiteBehavior [ RunTime:0.000000s ]
INFO: [ app_init ] --END-- [ RunTime:0.001000s ]
INFO: [ app_begin ] --START--
INFO: Run Behavior\ReadHtmlCacheBehavior [ RunTime:0.000000s ]
INFO: [ app_begin ] --END-- [ RunTime:0.000000s ]

[ 2017-08-31T10:30:53+08:00 ] 127.0.0.1 /jiayoulong/Home/Wechat/orderSelect
INFO: [ app_init ] --START--
INFO: Run Behavior\BuildLiteBehavior [ RunTime:0.000000s ]
INFO: [ app_init ] --END-- [ RunTime:0.001000s ]
INFO: [ app_begin ] --START--
INFO: Run Behavior\ReadHtmlCacheBehavior [ RunTime:0.001000s ]
INFO: [ app_begin ] --END-- [ RunTime:0.001000s ]
SQL: SHOW COLUMNS FROM `think_order` [ RunTime:0.0010s ]
SQL: SELECT * FROM `think_order`  [ RunTime:0.0000s ]

[ 2017-08-31T10:30:53+08:00 ] 127.0.0.1 /jiayoulong/Home/Wechat/userLogin?code=0136EvIX09BH202dwOHX09hnIX06EvIl
INFO: [ app_init ] --START--
INFO: Run Behavior\BuildLiteBehavior [ RunTime:0.000000s ]
INFO: [ app_init ] --END-- [ RunTime:0.000000s ]
INFO: [ app_begin ] --START--
INFO: Run Behavior\ReadHtmlCacheBehavior [ RunTime:0.001000s ]
INFO: [ app_begin ] --END-- [ RunTime:0.001000s ]

[ 2017-08-31T10:33:18+08:00 ] 127.0.0.1 /jiayoulong/Home/Wechat/orderSelect
INFO: [ app_init ] --START--
INFO: Run Behavior\BuildLiteBehavior [ RunTime:0.000000s ]
INFO: [ app_init ] --END-- [ RunTime:0.001000s ]
INFO: [ app_begin ] --START--
INFO: Run Behavior\ReadHtmlCacheBehavior [ RunTime:0.000000s ]
INFO: [ app_begin ] --END-- [ RunTime:0.000000s ]
SQL: SHOW COLUMNS FROM `think_order` [ RunTime:0.0010s ]
SQL: SELECT * FROM `think_order`  [ RunTime:0.0010s ]

[ 2017-08-31T10:33:18+08:00 ] 127.0.0.1 /jiayoulong/Home/Wechat/userLogin?code=01358M2i043IWz1hMM1i0dM93i058M2k
INFO: [ app_init ] --START--
INFO: Run Behavior\BuildLiteBehavior [ RunTime:0.000000s ]
INFO: [ app_init ] --END-- [ RunTime:0.000000s ]
INFO: [ app_begin ] --START--
INFO: Run Behavior\ReadHtmlCacheBehavior [ RunTime:0.000000s ]
INFO: [ app_begin ] --END-- [ RunTime:0.000000s ]

[ 2017-08-31T10:33:28+08:00 ] 127.0.0.1 /jiayoulong/Home/Wechat/orderSelect
INFO: [ app_init ] --START--
INFO: Run Behavior\BuildLiteBehavior [ RunTime:0.000000s ]
INFO: [ app_init ] --END-- [ RunTime:0.000000s ]
INFO: [ app_begin ] --START--
INFO: Run Behavior\ReadHtmlCacheBehavior [ RunTime:0.001000s ]
INFO: [ app_begin ] --END-- [ RunTime:0.001000s ]
SQL: SHOW COLUMNS FROM `think_order` [ RunTime:0.0000s ]
SQL: SELECT * FROM `think_order`  [ RunTime:0.0000s ]

[ 2017-08-31T10:33:28+08:00 ] 127.0.0.1 /jiayoulong/Home/Wechat/userLogin?code=003WuOEk0KC6Pn108vHk0HUNEk0WuOEc
INFO: [ app_init ] --START--
INFO: Run Behavior\BuildLiteBehavior [ RunTime:0.000000s ]
INFO: [ app_init ] --END-- [ RunTime:0.000000s ]
INFO: [ app_begin ] --START--
INFO: Run Behavior\ReadHtmlCacheBehavior [ RunTime:0.000000s ]
INFO: [ app_begin ] --END-- [ RunTime:0.000000s ]

[ 2017-08-31T10:33:37+08:00 ] 127.0.0.1 /jiayoulong/Home/Wechat/orderSelect
INFO: [ app_init ] --START--
INFO: Run Behavior\BuildLiteBehavior [ RunTime:0.000000s ]
INFO: [ app_init ] --END-- [ RunTime:0.000000s ]
INFO: [ app_begin ] --START--
INFO: Run Behavior\ReadHtmlCacheBehavior [ RunTime:0.001000s ]
INFO: [ app_begin ] --END-- [ RunTime:0.001000s ]
SQL: SHOW COLUMNS FROM `think_order` [ RunTime:0.0000s ]
SQL: SELECT * FROM `think_order`  [ RunTime:0.0000s ]

[ 2017-08-31T10:33:37+08:00 ] 127.0.0.1 /jiayoulong/Home/Wechat/userLogin?code=013GEAC02TyluX0QljE02F1JC02GEACl
INFO: [ app_init ] --START--
INFO: Run Behavior\BuildLiteBehavior [ RunTime:0.000000s ]
INFO: [ app_init ] --END-- [ RunTime:0.000000s ]
INFO: [ app_begin ] --START--
INFO: Run Behavior\ReadHtmlCacheBehavior [ RunTime:0.000000s ]
INFO: [ app_begin ] --END-- [ RunTime:0.000000s ]

[ 2017-08-31T10:35:15+08:00 ] 127.0.0.1 /jiayoulong/Home/Wechat/orderSelect
INFO: [ app_init ] --START--
INFO: Run Behavior\BuildLiteBehavior [ RunTime:0.000000s ]
INFO: [ app_init ] --END-- [ RunTime:0.000000s ]
INFO: [ app_begin ] --START--
INFO: Run Behavior\ReadHtmlCacheBehavior [ RunTime:0.001000s ]
INFO: [ app_begin ] --END-- [ RunTime:0.001000s ]
SQL: SHOW COLUMNS FROM `think_order` [ RunTime:0.0000s ]
SQL: SELECT * FROM `think_order`  [ RunTime:0.0010s ]

[ 2017-08-31T10:35:15+08:00 ] 127.0.0.1 /jiayoulong/Home/Wechat/userLogin?code=003MvZio1v3qzo0vhrko1pHVio1MvZii
INFO: [ app_init ] --START--
INFO: Run Behavior\BuildLiteBehavior [ RunTime:0.000000s ]
INFO: [ app_init ] --END-- [ RunTime:0.000000s ]
INFO: [ app_begin ] --START--
INFO: Run Behavior\ReadHtmlCacheBehavior [ RunTime:0.000000s ]
INFO: [ app_begin ] --END-- [ RunTime:0.000000s ]

[ 2017-08-31T10:35:20+08:00 ] 127.0.0.1 /jiayoulong/Home/Wechat/userLogin?code=003UH7562DK64N0wHF662ClU462UH759
INFO: [ app_init ] --START--
INFO: Run Behavior\BuildLiteBehavior [ RunTime:0.000000s ]
INFO: [ app_init ] --END-- [ RunTime:0.000000s ]
INFO: [ app_begin ] --START--
INFO: Run Behavior\ReadHtmlCacheBehavior [ RunTime:0.001000s ]
INFO: [ app_begin ] --END-- [ RunTime:0.001000s ]

[ 2017-08-31T10:35:21+08:00 ] 127.0.0.1 /jiayoulong/Home/Wechat/orderSelect
INFO: [ app_init ] --START--
INFO: Run Behavior\BuildLiteBehavior [ RunTime:0.000000s ]
INFO: [ app_init ] --END-- [ RunTime:0.000000s ]
INFO: [ app_begin ] --START--
INFO: Run Behavior\ReadHtmlCacheBehavior [ RunTime:0.000000s ]
INFO: [ app_begin ] --END-- [ RunTime:0.000000s ]
SQL: SHOW COLUMNS FROM `think_order` [ RunTime:0.0010s ]
SQL: SELECT * FROM `think_order`  [ RunTime:0.0000s ]

[ 2017-08-31T10:35:25+08:00 ] 127.0.0.1 /jiayoulong/Home/Wechat/userLogin?code=003MmKZu1EtYm906XpYu1oelZu1MmKZu
INFO: [ app_init ] --START--
INFO: Run Behavior\BuildLiteBehavior [ RunTime:0.000000s ]
INFO: [ app_init ] --END-- [ RunTime:0.001000s ]
INFO: [ app_begin ] --START--
INFO: Run Behavior\ReadHtmlCacheBehavior [ RunTime:0.000000s ]
INFO: [ app_begin ] --END-- [ RunTime:0.001000s ]

[ 2017-08-31T10:35:26+08:00 ] 127.0.0.1 /jiayoulong/Home/Wechat/orderSelect
INFO: [ app_init ] --START--
INFO: Run Behavior\BuildLiteBehavior [ RunTime:0.000000s ]
INFO: [ app_init ] --END-- [ RunTime:0.000000s ]
INFO: [ app_begin ] --START--
INFO: Run Behavior\ReadHtmlCacheBehavior [ RunTime:0.001000s ]
INFO: [ app_begin ] --END-- [ RunTime:0.001000s ]
SQL: SHOW COLUMNS FROM `think_order` [ RunTime:0.0000s ]
SQL: SELECT * FROM `think_order`  [ RunTime:0.0000s ]

[ 2017-08-31T10:37:01+08:00 ] 127.0.0.1 /jiayoulong/Home/Wechat/userLogin?code=013I6Yq80XDTCJ1eGXp80ufzq80I6YqN
INFO: [ app_init ] --START--
INFO: Run Behavior\BuildLiteBehavior [ RunTime:0.000000s ]
INFO: [ app_init ] --END-- [ RunTime:0.001000s ]
INFO: [ app_begin ] --START--
INFO: Run Behavior\ReadHtmlCacheBehavior [ RunTime:0.001000s ]
INFO: [ app_begin ] --END-- [ RunTime:0.001000s ]

[ 2017-08-31T10:37:01+08:00 ] 127.0.0.1 /jiayoulong/Home/Wechat/orderSelect
INFO: [ app_init ] --START--
INFO: Run Behavior\BuildLiteBehavior [ RunTime:0.000000s ]
INFO: [ app_init ] --END-- [ RunTime:0.001000s ]
INFO: [ app_begin ] --START--
INFO: Run Behavior\ReadHtmlCacheBehavior [ RunTime:0.001000s ]
INFO: [ app_begin ] --END-- [ RunTime:0.001000s ]
SQL: SHOW COLUMNS FROM `think_order` [ RunTime:0.0010s ]
SQL: SELECT * FROM `think_order`  [ RunTime:0.0010s ]

[ 2017-08-31T10:37:21+08:00 ] 127.0.0.1 /jiayoulong/Home/Wechat/orderSelect
INFO: [ app_init ] --START--
INFO: Run Behavior\BuildLiteBehavior [ RunTime:0.000000s ]
INFO: [ app_init ] --END-- [ RunTime:0.001000s ]
INFO: [ app_begin ] --START--
INFO: Run Behavior\ReadHtmlCacheBehavior [ RunTime:0.000000s ]
INFO: [ app_begin ] --END-- [ RunTime:0.001000s ]
SQL: SHOW COLUMNS FROM `think_order` [ RunTime:0.0000s ]
SQL: SELECT * FROM `think_order`  [ RunTime:0.0000s ]

[ 2017-08-31T10:37:21+08:00 ] 127.0.0.1 /jiayoulong/Home/Wechat/userLogin?code=013BISQF06Xwti2ld2PF09FUQF0BISQm
INFO: [ app_init ] --START--
INFO: Run Behavior\BuildLiteBehavior [ RunTime:0.000000s ]
INFO: [ app_init ] --END-- [ RunTime:0.001000s ]
INFO: [ app_begin ] --START--
INFO: Run Behavior\ReadHtmlCacheBehavior [ RunTime:0.001000s ]
INFO: [ app_begin ] --END-- [ RunTime:0.001000s ]

[ 2017-08-31T10:37:46+08:00 ] 127.0.0.1 /jiayoulong/Home/Wechat/userLogin?code=013A7qls0hcQ9c1iYqls0JPcls0A7qlE
INFO: [ app_init ] --START--
INFO: Run Behavior\BuildLiteBehavior [ RunTime:0.000000s ]
INFO: [ app_init ] --END-- [ RunTime:0.000000s ]
INFO: [ app_begin ] --START--
INFO: Run Behavior\ReadHtmlCacheBehavior [ RunTime:0.001000s ]
INFO: [ app_begin ] --END-- [ RunTime:0.001000s ]

[ 2017-08-31T10:37:46+08:00 ] 127.0.0.1 /jiayoulong/Home/Wechat/orderSelect
INFO: [ app_init ] --START--
INFO: Run Behavior\BuildLiteBehavior [ RunTime:0.000000s ]
INFO: [ app_init ] --END-- [ RunTime:0.001000s ]
INFO: [ app_begin ] --START--
INFO: Run Behavior\ReadHtmlCacheBehavior [ RunTime:0.003000s ]
INFO: [ app_begin ] --END-- [ RunTime:0.003000s ]
SQL: SHOW COLUMNS FROM `think_order` [ RunTime:0.0010s ]
SQL: SELECT * FROM `think_order`  [ RunTime:0.0010s ]

[ 2017-08-31T10:38:11+08:00 ] 127.0.0.1 /jiayoulong/Home/Wechat/userLogin?code=003GnVuH19lm160cgxvH1opJuH1GnVuT
INFO: [ app_init ] --START--
INFO: Run Behavior\BuildLiteBehavior [ RunTime:0.000000s ]
INFO: [ app_init ] --END-- [ RunTime:0.000000s ]
INFO: [ app_begin ] --START--
INFO: Run Behavior\ReadHtmlCacheBehavior [ RunTime:0.001000s ]
INFO: [ app_begin ] --END-- [ RunTime:0.001000s ]

[ 2017-08-31T10:38:11+08:00 ] 127.0.0.1 /jiayoulong/Home/Wechat/orderSelect
INFO: [ app_init ] --START--
INFO: Run Behavior\BuildLiteBehavior [ RunTime:0.000000s ]
INFO: [ app_init ] --END-- [ RunTime:0.000000s ]
INFO: [ app_begin ] --START--
INFO: Run Behavior\ReadHtmlCacheBehavior [ RunTime:0.001000s ]
INFO: [ app_begin ] --END-- [ RunTime:0.001000s ]
SQL: SHOW COLUMNS FROM `think_order` [ RunTime:0.0010s ]
SQL: SELECT * FROM `think_order`  [ RunTime:0.0010s ]

[ 2017-08-31T10:38:39+08:00 ] 127.0.0.1 /jiayoulong/Home/Wechat/orderSelect
INFO: [ app_init ] --START--
INFO: Run Behavior\BuildLiteBehavior [ RunTime:0.000000s ]
INFO: [ app_init ] --END-- [ RunTime:0.001000s ]
INFO: [ app_begin ] --START--
INFO: Run Behavior\ReadHtmlCacheBehavior [ RunTime:0.000000s ]
INFO: [ app_begin ] --END-- [ RunTime:0.000000s ]
SQL: SHOW COLUMNS FROM `think_order` [ RunTime:0.0010s ]
SQL: SELECT * FROM `think_order`  [ RunTime:0.0010s ]

[ 2017-08-31T10:38:39+08:00 ] 127.0.0.1 /jiayoulong/Home/Wechat/userLogin?code=003kmKGi1Y2lSy0XgdHi1NWBGi1kmKGF
INFO: [ app_init ] --START--
INFO: Run Behavior\BuildLiteBehavior [ RunTime:0.000000s ]
INFO: [ app_init ] --END-- [ RunTime:0.001000s ]
INFO: [ app_begin ] --START--
INFO: Run Behavior\ReadHtmlCacheBehavior [ RunTime:0.000000s ]
INFO: [ app_begin ] --END-- [ RunTime:0.001000s ]

[ 2017-08-31T10:38:51+08:00 ] 127.0.0.1 /jiayoulong/Home/Wechat/userLogin?code=003z5zSw0klQHg1OjLTw0XJgSw0z5zS5
INFO: [ app_init ] --START--
INFO: Run Behavior\BuildLiteBehavior [ RunTime:0.000000s ]
INFO: [ app_init ] --END-- [ RunTime:0.000000s ]
INFO: [ app_begin ] --START--
INFO: Run Behavior\ReadHtmlCacheBehavior [ RunTime:0.000000s ]
INFO: [ app_begin ] --END-- [ RunTime:0.000000s ]

[ 2017-08-31T10:38:51+08:00 ] 127.0.0.1 /jiayoulong/Home/Wechat/orderSelect
INFO: [ app_init ] --START--
INFO: Run Behavior\BuildLiteBehavior [ RunTime:0.000000s ]
INFO: [ app_init ] --END-- [ RunTime:0.000000s ]
INFO: [ app_begin ] --START--
INFO: Run Behavior\ReadHtmlCacheBehavior [ RunTime:0.002000s ]
INFO: [ app_begin ] --END-- [ RunTime:0.002000s ]
SQL: SHOW COLUMNS FROM `think_order` [ RunTime:0.0010s ]
SQL: SELECT * FROM `think_order`  [ RunTime:0.0000s ]

[ 2017-08-31T10:39:20+08:00 ] 127.0.0.1 /jiayoulong/Home/Wechat/userLogin?code=013xRpMj0HKIEk126hLj0090Mj0xRpMg
INFO: [ app_init ] --START--
INFO: Run Behavior\BuildLiteBehavior [ RunTime:0.000000s ]
INFO: [ app_init ] --END-- [ RunTime:0.001000s ]
INFO: [ app_begin ] --START--
INFO: Run Behavior\ReadHtmlCacheBehavior [ RunTime:0.001000s ]
INFO: [ app_begin ] --END-- [ RunTime:0.001000s ]

[ 2017-08-31T10:39:20+08:00 ] 127.0.0.1 /jiayoulong/Home/Wechat/orderSelect
INFO: [ app_init ] --START--
INFO: Run Behavior\BuildLiteBehavior [ RunTime:0.001000s ]
INFO: [ app_init ] --END-- [ RunTime:0.001000s ]
INFO: [ app_begin ] --START--
INFO: Run Behavior\ReadHtmlCacheBehavior [ RunTime:0.001000s ]
INFO: [ app_begin ] --END-- [ RunTime:0.001000s ]
SQL: SHOW COLUMNS FROM `think_order` [ RunTime:0.0020s ]
SQL: SELECT * FROM `think_order`  [ RunTime:0.0000s ]

[ 2017-08-31T10:39:27+08:00 ] 127.0.0.1 /jiayoulong/Home/Wechat/orderSelect
INFO: [ app_init ] --START--
INFO: Run Behavior\BuildLiteBehavior [ RunTime:0.000000s ]
INFO: [ app_init ] --END-- [ RunTime:0.001000s ]
INFO: [ app_begin ] --START--
INFO: Run Behavior\ReadHtmlCacheBehavior [ RunTime:0.000000s ]
INFO: [ app_begin ] --END-- [ RunTime:0.000000s ]
SQL: SHOW COLUMNS FROM `think_order` [ RunTime:0.0010s ]
SQL: SELECT * FROM `think_order`  [ RunTime:0.0010s ]

[ 2017-08-31T10:39:27+08:00 ] 127.0.0.1 /jiayoulong/Home/Wechat/userLogin?code=003MtmNg2cvnKG0DJZOg2kcpNg2MtmNR
INFO: [ app_init ] --START--
INFO: Run Behavior\BuildLiteBehavior [ RunTime:0.000000s ]
INFO: [ app_init ] --END-- [ RunTime:0.001000s ]
INFO: [ app_begin ] --START--
INFO: Run Behavior\ReadHtmlCacheBehavior [ RunTime:0.001000s ]
INFO: [ app_begin ] --END-- [ RunTime:0.001000s ]

[ 2017-08-31T10:39:30+08:00 ] 127.0.0.1 /jiayoulong/Home/Wechat/userLogin?code=003JKT1P0m26e927AM2P0FNT1P0JKT1m
INFO: [ app_init ] --START--
INFO: Run Behavior\BuildLiteBehavior [ RunTime:0.000000s ]
INFO: [ app_init ] --END-- [ RunTime:0.001000s ]
INFO: [ app_begin ] --START--
INFO: Run Behavior\ReadHtmlCacheBehavior [ RunTime:0.000000s ]
INFO: [ app_begin ] --END-- [ RunTime:0.000000s ]

[ 2017-08-31T10:39:30+08:00 ] 127.0.0.1 /jiayoulong/Home/Wechat/orderSelect
INFO: [ app_init ] --START--
INFO: Run Behavior\BuildLiteBehavior [ RunTime:0.000000s ]
INFO: [ app_init ] --END-- [ RunTime:0.000000s ]
INFO: [ app_begin ] --START--
INFO: Run Behavior\ReadHtmlCacheBehavior [ RunTime:0.000000s ]
INFO: [ app_begin ] --END-- [ RunTime:0.000000s ]
SQL: SHOW COLUMNS FROM `think_order` [ RunTime:0.0010s ]
SQL: SELECT * FROM `think_order`  [ RunTime:0.0010s ]

[ 2017-08-31T10:45:41+08:00 ] 127.0.0.1 /jiayoulong/Home/Wechat/orderSelect
INFO: [ app_init ] --START--
INFO: Run Behavior\BuildLiteBehavior [ RunTime:0.000000s ]
INFO: [ app_init ] --END-- [ RunTime:0.000000s ]
INFO: [ app_begin ] --START--
INFO: Run Behavior\ReadHtmlCacheBehavior [ RunTime:0.000000s ]
INFO: [ app_begin ] --END-- [ RunTime:0.001000s ]
SQL: SHOW COLUMNS FROM `think_order` [ RunTime:0.0010s ]
SQL: SELECT * FROM `think_order`  [ RunTime:0.0010s ]

[ 2017-08-31T10:45:41+08:00 ] 127.0.0.1 /jiayoulong/Home/Wechat/userLogin?code=003zoPCW0KyjnW14BiGW0WF5DW0zoPC9
INFO: [ app_init ] --START--
INFO: Run Behavior\BuildLiteBehavior [ RunTime:0.000000s ]
INFO: [ app_init ] --END-- [ RunTime:0.000000s ]
INFO: [ app_begin ] --START--
INFO: Run Behavior\ReadHtmlCacheBehavior [ RunTime:0.000000s ]
INFO: [ app_begin ] --END-- [ RunTime:0.000000s ]

[ 2017-08-31T10:46:04+08:00 ] 127.0.0.1 /jiayoulong/Home/Wechat/orderSelect
INFO: [ app_init ] --START--
INFO: Run Behavior\BuildLiteBehavior [ RunTime:0.000000s ]
INFO: [ app_init ] --END-- [ RunTime:0.001000s ]
INFO: [ app_begin ] --START--
INFO: Run Behavior\ReadHtmlCacheBehavior [ RunTime:0.000000s ]
INFO: [ app_begin ] --END-- [ RunTime:0.001000s ]
SQL: SHOW COLUMNS FROM `think_order` [ RunTime:0.0000s ]
SQL: SELECT * FROM `think_order`  [ RunTime:0.0000s ]

[ 2017-08-31T10:46:04+08:00 ] 127.0.0.1 /jiayoulong/Home/Wechat/userLogin?code=013WtEWP1uptn81MSJTP1J3kWP1WtEW2
INFO: [ app_init ] --START--
INFO: Run Behavior\BuildLiteBehavior [ RunTime:0.000000s ]
INFO: [ app_init ] --END-- [ RunTime:0.000000s ]
INFO: [ app_begin ] --START--
INFO: Run Behavior\ReadHtmlCacheBehavior [ RunTime:0.001000s ]
INFO: [ app_begin ] --END-- [ RunTime:0.001000s ]

[ 2017-08-31T10:46:05+08:00 ] 127.0.0.1 /jiayoulong/Home/Wechat/orderSelect
INFO: [ app_init ] --START--
INFO: Run Behavior\BuildLiteBehavior [ RunTime:0.000000s ]
INFO: [ app_init ] --END-- [ RunTime:0.001000s ]
INFO: [ app_begin ] --START--
INFO: Run Behavior\ReadHtmlCacheBehavior [ RunTime:0.000000s ]
INFO: [ app_begin ] --END-- [ RunTime:0.001000s ]
SQL: SHOW COLUMNS FROM `think_order` [ RunTime:0.0000s ]
SQL: SELECT * FROM `think_order`  [ RunTime:0.0000s ]

[ 2017-08-31T10:46:05+08:00 ] 127.0.0.1 /jiayoulong/Home/Wechat/userLogin?code=0037GHPE0CcISe2FOCQE0zxKPE07GHPf
INFO: [ app_init ] --START--
INFO: Run Behavior\BuildLiteBehavior [ RunTime:0.001000s ]
INFO: [ app_init ] --END-- [ RunTime:0.001000s ]
INFO: [ app_begin ] --START--
INFO: Run Behavior\ReadHtmlCacheBehavior [ RunTime:0.001000s ]
INFO: [ app_begin ] --END-- [ RunTime:0.001000s ]

[ 2017-08-31T10:52:28+08:00 ] 127.0.0.1 /jiayoulong/Home/Wechat/orderAdd?order_number=4264897659819&hotel_name=%E6%B1%89%E5%BA%AD%E9%85%92%E5%BA%971111111&check_in=2017-5-8&check_out=2017-8-5&price=2400&status=1
INFO: [ app_init ] --START--
INFO: Run Behavior\BuildLiteBehavior [ RunTime:0.000000s ]
INFO: [ app_init ] --END-- [ RunTime:0.000000s ]
INFO: [ app_begin ] --START--
INFO: Run Behavior\ReadHtmlCacheBehavior [ RunTime:0.000000s ]
INFO: [ app_begin ] --END-- [ RunTime:0.000000s ]
SQL: SHOW COLUMNS FROM `think_order` [ RunTime:0.0010s ]
SQL: INSERT INTO `think_order` (`order_number`,`hotel_name`,`check_in`,`check_out`,`price`,`status`) VALUES ('4264897659819','汉庭酒店1111111','2017-5-8','2017-8-5','2400','1') [ RunTime:0.0010s ]

[ 2017-08-31T10:52:39+08:00 ] 127.0.0.1 /jiayoulong/Home/Wechat/orderAdd?order_number=4264897659819&hotel_name=%E6%B1%89%E5%BA%AD%E9%85%92%E5%BA%972222222&check_in=2017-5-8&check_out=2017-8-5&price=2400&status=2
INFO: [ app_init ] --START--
INFO: Run Behavior\BuildLiteBehavior [ RunTime:0.000000s ]
INFO: [ app_init ] --END-- [ RunTime:0.001000s ]
INFO: [ app_begin ] --START--
INFO: Run Behavior\ReadHtmlCacheBehavior [ RunTime:0.001000s ]
INFO: [ app_begin ] --END-- [ RunTime:0.001000s ]
SQL: SHOW COLUMNS FROM `think_order` [ RunTime:0.0010s ]
SQL: INSERT INTO `think_order` (`order_number`,`hotel_name`,`check_in`,`check_out`,`price`,`status`) VALUES ('4264897659819','汉庭酒店2222222','2017-5-8','2017-8-5','2400','2') [ RunTime:0.0010s ]

[ 2017-08-31T10:52:46+08:00 ] 127.0.0.1 /jiayoulong/Home/Wechat/orderAdd?order_number=4264897659819&hotel_name=%E6%B1%89%E5%BA%AD%E9%85%92%E5%BA%973333333&check_in=2017-5-8&check_out=2017-8-5&price=2400&status=3
INFO: [ app_init ] --START--
INFO: Run Behavior\BuildLiteBehavior [ RunTime:0.000000s ]
INFO: [ app_init ] --END-- [ RunTime:0.001000s ]
INFO: [ app_begin ] --START--
INFO: Run Behavior\ReadHtmlCacheBehavior [ RunTime:0.001000s ]
INFO: [ app_begin ] --END-- [ RunTime:0.001000s ]
SQL: SHOW COLUMNS FROM `think_order` [ RunTime:0.0010s ]
SQL: INSERT INTO `think_order` (`order_number`,`hotel_name`,`check_in`,`check_out`,`price`,`status`) VALUES ('4264897659819','汉庭酒店3333333','2017-5-8','2017-8-5','2400','3') [ RunTime:0.0010s ]

[ 2017-08-31T10:53:12+08:00 ] 127.0.0.1 /jiayoulong/Home/Wechat/orderAdd?order_number=4264897659819&hotel_name=%E6%B1%89%E5%BA%AD%E9%85%92%E5%BA%9733333333333&check_in=2017-5-8&check_out=2017-8-5&price=2400&status=3
INFO: [ app_init ] --START--
INFO: Run Behavior\BuildLiteBehavior [ RunTime:0.001000s ]
INFO: [ app_init ] --END-- [ RunTime:0.001000s ]
INFO: [ app_begin ] --START--
INFO: Run Behavior\ReadHtmlCacheBehavior [ RunTime:0.001000s ]
INFO: [ app_begin ] --END-- [ RunTime:0.001000s ]
SQL: SHOW COLUMNS FROM `think_order` [ RunTime:0.0000s ]
SQL: INSERT INTO `think_order` (`order_number`,`hotel_name`,`check_in`,`check_out`,`price`,`status`) VALUES ('4264897659819','汉庭酒店33333333333','2017-5-8','2017-8-5','2400','3') [ RunTime:0.0000s ]

[ 2017-08-31T10:53:20+08:00 ] 127.0.0.1 /jiayoulong/Home/Wechat/orderAdd?order_number=4264897659819&hotel_name=%E6%B1%89%E5%BA%AD%E9%85%92%E5%BA%97111&check_in=2017-5-8&check_out=2017-8-5&price=2400&status=1
INFO: [ app_init ] --START--
INFO: Run Behavior\BuildLiteBehavior [ RunTime:0.000000s ]
INFO: [ app_init ] --END-- [ RunTime:0.002000s ]
INFO: [ app_begin ] --START--
INFO: Run Behavior\ReadHtmlCacheBehavior [ RunTime:0.001000s ]
INFO: [ app_begin ] --END-- [ RunTime:0.002000s ]
SQL: SHOW COLUMNS FROM `think_order` [ RunTime:0.0010s ]
SQL: INSERT INTO `think_order` (`order_number`,`hotel_name`,`check_in`,`check_out`,`price`,`status`) VALUES ('4264897659819','汉庭酒店111','2017-5-8','2017-8-5','2400','1') [ RunTime:0.0000s ]

[ 2017-08-31T10:54:05+08:00 ] 127.0.0.1 /jiayoulong/Home/Wechat/orderSelectByStatus?status=0
INFO: [ app_init ] --START--
INFO: Run Behavior\BuildLiteBehavior [ RunTime:0.000000s ]
INFO: [ app_init ] --END-- [ RunTime:0.001000s ]
INFO: [ app_begin ] --START--
INFO: Run Behavior\ReadHtmlCacheBehavior [ RunTime:0.002000s ]
INFO: [ app_begin ] --END-- [ RunTime:0.002000s ]
SQL: SHOW COLUMNS FROM `think_order` [ RunTime:0.0000s ]
NOTIC: [8] Undefined index: status D:\wamp64\www\jiayoulong\Application\Home\Controller\WechatController.class.php 第 130 行.
SQL: SELECT * FROM `think_order` WHERE `status` = null  [ RunTime:0.0000s ]

[ 2017-08-31T10:54:05+08:00 ] 127.0.0.1 /jiayoulong/Home/Wechat/userLogin?code=003COO9V19B11U0RUFcV1LmU9V1COO93
INFO: [ app_init ] --START--
INFO: Run Behavior\BuildLiteBehavior [ RunTime:0.000000s ]
INFO: [ app_init ] --END-- [ RunTime:0.001000s ]
INFO: [ app_begin ] --START--
INFO: Run Behavior\ReadHtmlCacheBehavior [ RunTime:0.001000s ]
INFO: [ app_begin ] --END-- [ RunTime:0.001000s ]

[ 2017-08-31T10:54:51+08:00 ] 127.0.0.1 /jiayoulong/Home/Wechat/userLogin?code=013PUYxv1K73md0v8hAv13DXxv1PUYxU
INFO: [ app_init ] --START--
INFO: Run Behavior\BuildLiteBehavior [ RunTime:0.000000s ]
INFO: [ app_init ] --END-- [ RunTime:0.000000s ]
INFO: [ app_begin ] --START--
INFO: Run Behavior\ReadHtmlCacheBehavior [ RunTime:0.001000s ]
INFO: [ app_begin ] --END-- [ RunTime:0.001000s ]

[ 2017-08-31T10:54:51+08:00 ] 127.0.0.1 /jiayoulong/Home/Wechat/orderSelectByStatus
INFO: [ app_init ] --START--
INFO: Run Behavior\BuildLiteBehavior [ RunTime:0.000000s ]
INFO: [ app_init ] --END-- [ RunTime:0.001000s ]
INFO: [ app_begin ] --START--
INFO: Run Behavior\ReadHtmlCacheBehavior [ RunTime:0.000000s ]
INFO: [ app_begin ] --END-- [ RunTime:0.000000s ]
SQL: SHOW COLUMNS FROM `think_order` [ RunTime:0.0000s ]
NOTIC: [8] Undefined index: status D:\wamp64\www\jiayoulong\Application\Home\Controller\WechatController.class.php 第 130 行.
SQL: SELECT * FROM `think_order` WHERE `status` = null  [ RunTime:0.0000s ]

[ 2017-08-31T10:55:38+08:00 ] 127.0.0.1 /jiayoulong/Home/Wechat/orderSelectByStatus
INFO: [ app_init ] --START--
INFO: Run Behavior\BuildLiteBehavior [ RunTime:0.000000s ]
INFO: [ app_init ] --END-- [ RunTime:0.000000s ]
INFO: [ app_begin ] --START--
INFO: Run Behavior\ReadHtmlCacheBehavior [ RunTime:0.000000s ]
INFO: [ app_begin ] --END-- [ RunTime:0.001000s ]
SQL: SHOW COLUMNS FROM `think_order` [ RunTime:0.0010s ]
SQL: SELECT * FROM `think_order` WHERE `status` = '0'  [ RunTime:0.0000s ]

[ 2017-08-31T10:56:36+08:00 ] 127.0.0.1 /jiayoulong/Home/Wechat/orderSelectByStatus
INFO: [ app_init ] --START--
INFO: Run Behavior\BuildLiteBehavior [ RunTime:0.000000s ]
INFO: [ app_init ] --END-- [ RunTime:0.001000s ]
INFO: [ app_begin ] --START--
INFO: Run Behavior\ReadHtmlCacheBehavior [ RunTime:0.001000s ]
INFO: [ app_begin ] --END-- [ RunTime:0.001000s ]
SQL: SHOW COLUMNS FROM `think_order` [ RunTime:0.0010s ]
NOTIC: [8] Undefined index: status D:\wamp64\www\jiayoulong\Application\Home\Controller\WechatController.class.php 第 130 行.
SQL: SELECT * FROM `think_order` WHERE `status` = null  [ RunTime:0.0000s ]

[ 2017-08-31T10:56:38+08:00 ] 127.0.0.1 /jiayoulong/Home/Wechat/orderSelectByStatus
INFO: [ app_init ] --START--
INFO: Run Behavior\BuildLiteBehavior [ RunTime:0.001000s ]
INFO: [ app_init ] --END-- [ RunTime:0.001000s ]
INFO: [ app_begin ] --START--
INFO: Run Behavior\ReadHtmlCacheBehavior [ RunTime:0.001000s ]
INFO: [ app_begin ] --END-- [ RunTime:0.001000s ]
SQL: SHOW COLUMNS FROM `think_order` [ RunTime:0.0010s ]
NOTIC: [8] Undefined index: status D:\wamp64\www\jiayoulong\Application\Home\Controller\WechatController.class.php 第 130 行.
SQL: SELECT * FROM `think_order` WHERE `status` = null  [ RunTime:0.0010s ]

[ 2017-08-31T10:56:38+08:00 ] 127.0.0.1 /jiayoulong/Home/Wechat/orderSelectByStatus
INFO: [ app_init ] --START--
INFO: Run Behavior\BuildLiteBehavior [ RunTime:0.000000s ]
INFO: [ app_init ] --END-- [ RunTime:0.001000s ]
INFO: [ app_begin ] --START--
INFO: Run Behavior\ReadHtmlCacheBehavior [ RunTime:0.001000s ]
INFO: [ app_begin ] --END-- [ RunTime:0.001000s ]
SQL: SHOW COLUMNS FROM `think_order` [ RunTime:0.0010s ]
NOTIC: [8] Undefined index: status D:\wamp64\www\jiayoulong\Application\Home\Controller\WechatController.class.php 第 130 行.
SQL: SELECT * FROM `think_order` WHERE `status` = null  [ RunTime:0.0010s ]

[ 2017-08-31T10:57:33+08:00 ] 127.0.0.1 /jiayoulong/Home/Wechat/orderSelectByStatus
INFO: [ app_init ] --START--
INFO: Run Behavior\BuildLiteBehavior [ RunTime:0.000000s ]
INFO: [ app_init ] --END-- [ RunTime:0.001000s ]
INFO: [ app_begin ] --START--
INFO: Run Behavior\ReadHtmlCacheBehavior [ RunTime:0.000000s ]
INFO: [ app_begin ] --END-- [ RunTime:0.001000s ]
SQL: SHOW COLUMNS FROM `think_order` [ RunTime:0.0010s ]
NOTIC: [8] Undefined index: status D:\wamp64\www\jiayoulong\Application\Home\Controller\WechatController.class.php 第 130 行.
NOTIC: [8] Undefined index: status D:\wamp64\www\jiayoulong\Application\Home\Controller\WechatController.class.php 第 134 行.

[ 2017-08-31T10:57:33+08:00 ] 127.0.0.1 /jiayoulong/Home/Wechat/userLogin?code=013YlIn51JJ6pO1vmfm5130Mn51YlInN
INFO: [ app_init ] --START--
INFO: Run Behavior\BuildLiteBehavior [ RunTime:0.000000s ]
INFO: [ app_init ] --END-- [ RunTime:0.003000s ]
INFO: [ app_begin ] --START--
INFO: Run Behavior\ReadHtmlCacheBehavior [ RunTime:0.001000s ]
INFO: [ app_begin ] --END-- [ RunTime:0.002000s ]

[ 2017-08-31T10:57:44+08:00 ] 127.0.0.1 /jiayoulong/Home/Wechat/orderSelectByStatus
INFO: [ app_init ] --START--
INFO: Run Behavior\BuildLiteBehavior [ RunTime:0.001000s ]
INFO: [ app_init ] --END-- [ RunTime:0.001000s ]
INFO: [ app_begin ] --START--
INFO: Run Behavior\ReadHtmlCacheBehavior [ RunTime:0.001000s ]
INFO: [ app_begin ] --END-- [ RunTime:0.001000s ]
SQL: SHOW COLUMNS FROM `think_order` [ RunTime:0.0010s ]
NOTIC: [8] Undefined index: status D:\wamp64\www\jiayoulong\Application\Home\Controller\WechatController.class.php 第 130 行.

[ 2017-08-31T10:57:44+08:00 ] 127.0.0.1 /jiayoulong/Home/Wechat/userLogin?code=003eVmg50P1kCH1dW7g50HPvg50eVmgX
INFO: [ app_init ] --START--
INFO: Run Behavior\BuildLiteBehavior [ RunTime:0.000000s ]
INFO: [ app_init ] --END-- [ RunTime:0.001000s ]
INFO: [ app_begin ] --START--
INFO: Run Behavior\ReadHtmlCacheBehavior [ RunTime:0.001000s ]
INFO: [ app_begin ] --END-- [ RunTime:0.001000s ]

[ 2017-08-31T10:58:08+08:00 ] 127.0.0.1 /jiayoulong/Home/Wechat/orderSelectByStatus
INFO: [ app_init ] --START--
INFO: Run Behavior\BuildLiteBehavior [ RunTime:0.000000s ]
INFO: [ app_init ] --END-- [ RunTime:0.001000s ]
INFO: [ app_begin ] --START--
INFO: Run Behavior\ReadHtmlCacheBehavior [ RunTime:0.001000s ]
INFO: [ app_begin ] --END-- [ RunTime:0.001000s ]
SQL: SHOW COLUMNS FROM `think_order` [ RunTime:0.0000s ]
NOTIC: [8] Undefined index: status D:\wamp64\www\jiayoulong\Application\Home\Controller\WechatController.class.php 第 130 行.

[ 2017-08-31T10:58:08+08:00 ] 127.0.0.1 /jiayoulong/Home/Wechat/userLogin?code=003NWZYs112gOa01142t1rO2Zs1NWZY5
INFO: [ app_init ] --START--
INFO: Run Behavior\BuildLiteBehavior [ RunTime:0.000000s ]
INFO: [ app_init ] --END-- [ RunTime:0.000000s ]
INFO: [ app_begin ] --START--
INFO: Run Behavior\ReadHtmlCacheBehavior [ RunTime:0.000000s ]
INFO: [ app_begin ] --END-- [ RunTime:0.001000s ]

[ 2017-08-31T10:58:16+08:00 ] 127.0.0.1 /jiayoulong/Home/Wechat/orderSelectByStatus
INFO: [ app_init ] --START--
INFO: Run Behavior\BuildLiteBehavior [ RunTime:0.000000s ]
INFO: [ app_init ] --END-- [ RunTime:0.001000s ]
INFO: [ app_begin ] --START--
INFO: Run Behavior\ReadHtmlCacheBehavior [ RunTime:0.001000s ]
INFO: [ app_begin ] --END-- [ RunTime:0.001000s ]
SQL: SHOW COLUMNS FROM `think_order` [ RunTime:0.0000s ]
NOTIC: [8] Undefined index: status D:\wamp64\www\jiayoulong\Application\Home\Controller\WechatController.class.php 第 130 行.

[ 2017-08-31T10:58:16+08:00 ] 127.0.0.1 /jiayoulong/Home/Wechat/userLogin?code=013wjdv123evE01Maiw12Rw5v12wjdvL
INFO: [ app_init ] --START--
INFO: Run Behavior\BuildLiteBehavior [ RunTime:0.000000s ]
INFO: [ app_init ] --END-- [ RunTime:0.001000s ]
INFO: [ app_begin ] --START--
INFO: Run Behavior\ReadHtmlCacheBehavior [ RunTime:0.001000s ]
INFO: [ app_begin ] --END-- [ RunTime:0.001000s ]

[ 2017-08-31T10:59:43+08:00 ] 127.0.0.1 /jiayoulong/Home/Wechat/orderSelectByStatus
INFO: [ app_init ] --START--
INFO: Run Behavior\BuildLiteBehavior [ RunTime:0.000000s ]
INFO: [ app_init ] --END-- [ RunTime:0.000000s ]
INFO: [ app_begin ] --START--
INFO: Run Behavior\ReadHtmlCacheBehavior [ RunTime:0.001000s ]
INFO: [ app_begin ] --END-- [ RunTime:0.001000s ]
SQL: SHOW COLUMNS FROM `think_order` [ RunTime:0.0010s ]
NOTIC: [8] Undefined index: status D:\wamp64\www\jiayoulong\Application\Home\Controller\WechatController.class.php 第 130 行.

[ 2017-08-31T10:59:43+08:00 ] 127.0.0.1 /jiayoulong/Home/Wechat/userLogin?code=013jmVGV1dZvpT0HNdIV15gIGV1jmVGT
INFO: [ app_init ] --START--
INFO: Run Behavior\BuildLiteBehavior [ RunTime:0.000000s ]
INFO: [ app_init ] --END-- [ RunTime:0.001000s ]
INFO: [ app_begin ] --START--
INFO: Run Behavior\ReadHtmlCacheBehavior [ RunTime:0.001000s ]
INFO: [ app_begin ] --END-- [ RunTime:0.001000s ]

[ 2017-08-31T11:00:19+08:00 ] 127.0.0.1 /jiayoulong/Home/Wechat/orderSelectByStatus
INFO: [ app_init ] --START--
INFO: Run Behavior\BuildLiteBehavior [ RunTime:0.000000s ]
INFO: [ app_init ] --END-- [ RunTime:0.000000s ]
INFO: [ app_begin ] --START--
INFO: Run Behavior\ReadHtmlCacheBehavior [ RunTime:0.000000s ]
INFO: [ app_begin ] --END-- [ RunTime:0.000000s ]
SQL: SHOW COLUMNS FROM `think_order` [ RunTime:0.0010s ]
NOTIC: [8] Undefined index: status D:\wamp64\www\jiayoulong\Application\Home\Controller\WechatController.class.php 第 130 行.

[ 2017-08-31T11:00:19+08:00 ] 127.0.0.1 /jiayoulong/Home/Wechat/userLogin?code=003rBAVG1NwqA60oKNVG1qtWVG1rBAVV
INFO: [ app_init ] --START--
INFO: Run Behavior\BuildLiteBehavior [ RunTime:0.000000s ]
INFO: [ app_init ] --END-- [ RunTime:0.001000s ]
INFO: [ app_begin ] --START--
INFO: Run Behavior\ReadHtmlCacheBehavior [ RunTime:0.001000s ]
INFO: [ app_begin ] --END-- [ RunTime:0.001000s ]

[ 2017-08-31T11:01:19+08:00 ] 127.0.0.1 /jiayoulong/Home/Wechat/orderSelectByStatus?status=1
INFO: [ app_init ] --START--
INFO: Run Behavior\BuildLiteBehavior [ RunTime:0.000000s ]
INFO: [ app_init ] --END-- [ RunTime:0.001000s ]
INFO: [ app_begin ] --START--
INFO: Run Behavior\ReadHtmlCacheBehavior [ RunTime:0.000000s ]
INFO: [ app_begin ] --END-- [ RunTime:0.000000s ]
SQL: SHOW COLUMNS FROM `think_order` [ RunTime:0.0000s ]

[ 2017-08-31T11:01:19+08:00 ] 127.0.0.1 /jiayoulong/Home/Wechat/userLogin?code=003iHnNy17YvEe0dh9Qy1QauNy1iHnN5
INFO: [ app_init ] --START--
INFO: Run Behavior\BuildLiteBehavior [ RunTime:0.000000s ]
INFO: [ app_init ] --END-- [ RunTime:0.001000s ]
INFO: [ app_begin ] --START--
INFO: Run Behavior\ReadHtmlCacheBehavior [ RunTime:0.001000s ]
INFO: [ app_begin ] --END-- [ RunTime:0.001000s ]

[ 2017-08-31T11:01:35+08:00 ] 127.0.0.1 /jiayoulong/Home/Wechat/userLogin?code=013h9Iuo0fuMwo1GLuuo0fJGuo0h9Iu4
INFO: [ app_init ] --START--
INFO: Run Behavior\BuildLiteBehavior [ RunTime:0.000000s ]
INFO: [ app_init ] --END-- [ RunTime:0.001000s ]
INFO: [ app_begin ] --START--
INFO: Run Behavior\ReadHtmlCacheBehavior [ RunTime:0.001000s ]
INFO: [ app_begin ] --END-- [ RunTime:0.001000s ]

[ 2017-08-31T11:01:35+08:00 ] 127.0.0.1 /jiayoulong/Home/Wechat/orderSelectByStatus
INFO: [ app_init ] --START--
INFO: Run Behavior\BuildLiteBehavior [ RunTime:0.000000s ]
INFO: [ app_init ] --END-- [ RunTime:0.000000s ]
INFO: [ app_begin ] --START--
INFO: Run Behavior\ReadHtmlCacheBehavior [ RunTime:0.001000s ]
INFO: [ app_begin ] --END-- [ RunTime:0.001000s ]
SQL: SHOW COLUMNS FROM `think_order` [ RunTime:0.0010s ]
NOTIC: [8] Undefined index: status D:\wamp64\www\jiayoulong\Application\Home\Controller\WechatController.class.php 第 130 行.

[ 2017-08-31T11:01:46+08:00 ] 127.0.0.1 /jiayoulong/Home/Wechat/orderSelectByStatus
INFO: [ app_init ] --START--
INFO: Run Behavior\BuildLiteBehavior [ RunTime:0.000000s ]
INFO: [ app_init ] --END-- [ RunTime:0.001000s ]
INFO: [ app_begin ] --START--
INFO: Run Behavior\ReadHtmlCacheBehavior [ RunTime:0.000000s ]
INFO: [ app_begin ] --END-- [ RunTime:0.000000s ]
SQL: SHOW COLUMNS FROM `think_order` [ RunTime:0.0010s ]
NOTIC: [8] Undefined index: status D:\wamp64\www\jiayoulong\Application\Home\Controller\WechatController.class.php 第 130 行.

[ 2017-08-31T11:01:46+08:00 ] 127.0.0.1 /jiayoulong/Home/Wechat/userLogin?code=003rfVC60RDuXG1CrDE60Vz4D60rfVCn
INFO: [ app_init ] --START--
INFO: Run Behavior\BuildLiteBehavior [ RunTime:0.000000s ]
INFO: [ app_init ] --END-- [ RunTime:0.001000s ]
INFO: [ app_begin ] --START--
INFO: Run Behavior\ReadHtmlCacheBehavior [ RunTime:0.002000s ]
INFO: [ app_begin ] --END-- [ RunTime:0.002000s ]

[ 2017-08-31T11:02:42+08:00 ] 127.0.0.1 /jiayoulong/Home/Wechat/orderSelectByStatus
INFO: [ app_init ] --START--
INFO: Run Behavior\BuildLiteBehavior [ RunTime:0.000000s ]
INFO: [ app_init ] --END-- [ RunTime:0.000000s ]
INFO: [ app_begin ] --START--
INFO: Run Behavior\ReadHtmlCacheBehavior [ RunTime:0.001000s ]
INFO: [ app_begin ] --END-- [ RunTime:0.001000s ]
SQL: SHOW COLUMNS FROM `think_order` [ RunTime:0.0010s ]

[ 2017-08-31T11:02:42+08:00 ] 127.0.0.1 /jiayoulong/Home/Wechat/userLogin?code=003s9gS72qrKFP09irU72s1RR72s9gSF
INFO: [ app_init ] --START--
INFO: Run Behavior\BuildLiteBehavior [ RunTime:0.000000s ]
INFO: [ app_init ] --END-- [ RunTime:0.000000s ]
INFO: [ app_begin ] --START--
INFO: Run Behavior\ReadHtmlCacheBehavior [ RunTime:0.000000s ]
INFO: [ app_begin ] --END-- [ RunTime:0.001000s ]

[ 2017-08-31T11:03:02+08:00 ] 127.0.0.1 /jiayoulong/Home/Wechat/userLogin?code=003ESUG8164SXT1fLnJ81iHOG81ESUGt
INFO: [ app_init ] --START--
INFO: Run Behavior\BuildLiteBehavior [ RunTime:0.000000s ]
INFO: [ app_init ] --END-- [ RunTime:0.001000s ]
INFO: [ app_begin ] --START--
INFO: Run Behavior\ReadHtmlCacheBehavior [ RunTime:0.001000s ]
INFO: [ app_begin ] --END-- [ RunTime:0.001000s ]

[ 2017-08-31T11:03:02+08:00 ] 127.0.0.1 /jiayoulong/Home/Wechat/orderSelectByStatus
INFO: [ app_init ] --START--
INFO: Run Behavior\BuildLiteBehavior [ RunTime:0.000000s ]
INFO: [ app_init ] --END-- [ RunTime:0.000000s ]
INFO: [ app_begin ] --START--
INFO: Run Behavior\ReadHtmlCacheBehavior [ RunTime:0.000000s ]
INFO: [ app_begin ] --END-- [ RunTime:0.001000s ]
SQL: SHOW COLUMNS FROM `think_order` [ RunTime:0.0010s ]

[ 2017-08-31T11:03:13+08:00 ] 127.0.0.1 /jiayoulong/Home/Wechat/orderSelectByStatus
INFO: [ app_init ] --START--
INFO: Run Behavior\BuildLiteBehavior [ RunTime:0.000000s ]
INFO: [ app_init ] --END-- [ RunTime:0.001000s ]
INFO: [ app_begin ] --START--
INFO: Run Behavior\ReadHtmlCacheBehavior [ RunTime:0.001000s ]
INFO: [ app_begin ] --END-- [ RunTime:0.001000s ]
SQL: SHOW COLUMNS FROM `think_order` [ RunTime:0.0000s ]
SQL: SELECT * FROM `think_order` WHERE `status` = '0'  [ RunTime:0.0000s ]

[ 2017-08-31T11:03:13+08:00 ] 127.0.0.1 /jiayoulong/Home/Wechat/userLogin?code=003QyEs02HphiX0h7Jo02XMTs02QyEsA
INFO: [ app_init ] --START--
INFO: Run Behavior\BuildLiteBehavior [ RunTime:0.000000s ]
INFO: [ app_init ] --END-- [ RunTime:0.015600s ]
INFO: [ app_begin ] --START--
INFO: Run Behavior\ReadHtmlCacheBehavior [ RunTime:0.000000s ]
INFO: [ app_begin ] --END-- [ RunTime:0.000000s ]

[ 2017-08-31T11:03:28+08:00 ] 127.0.0.1 /jiayoulong/Home/Wechat/orderSelectByStatus
INFO: [ app_init ] --START--
INFO: Run Behavior\BuildLiteBehavior [ RunTime:0.000000s ]
INFO: [ app_init ] --END-- [ RunTime:0.001000s ]
INFO: [ app_begin ] --START--
INFO: Run Behavior\ReadHtmlCacheBehavior [ RunTime:0.000000s ]
INFO: [ app_begin ] --END-- [ RunTime:0.000000s ]
SQL: SHOW COLUMNS FROM `think_order` [ RunTime:0.0000s ]
SQL: SELECT * FROM `think_order` WHERE `status` = '1'  [ RunTime:0.0000s ]

[ 2017-08-31T11:03:28+08:00 ] 127.0.0.1 /jiayoulong/Home/Wechat/userLogin?code=0139gO442diD1L06yb442RiU4429gO4v
INFO: [ app_init ] --START--
INFO: Run Behavior\BuildLiteBehavior [ RunTime:0.000000s ]
INFO: [ app_init ] --END-- [ RunTime:0.001000s ]
INFO: [ app_begin ] --START--
INFO: Run Behavior\ReadHtmlCacheBehavior [ RunTime:0.001000s ]
INFO: [ app_begin ] --END-- [ RunTime:0.001000s ]

[ 2017-08-31T11:03:41+08:00 ] 127.0.0.1 /jiayoulong/Home/Wechat/orderSelectByStatus
INFO: [ app_init ] --START--
INFO: Run Behavior\BuildLiteBehavior [ RunTime:0.000000s ]
INFO: [ app_init ] --END-- [ RunTime:0.003000s ]
INFO: [ app_begin ] --START--
INFO: Run Behavior\ReadHtmlCacheBehavior [ RunTime:0.001000s ]
INFO: [ app_begin ] --END-- [ RunTime:0.002000s ]
SQL: SHOW COLUMNS FROM `think_order` [ RunTime:0.0000s ]
SQL: SELECT * FROM `think_order` WHERE `status` = '2'  [ RunTime:0.0000s ]

[ 2017-08-31T11:03:41+08:00 ] 127.0.0.1 /jiayoulong/Home/Wechat/userLogin?code=003O1Xti0F4vSl1KYisi0OnWti0O1Xt1
INFO: [ app_init ] --START--
INFO: Run Behavior\BuildLiteBehavior [ RunTime:0.000000s ]
INFO: [ app_init ] --END-- [ RunTime:0.000000s ]
INFO: [ app_begin ] --START--
INFO: Run Behavior\ReadHtmlCacheBehavior [ RunTime:0.001000s ]
INFO: [ app_begin ] --END-- [ RunTime:0.001000s ]

[ 2017-08-31T11:03:48+08:00 ] 127.0.0.1 /jiayoulong/Home/Wechat/orderSelectByStatus
INFO: [ app_init ] --START--
INFO: Run Behavior\BuildLiteBehavior [ RunTime:0.000000s ]
INFO: [ app_init ] --END-- [ RunTime:0.001000s ]
INFO: [ app_begin ] --START--
INFO: Run Behavior\ReadHtmlCacheBehavior [ RunTime:0.001000s ]
INFO: [ app_begin ] --END-- [ RunTime:0.001000s ]
SQL: SHOW COLUMNS FROM `think_order` [ RunTime:0.0000s ]
SQL: SELECT * FROM `think_order` WHERE `status` = '3'  [ RunTime:0.0000s ]

[ 2017-08-31T11:03:48+08:00 ] 127.0.0.1 /jiayoulong/Home/Wechat/userLogin?code=013D7MWg0NiP6B11KUUg03LOWg0D7MW0
INFO: [ app_init ] --START--
INFO: Run Behavior\BuildLiteBehavior [ RunTime:0.000000s ]
INFO: [ app_init ] --END-- [ RunTime:0.001000s ]
INFO: [ app_begin ] --START--
INFO: Run Behavior\ReadHtmlCacheBehavior [ RunTime:0.001000s ]
INFO: [ app_begin ] --END-- [ RunTime:0.001000s ]

[ 2017-08-31T11:08:51+08:00 ] 127.0.0.1 /jiayoulong/Home/Wechat/orderAdd?order_number=4264897659819&hotel_name=%E6%B1%89%E5%BA%AD%E9%85%92%E5%BA%97&address=%E6%98%86%E6%98%8E%E7%81%AB%E8%BD%A6%E7%AB%99&check_in=2017-5-8&check_out=2017-8-5&price=2400&status=0
INFO: [ app_init ] --START--
INFO: Run Behavior\BuildLiteBehavior [ RunTime:0.000000s ]
INFO: [ app_init ] --END-- [ RunTime:0.001000s ]
INFO: [ app_begin ] --START--
INFO: Run Behavior\ReadHtmlCacheBehavior [ RunTime:0.000000s ]
INFO: [ app_begin ] --END-- [ RunTime:0.000000s ]
SQL: SHOW COLUMNS FROM `think_order` [ RunTime:0.0000s ]
ERR: 1364:Field 'address' doesn't have a default value
 [ SQL语句 ] : INSERT INTO `think_order` (`order_number`,`hotel_name`,`check_in`,`check_out`,`price`,`status`) VALUES ('4264897659819','汉庭酒店','2017-5-8','2017-8-5','2400','0')
ERR: 1364:Field 'address' doesn't have a default value
 [ SQL语句 ] : INSERT INTO `think_order` (`order_number`,`hotel_name`,`check_in`,`check_out`,`price`,`status`) VALUES ('4264897659819','汉庭酒店','2017-5-8','2017-8-5','2400','0')

[ 2017-08-31T11:09:46+08:00 ] 127.0.0.1 /jiayoulong/Home/Wechat/orderAdd?order_number=4264897659819&hotel_name=%E6%B1%89%E5%BA%AD%E9%85%92%E5%BA%97&address=%E6%98%86%E6%98%8E%E7%81%AB%E8%BD%A6%E7%AB%99&check_in=2017-5-8&check_out=2017-8-5&price=2400&status=0
INFO: [ app_init ] --START--
INFO: Run Behavior\BuildLiteBehavior [ RunTime:0.000000s ]
INFO: [ app_init ] --END-- [ RunTime:0.001000s ]
INFO: [ app_begin ] --START--
INFO: Run Behavior\ReadHtmlCacheBehavior [ RunTime:0.001000s ]
INFO: [ app_begin ] --END-- [ RunTime:0.001000s ]
SQL: SHOW COLUMNS FROM `think_order` [ RunTime:0.0020s ]
SQL: INSERT INTO `think_order` (`order_number`,`hotel_name`,`address`,`check_in`,`check_out`,`price`,`status`) VALUES ('4264897659819','汉庭酒店','昆明火车站','2017-5-8','2017-8-5','2400','0') [ RunTime:0.0010s ]

[ 2017-08-31T11:24:01+08:00 ] 127.0.0.1 /jiayoulong/Home/Wechat/orderSelectById
INFO: [ app_init ] --START--
INFO: Run Behavior\BuildLiteBehavior [ RunTime:0.000000s ]
INFO: [ app_init ] --END-- [ RunTime:0.000000s ]
INFO: [ app_begin ] --START--
INFO: Run Behavior\ReadHtmlCacheBehavior [ RunTime:0.000000s ]
INFO: [ app_begin ] --END-- [ RunTime:0.000000s ]
SQL: SHOW COLUMNS FROM `think_order` [ RunTime:0.0010s ]
SQL: SELECT * FROM `think_order` WHERE `id` = 11  [ RunTime:0.0010s ]

[ 2017-08-31T11:24:01+08:00 ] 127.0.0.1 /jiayoulong/Home/Wechat/userLogin?code=003eQNkc0AEAMw1VYmlc0JIukc0eQNkl
INFO: [ app_init ] --START--
INFO: Run Behavior\BuildLiteBehavior [ RunTime:0.000000s ]
INFO: [ app_init ] --END-- [ RunTime:0.001000s ]
INFO: [ app_begin ] --START--
INFO: Run Behavior\ReadHtmlCacheBehavior [ RunTime:0.001000s ]
INFO: [ app_begin ] --END-- [ RunTime:0.001000s ]

[ 2017-08-31T11:26:49+08:00 ] 127.0.0.1 /jiayoulong/Home/Wechat/orderAdd?order_number=4264897659819&hotel_name=%E6%B1%89%E5%BA%AD%E9%85%92%E5%BA%97&address=%E6%98%86%E6%98%8E%E7%81%AB%E8%BD%A6%E7%AB%99&check_in=2017-5-8&check_out=2017-8-5&price=2400&status=0
INFO: [ app_init ] --START--
INFO: Run Behavior\BuildLiteBehavior [ RunTime:0.001000s ]
INFO: [ app_init ] --END-- [ RunTime:0.001000s ]
INFO: [ app_begin ] --START--
INFO: Run Behavior\ReadHtmlCacheBehavior [ RunTime:0.001000s ]
INFO: [ app_begin ] --END-- [ RunTime:0.001000s ]
SQL: SHOW COLUMNS FROM `think_order` [ RunTime:0.0010s ]
NOTIC: [8] Undefined index: order_number D:\wamp64\www\jiayoulong\Application\Home\Controller\WechatController.class.php 第 81 行.
NOTIC: [8] Undefined index: hotel_name D:\wamp64\www\jiayoulong\Application\Home\Controller\WechatController.class.php 第 82 行.
NOTIC: [8] Undefined index: address D:\wamp64\www\jiayoulong\Application\Home\Controller\WechatController.class.php 第 83 行.
NOTIC: [8] Undefined index: check_in D:\wamp64\www\jiayoulong\Application\Home\Controller\WechatController.class.php 第 84 行.
NOTIC: [8] Undefined index: check_out D:\wamp64\www\jiayoulong\Application\Home\Controller\WechatController.class.php 第 85 行.
NOTIC: [8] Undefined index: price D:\wamp64\www\jiayoulong\Application\Home\Controller\WechatController.class.php 第 86 行.
NOTIC: [8] Undefined index: status D:\wamp64\www\jiayoulong\Application\Home\Controller\WechatController.class.php 第 87 行.
ERR: 1048:Column 'order_number' cannot be null
 [ SQL语句 ] : INSERT INTO `think_order` (`order_number`,`hotel_name`,`address`,`check_in`,`check_out`,`price`,`status`) VALUES (NULL,NULL,NULL,NULL,NULL,NULL,NULL)
ERR: 1048:Column 'order_number' cannot be null
 [ SQL语句 ] : INSERT INTO `think_order` (`order_number`,`hotel_name`,`address`,`check_in`,`check_out`,`price`,`status`) VALUES (NULL,NULL,NULL,NULL,NULL,NULL,NULL)

[ 2017-08-31T11:27:09+08:00 ] 127.0.0.1 /jiayoulong/Home/Wechat/orderAdd?order_number=4264897659819&hotel_name=%E6%B1%89%E5%BA%AD%E9%85%92%E5%BA%97&address=%E6%98%86%E6%98%8E%E7%81%AB%E8%BD%A6%E7%AB%99&check_in=2017-5-8&check_out=2017-8-5&price=2400&status=0
INFO: [ app_init ] --START--
INFO: Run Behavior\BuildLiteBehavior [ RunTime:0.000000s ]
INFO: [ app_init ] --END-- [ RunTime:0.000000s ]
INFO: [ app_begin ] --START--
INFO: Run Behavior\ReadHtmlCacheBehavior [ RunTime:0.001000s ]
INFO: [ app_begin ] --END-- [ RunTime:0.001000s ]
SQL: SHOW COLUMNS FROM `think_order` [ RunTime:0.0010s ]
NOTIC: [8] Undefined index: order_number D:\wamp64\www\jiayoulong\Application\Home\Controller\WechatController.class.php 第 81 行.
NOTIC: [8] Undefined index: hotel_name D:\wamp64\www\jiayoulong\Application\Home\Controller\WechatController.class.php 第 82 行.
NOTIC: [8] Undefined index: address D:\wamp64\www\jiayoulong\Application\Home\Controller\WechatController.class.php 第 83 行.
NOTIC: [8] Undefined index: check_in D:\wamp64\www\jiayoulong\Application\Home\Controller\WechatController.class.php 第 84 行.
NOTIC: [8] Undefined index: check_out D:\wamp64\www\jiayoulong\Application\Home\Controller\WechatController.class.php 第 85 行.
NOTIC: [8] Undefined index: price D:\wamp64\www\jiayoulong\Application\Home\Controller\WechatController.class.php 第 86 行.
NOTIC: [8] Undefined index: status D:\wamp64\www\jiayoulong\Application\Home\Controller\WechatController.class.php 第 87 行.
ERR: 1048:Column 'order_number' cannot be null
 [ SQL语句 ] : INSERT INTO `think_order` (`order_number`,`hotel_name`,`address`,`check_in`,`check_out`,`price`,`status`) VALUES (NULL,NULL,NULL,NULL,NULL,NULL,NULL)
ERR: 1048:Column 'order_number' cannot be null
 [ SQL语句 ] : INSERT INTO `think_order` (`order_number`,`hotel_name`,`address`,`check_in`,`check_out`,`price`,`status`) VALUES (NULL,NULL,NULL,NULL,NULL,NULL,NULL)

[ 2017-08-31T11:27:28+08:00 ] 127.0.0.1 /jiayoulong/Home/Wechat/orderAdd?order_number=4264897659819&hotel_name=%E6%B1%89%E5%BA%AD%E9%85%92%E5%BA%97111&address=%E6%98%86%E6%98%8E%E7%81%AB%E8%BD%A6%E7%AB%99&check_in=2017-5-8&check_out=2017-8-5&price=2400&status=1
INFO: [ app_init ] --START--
INFO: Run Behavior\BuildLiteBehavior [ RunTime:0.000000s ]
INFO: [ app_init ] --END-- [ RunTime:0.001000s ]
INFO: [ app_begin ] --START--
INFO: Run Behavior\ReadHtmlCacheBehavior [ RunTime:0.001000s ]
INFO: [ app_begin ] --END-- [ RunTime:0.001000s ]
SQL: SHOW COLUMNS FROM `think_order` [ RunTime:0.0010s ]
NOTIC: [8] Undefined index: order_number D:\wamp64\www\jiayoulong\Application\Home\Controller\WechatController.class.php 第 81 行.
NOTIC: [8] Undefined index: hotel_name D:\wamp64\www\jiayoulong\Application\Home\Controller\WechatController.class.php 第 82 行.
NOTIC: [8] Undefined index: address D:\wamp64\www\jiayoulong\Application\Home\Controller\WechatController.class.php 第 83 行.
NOTIC: [8] Undefined index: check_in D:\wamp64\www\jiayoulong\Application\Home\Controller\WechatController.class.php 第 84 行.
NOTIC: [8] Undefined index: check_out D:\wamp64\www\jiayoulong\Application\Home\Controller\WechatController.class.php 第 85 行.
NOTIC: [8] Undefined index: price D:\wamp64\www\jiayoulong\Application\Home\Controller\WechatController.class.php 第 86 行.
NOTIC: [8] Undefined index: status D:\wamp64\www\jiayoulong\Application\Home\Controller\WechatController.class.php 第 87 行.
ERR: 1048:Column 'order_number' cannot be null
 [ SQL语句 ] : INSERT INTO `think_order` (`order_number`,`hotel_name`,`address`,`check_in`,`check_out`,`price`,`status`) VALUES (NULL,NULL,NULL,NULL,NULL,NULL,NULL)
ERR: 1048:Column 'order_number' cannot be null
 [ SQL语句 ] : INSERT INTO `think_order` (`order_number`,`hotel_name`,`address`,`check_in`,`check_out`,`price`,`status`) VALUES (NULL,NULL,NULL,NULL,NULL,NULL,NULL)

[ 2017-08-31T11:29:46+08:00 ] 127.0.0.1 /jiayoulong/Home/Wechat/orderSelectById
INFO: [ app_init ] --START--
INFO: Run Behavior\BuildLiteBehavior [ RunTime:0.001000s ]
INFO: [ app_init ] --END-- [ RunTime:0.001000s ]
INFO: [ app_begin ] --START--
INFO: Run Behavior\ReadHtmlCacheBehavior [ RunTime:0.001000s ]
INFO: [ app_begin ] --END-- [ RunTime:0.001000s ]
SQL: SHOW COLUMNS FROM `think_order` [ RunTime:0.0010s ]
SQL: SELECT * FROM `think_order` WHERE `id` = 11  [ RunTime:0.0010s ]

[ 2017-08-31T11:29:47+08:00 ] 127.0.0.1 /jiayoulong/Home/Wechat/userLogin?code=003ue6qZ0rrqS22XDsrZ0zJtqZ0ue6qg
INFO: [ app_init ] --START--
INFO: Run Behavior\BuildLiteBehavior [ RunTime:0.000000s ]
INFO: [ app_init ] --END-- [ RunTime:0.000000s ]
INFO: [ app_begin ] --START--
INFO: Run Behavior\ReadHtmlCacheBehavior [ RunTime:0.001000s ]
INFO: [ app_begin ] --END-- [ RunTime:0.001000s ]

[ 2017-08-31T11:30:00+08:00 ] 127.0.0.1 /jiayoulong/Home/Wechat/userLogin?code=013KOgU52g9yJN0SkxS52v1AU52KOgU2
INFO: [ app_init ] --START--
INFO: Run Behavior\BuildLiteBehavior [ RunTime:0.000000s ]
INFO: [ app_init ] --END-- [ RunTime:0.000000s ]
INFO: [ app_begin ] --START--
INFO: Run Behavior\ReadHtmlCacheBehavior [ RunTime:0.001000s ]
INFO: [ app_begin ] --END-- [ RunTime:0.001000s ]

[ 2017-08-31T11:30:00+08:00 ] 127.0.0.1 /jiayoulong/Home/Wechat/orderSelectById
INFO: [ app_init ] --START--
INFO: Run Behavior\BuildLiteBehavior [ RunTime:0.000000s ]
INFO: [ app_init ] --END-- [ RunTime:0.000000s ]
INFO: [ app_begin ] --START--
INFO: Run Behavior\ReadHtmlCacheBehavior [ RunTime:0.000000s ]
INFO: [ app_begin ] --END-- [ RunTime:0.001000s ]
SQL: SHOW COLUMNS FROM `think_order` [ RunTime:0.0010s ]
SQL: SELECT * FROM `think_order` WHERE `id` = 8  [ RunTime:0.0010s ]

[ 2017-08-31T11:30:15+08:00 ] 127.0.0.1 /jiayoulong/Home/Wechat/userLogin?code=003escYk1794Yi0GETZk1WEmYk1escYW
INFO: [ app_init ] --START--
INFO: Run Behavior\BuildLiteBehavior [ RunTime:0.000000s ]
INFO: [ app_init ] --END-- [ RunTime:0.001000s ]
INFO: [ app_begin ] --START--
INFO: Run Behavior\ReadHtmlCacheBehavior [ RunTime:0.001000s ]
INFO: [ app_begin ] --END-- [ RunTime:0.001000s ]

[ 2017-08-31T11:30:15+08:00 ] 127.0.0.1 /jiayoulong/Home/Wechat/orderSelectById
INFO: [ app_init ] --START--
INFO: Run Behavior\BuildLiteBehavior [ RunTime:0.000000s ]
INFO: [ app_init ] --END-- [ RunTime:0.000000s ]
INFO: [ app_begin ] --START--
INFO: Run Behavior\ReadHtmlCacheBehavior [ RunTime:0.001000s ]
INFO: [ app_begin ] --END-- [ RunTime:0.001000s ]
SQL: SHOW COLUMNS FROM `think_order` [ RunTime:0.0000s ]
SQL: SELECT * FROM `think_order` WHERE `id` = 8  [ RunTime:0.0000s ]

[ 2017-08-31T11:49:17+08:00 ] 127.0.0.1 /jiayoulong/Home/Wechat/orderAdd
INFO: [ app_init ] --START--
INFO: Run Behavior\BuildLiteBehavior [ RunTime:0.000000s ]
INFO: [ app_init ] --END-- [ RunTime:0.000000s ]
INFO: [ app_begin ] --START--
INFO: Run Behavior\ReadHtmlCacheBehavior [ RunTime:0.000000s ]
INFO: [ app_begin ] --END-- [ RunTime:0.000000s ]
SQL: SHOW COLUMNS FROM `think_order` [ RunTime:0.0010s ]
NOTIC: [8] Undefined index: check_in D:\wamp64\www\jiayoulong\Application\Home\Controller\WechatController.class.php 第 84 行.
NOTIC: [8] Undefined index: check_out D:\wamp64\www\jiayoulong\Application\Home\Controller\WechatController.class.php 第 85 行.
NOTIC: [8] Undefined index: price D:\wamp64\www\jiayoulong\Application\Home\Controller\WechatController.class.php 第 86 行.
NOTIC: [8] Undefined index: status D:\wamp64\www\jiayoulong\Application\Home\Controller\WechatController.class.php 第 87 行.
NOTIC: [8] Undefined index: user_name D:\wamp64\www\jiayoulong\Application\Home\Controller\WechatController.class.php 第 88 行.
NOTIC: [8] Undefined index: user_phone D:\wamp64\www\jiayoulong\Application\Home\Controller\WechatController.class.php 第 89 行.
ERR: 1048:Column 'check_in' cannot be null
 [ SQL语句 ] : INSERT INTO `think_order` (`order_number`,`hotel_name`,`address`,`check_in`,`check_out`,`price`,`status`,`user_name`,`user_phone`) VALUES ('asldfjut16498dsf49sdg74sdg','汉庭酒店测试名','昆明火车站',NULL,NULL,NULL,NULL,NULL,NULL)
ERR: 1048:Column 'check_in' cannot be null
 [ SQL语句 ] : INSERT INTO `think_order` (`order_number`,`hotel_name`,`address`,`check_in`,`check_out`,`price`,`status`,`user_name`,`user_phone`) VALUES ('asldfjut16498dsf49sdg74sdg','汉庭酒店测试名','昆明火车站',NULL,NULL,NULL,NULL,NULL,NULL)

[ 2017-08-31T11:49:17+08:00 ] 127.0.0.1 /jiayoulong/Home/Wechat/userLogin?code=013NeV5705VsxK1Fpm570K2z570NeV5a
INFO: [ app_init ] --START--
INFO: Run Behavior\BuildLiteBehavior [ RunTime:0.000000s ]
INFO: [ app_init ] --END-- [ RunTime:0.001000s ]
INFO: [ app_begin ] --START--
INFO: Run Behavior\ReadHtmlCacheBehavior [ RunTime:0.001000s ]
INFO: [ app_begin ] --END-- [ RunTime:0.001000s ]

[ 2017-08-31T11:51:21+08:00 ] 127.0.0.1 /jiayoulong/Home/Wechat/orderAdd
INFO: [ app_init ] --START--
INFO: Run Behavior\BuildLiteBehavior [ RunTime:0.000000s ]
INFO: [ app_init ] --END-- [ RunTime:0.000000s ]
INFO: [ app_begin ] --START--
INFO: Run Behavior\ReadHtmlCacheBehavior [ RunTime:0.000000s ]
INFO: [ app_begin ] --END-- [ RunTime:0.000000s ]
SQL: SHOW COLUMNS FROM `think_order` [ RunTime:0.0010s ]
SQL: INSERT INTO `think_order` (`order_number`,`hotel_name`,`address`,`check_in`,`check_out`,`price`,`status`,`user_name`,`user_phone`) VALUES ('asldfjut16498dsf49sdg74sdg','汉庭酒店测试名','昆明火车站','2015-5-8','2016-8-9','190000','0','yejian','18164626080') [ RunTime:0.0000s ]

[ 2017-08-31T11:51:21+08:00 ] 127.0.0.1 /jiayoulong/Home/Wechat/userLogin?code=0039fdae0tcJuz1J2cae0Ee3ae09fdap
INFO: [ app_init ] --START--
INFO: Run Behavior\BuildLiteBehavior [ RunTime:0.000000s ]
INFO: [ app_init ] --END-- [ RunTime:0.001000s ]
INFO: [ app_begin ] --START--
INFO: Run Behavior\ReadHtmlCacheBehavior [ RunTime:0.002000s ]
INFO: [ app_begin ] --END-- [ RunTime:0.002000s ]

[ 2017-08-31T13:37:34+08:00 ] 127.0.0.1 /jiayoulong/Home/Wechat/userLogin?code=003eoPsJ1CFdX70wFSuJ1wAZsJ1eoPsM
INFO: [ app_init ] --START--
INFO: Run Behavior\BuildLiteBehavior [ RunTime:0.000000s ]
INFO: [ app_init ] --END-- [ RunTime:0.001000s ]
INFO: [ app_begin ] --START--
INFO: Run Behavior\ReadHtmlCacheBehavior [ RunTime:0.001000s ]
INFO: [ app_begin ] --END-- [ RunTime:0.001000s ]

[ 2017-08-31T13:37:35+08:00 ] 127.0.0.1 /jiayoulong/Home/Wechat/orderAdd
INFO: [ app_init ] --START--
INFO: Run Behavior\BuildLiteBehavior [ RunTime:0.000000s ]
INFO: [ app_init ] --END-- [ RunTime:0.001000s ]
INFO: [ app_begin ] --START--
INFO: Run Behavior\ReadHtmlCacheBehavior [ RunTime:0.000000s ]
INFO: [ app_begin ] --END-- [ RunTime:0.001000s ]
SQL: SHOW COLUMNS FROM `think_order` [ RunTime:0.0000s ]
SQL: INSERT INTO `think_order` (`order_number`,`hotel_name`,`address`,`check_in`,`check_out`,`price`,`status`,`user_name`,`user_phone`) VALUES ('asldfjut16498dsf49sdg74sdg','汉庭酒店测试名','昆明火车站','2015-5-8','2016-8-9','190000','0','yejian','18164626080') [ RunTime:0.0156s ]

[ 2017-08-31T16:48:46+08:00 ] 127.0.0.1 /jiayoulong/Home/Wechat/userLogin?code=003LtPrk05X7Tn1rtisk0dyUrk0LtPrS
INFO: [ app_init ] --START--
INFO: Run Behavior\BuildLiteBehavior [ RunTime:0.000000s ]
INFO: [ app_init ] --END-- [ RunTime:0.000000s ]
INFO: [ app_begin ] --START--
INFO: Run Behavior\ReadHtmlCacheBehavior [ RunTime:0.000000s ]
INFO: [ app_begin ] --END-- [ RunTime:0.001000s ]

[ 2017-08-31T16:48:46+08:00 ] 127.0.0.1 /jiayoulong/Home/Wechat/orderAdd
INFO: [ app_init ] --START--
INFO: Run Behavior\BuildLiteBehavior [ RunTime:0.000000s ]
INFO: [ app_init ] --END-- [ RunTime:0.000000s ]
INFO: [ app_begin ] --START--
INFO: Run Behavior\ReadHtmlCacheBehavior [ RunTime:0.001000s ]
INFO: [ app_begin ] --END-- [ RunTime:0.001000s ]
SQL: SHOW COLUMNS FROM `think_order` [ RunTime:0.0010s ]
NOTIC: [8] Undefined index: hotel_id D:\wamp64\www\jiayoulong\Application\Home\Controller\WechatController.class.php 第 82 行.
ERR: 1364:Field 'hotel_id' doesn't have a default value
 [ SQL语句 ] : INSERT INTO `think_order` (`order_number`,`hotel_name`,`address`,`check_in`,`check_out`,`price`,`status`,`user_name`,`user_phone`) VALUES ('asldfjut16498dsf49sdg74sdg','汉庭酒店测试名','昆明火车站','2015-5-8','2016-8-9','190000','0','yejian','18164626080')
ERR: 1364:Field 'hotel_id' doesn't have a default value
 [ SQL语句 ] : INSERT INTO `think_order` (`order_number`,`hotel_name`,`address`,`check_in`,`check_out`,`price`,`status`,`user_name`,`user_phone`) VALUES ('asldfjut16498dsf49sdg74sdg','汉庭酒店测试名','昆明火车站','2015-5-8','2016-8-9','190000','0','yejian','18164626080')

[ 2017-08-31T16:49:10+08:00 ] 127.0.0.1 /jiayoulong/Home/Wechat/userLogin?code=013nE9kb2L3GPQ0Vzwib2emSjb2nE9kn
INFO: [ app_init ] --START--
INFO: Run Behavior\BuildLiteBehavior [ RunTime:0.000000s ]
INFO: [ app_init ] --END-- [ RunTime:0.001000s ]
INFO: [ app_begin ] --START--
INFO: Run Behavior\ReadHtmlCacheBehavior [ RunTime:0.000000s ]
INFO: [ app_begin ] --END-- [ RunTime:0.001000s ]

[ 2017-08-31T16:49:13+08:00 ] 127.0.0.1 /jiayoulong/Home/Wechat/userLogin?code=013kXDue1fgICu0wp8te1CYSue1kXDuM
INFO: [ app_init ] --START--
INFO: Run Behavior\BuildLiteBehavior [ RunTime:0.000000s ]
INFO: [ app_init ] --END-- [ RunTime:0.000000s ]
INFO: [ app_begin ] --START--
INFO: Run Behavior\ReadHtmlCacheBehavior [ RunTime:0.000000s ]
INFO: [ app_begin ] --END-- [ RunTime:0.000000s ]

[ 2017-08-31T16:53:45+08:00 ] 127.0.0.1 /jiayoulong/Home/Wechat/userLogin?code=013ndxs60oYNyG1uRkw60z6Ns60ndxsk
INFO: [ app_init ] --START--
INFO: Run Behavior\BuildLiteBehavior [ RunTime:0.000000s ]
INFO: [ app_init ] --END-- [ RunTime:0.001000s ]
INFO: [ app_begin ] --START--
INFO: Run Behavior\ReadHtmlCacheBehavior [ RunTime:0.002000s ]
INFO: [ app_begin ] --END-- [ RunTime:0.002000s ]

[ 2017-08-31T16:53:46+08:00 ] 127.0.0.1 /jiayoulong/Home/Wechat/userLogin?code=0033rDY92ecElO0m91Y921NgY923rDYr
INFO: [ app_init ] --START--
INFO: Run Behavior\BuildLiteBehavior [ RunTime:0.000000s ]
INFO: [ app_init ] --END-- [ RunTime:0.001000s ]
INFO: [ app_begin ] --START--
INFO: Run Behavior\ReadHtmlCacheBehavior [ RunTime:0.001000s ]
INFO: [ app_begin ] --END-- [ RunTime:0.001000s ]

[ 2017-08-31T16:53:52+08:00 ] 127.0.0.1 /jiayoulong/Home/Wechat/userLogin?code=003E5fnp0S6fPs1rHmop0XoYmp0E5fnJ
INFO: [ app_init ] --START--
INFO: Run Behavior\BuildLiteBehavior [ RunTime:0.000000s ]
INFO: [ app_init ] --END-- [ RunTime:0.000000s ]
INFO: [ app_begin ] --START--
INFO: Run Behavior\ReadHtmlCacheBehavior [ RunTime:0.001000s ]
INFO: [ app_begin ] --END-- [ RunTime:0.001000s ]

[ 2017-08-31T16:55:21+08:00 ] 127.0.0.1 /jiayoulong/Home/Wechat/userLogin?code=003aHC5D1vx9M00Op16D1dNv5D1aHC5z
INFO: [ app_init ] --START--
INFO: Run Behavior\BuildLiteBehavior [ RunTime:0.001000s ]
INFO: [ app_init ] --END-- [ RunTime:0.001000s ]
INFO: [ app_begin ] --START--
INFO: Run Behavior\ReadHtmlCacheBehavior [ RunTime:0.000000s ]
INFO: [ app_begin ] --END-- [ RunTime:0.001000s ]

[ 2017-08-31T16:56:30+08:00 ] 127.0.0.1 /jiayoulong/Home/Wechat/userLogin?code=003DHL7e0lRJsz1TQgae0d1J7e0DHL72
INFO: [ app_init ] --START--
INFO: Run Behavior\BuildLiteBehavior [ RunTime:0.000000s ]
INFO: [ app_init ] --END-- [ RunTime:0.001000s ]
INFO: [ app_begin ] --START--
INFO: Run Behavior\ReadHtmlCacheBehavior [ RunTime:0.001000s ]
INFO: [ app_begin ] --END-- [ RunTime:0.003000s ]

[ 2017-08-31T16:57:26+08:00 ] 127.0.0.1 /jiayoulong/Home/Wechat/userLogin?code=003KUxXU1mJn4U0Hfk0V1mktXU1KUxXv
INFO: [ app_init ] --START--
INFO: Run Behavior\BuildLiteBehavior [ RunTime:0.000000s ]
INFO: [ app_init ] --END-- [ RunTime:0.000000s ]
INFO: [ app_begin ] --START--
INFO: Run Behavior\ReadHtmlCacheBehavior [ RunTime:0.001000s ]
INFO: [ app_begin ] --END-- [ RunTime:0.001000s ]

[ 2017-08-31T16:58:14+08:00 ] 127.0.0.1 /jiayoulong/Home/Wechat/userLogin?code=013l4pkc0LwVMw14Jrlc01Gkkc0l4pk1
INFO: [ app_init ] --START--
INFO: Run Behavior\BuildLiteBehavior [ RunTime:0.000000s ]
INFO: [ app_init ] --END-- [ RunTime:0.000000s ]
INFO: [ app_begin ] --START--
INFO: Run Behavior\ReadHtmlCacheBehavior [ RunTime:0.000000s ]
INFO: [ app_begin ] --END-- [ RunTime:0.001000s ]

[ 2017-08-31T16:59:09+08:00 ] 127.0.0.1 /jiayoulong/Home/Wechat/userLogin?code=003p9Ded1k7zFv0Ygmgd11DNed1p9Dec
INFO: [ app_init ] --START--
INFO: Run Behavior\BuildLiteBehavior [ RunTime:0.000000s ]
INFO: [ app_init ] --END-- [ RunTime:0.000000s ]
INFO: [ app_begin ] --START--
INFO: Run Behavior\ReadHtmlCacheBehavior [ RunTime:0.000000s ]
INFO: [ app_begin ] --END-- [ RunTime:0.000000s ]

