[ 2017-08-28T09:42:45+08:00 ] 127.0.0.1 /jiayoulong/Home/Wechat/userSelect
INFO: [ app_init ] --START--
INFO: Run Behavior\BuildLiteBehavior [ RunTime:0.000000s ]
INFO: [ app_init ] --END-- [ RunTime:0.011000s ]
INFO: [ app_begin ] --START--
INFO: Run Behavior\ReadHtmlCacheBehavior [ RunTime:0.008000s ]
INFO: [ app_begin ] --END-- [ RunTime:0.008000s ]
SQL: SHOW COLUMNS FROM `think_user` [ RunTime:0.0380s ]
SQL: SELECT * FROM `think_user`  [ RunTime:0.0000s ]

[ 2017-08-28T09:44:12+08:00 ] 127.0.0.1 /jiayoulong/Home/Wechat/userSelect?x=&y=
INFO: [ app_init ] --START--
INFO: Run Behavior\BuildLiteBehavior [ RunTime:0.000000s ]
INFO: [ app_init ] --END-- [ RunTime:0.000000s ]
INFO: [ app_begin ] --START--
INFO: Run Behavior\ReadHtmlCacheBehavior [ RunTime:0.000000s ]
INFO: [ app_begin ] --END-- [ RunTime:0.000000s ]
SQL: SHOW COLUMNS FROM `think_user` [ RunTime:0.0010s ]
SQL: SELECT * FROM `think_user`  [ RunTime:0.0010s ]

[ 2017-08-28T10:00:49+08:00 ] 127.0.0.1 /jiayoulong/Home/Wechat/orderSelect
INFO: [ app_init ] --START--
INFO: Run Behavior\BuildLiteBehavior [ RunTime:0.000000s ]
INFO: [ app_init ] --END-- [ RunTime:0.000000s ]
INFO: [ app_begin ] --START--
INFO: Run Behavior\ReadHtmlCacheBehavior [ RunTime:0.000000s ]
INFO: [ app_begin ] --END-- [ RunTime:0.000000s ]
SQL: SHOW COLUMNS FROM `think_order` [ RunTime:0.0260s ]
SQL: SELECT * FROM `think_order`  [ RunTime:0.0000s ]

[ 2017-08-28T10:01:01+08:00 ] 127.0.0.1 /jiayoulong/Home/Wechat/orderSelect?x=&y=
INFO: [ app_init ] --START--
INFO: Run Behavior\BuildLiteBehavior [ RunTime:0.000000s ]
INFO: [ app_init ] --END-- [ RunTime:0.000000s ]
INFO: [ app_begin ] --START--
INFO: Run Behavior\ReadHtmlCacheBehavior [ RunTime:0.001000s ]
INFO: [ app_begin ] --END-- [ RunTime:0.001000s ]
SQL: SHOW COLUMNS FROM `think_order` [ RunTime:0.0010s ]
SQL: SELECT * FROM `think_order`  [ RunTime:0.0010s ]

[ 2017-08-28T16:15:04+08:00 ] 127.0.0.1 /jiayoulong/Home/Wechat/orderSelect?x=&y=
INFO: [ app_init ] --START--
INFO: Run Behavior\BuildLiteBehavior [ RunTime:0.000000s ]
INFO: [ app_init ] --END-- [ RunTime:0.000000s ]
INFO: [ app_begin ] --START--
INFO: Run Behavior\ReadHtmlCacheBehavior [ RunTime:0.001000s ]
INFO: [ app_begin ] --END-- [ RunTime:0.001000s ]
SQL: SHOW COLUMNS FROM `think_order` [ RunTime:0.0020s ]
SQL: SELECT * FROM `think_order`  [ RunTime:0.0000s ]

