[ 2017-08-29T09:57:48+08:00 ] 127.0.0.1 /jiayoulong/Home/Wechat/mapAddressTranslation?address=%E6%98%86%E6%98%8E%E5%B8%82%E8%A5%BF%E5%B1%B1%E5%8C%BA%E5%89%8D%E5%85%B4%E8%B7%AF%E8%A5%BF%E5%B1%B1%E4%B8%87%E8%BE%BE%E5%B9%BF%E5%9C%BA%E4%B8%9C%E4%BE%A7
INFO: [ app_init ] --START--
INFO: Run Behavior\BuildLiteBehavior [ RunTime:0.000000s ]
INFO: [ app_init ] --END-- [ RunTime:0.000000s ]
INFO: [ app_begin ] --START--
INFO: Run Behavior\ReadHtmlCacheBehavior [ RunTime:0.000000s ]
INFO: [ app_begin ] --END-- [ RunTime:0.000000s ]

[ 2017-08-29T09:58:13+08:00 ] 127.0.0.1 /jiayoulong/Home/Wechat/mapAddressTranslation?address=%E6%98%86%E6%98%8E%E5%B8%82%E8%A5%BF%E5%B1%B1%E5%8C%BA%E5%89%8D%E5%85%B4%E8%B7%AF%E8%A5%BF%E5%B1%B1%E4%B8%87%E8%BE%BE%E5%B9%BF%E5%9C%BA%E4%B8%9C%E4%BE%A7
INFO: [ app_init ] --START--
INFO: Run Behavior\BuildLiteBehavior [ RunTime:0.000000s ]
INFO: [ app_init ] --END-- [ RunTime:0.000000s ]
INFO: [ app_begin ] --START--
INFO: Run Behavior\ReadHtmlCacheBehavior [ RunTime:0.001000s ]
INFO: [ app_begin ] --END-- [ RunTime:0.001000s ]
INFO: [ app_end ] --START--
INFO: Run Behavior\ShowPageTraceBehavior [ RunTime:0.017000s ]
INFO: [ app_end ] --END-- [ RunTime:0.017000s ]

[ 2017-08-29T09:58:27+08:00 ] 127.0.0.1 /jiayoulong/Home/Wechat/mapAddressTranslation?address=%E6%98%86%E6%98%8E%E5%B8%82%E8%A5%BF%E5%B1%B1%E5%8C%BA%E5%89%8D%E5%85%B4%E8%B7%AF%E8%A5%BF%E5%B1%B1%E4%B8%87%E8%BE%BE%E5%B9%BF%E5%9C%BA%E4%B8%9C%E4%BE%A7
INFO: [ app_init ] --START--
INFO: Run Behavior\BuildLiteBehavior [ RunTime:0.000000s ]
INFO: [ app_init ] --END-- [ RunTime:0.000000s ]
INFO: [ app_begin ] --START--
INFO: Run Behavior\ReadHtmlCacheBehavior [ RunTime:0.000000s ]
INFO: [ app_begin ] --END-- [ RunTime:0.000000s ]

[ 2017-08-29T09:59:20+08:00 ] 127.0.0.1 /jiayoulong/Home/Wechat/mapAddressTranslation?address=%E6%98%86%E6%98%8E%E5%B8%82%E8%A5%BF%E5%B1%B1%E5%8C%BA%E5%89%8D%E5%85%B4%E8%B7%AF%E8%A5%BF%E5%B1%B1%E4%B8%87%E8%BE%BE%E5%B9%BF%E5%9C%BA%E4%B8%9C%E4%BE%A7
INFO: [ app_init ] --START--
INFO: Run Behavior\BuildLiteBehavior [ RunTime:0.000000s ]
INFO: [ app_init ] --END-- [ RunTime:0.001000s ]
INFO: [ app_begin ] --START--
INFO: Run Behavior\ReadHtmlCacheBehavior [ RunTime:0.000000s ]
INFO: [ app_begin ] --END-- [ RunTime:0.000000s ]

[ 2017-08-29T10:01:30+08:00 ] 127.0.0.1 /jiayoulong/Home/Wechat/mapAddressTranslation?address=%E6%98%86%E6%98%8E%E5%B8%82%E8%A5%BF%E5%B1%B1%E5%8C%BA%E5%89%8D%E5%85%B4%E8%B7%AF%E8%A5%BF%E5%B1%B1%E4%B8%87%E8%BE%BE%E5%B9%BF%E5%9C%BA%E4%B8%9C%E4%BE%A7
INFO: [ app_init ] --START--
INFO: Run Behavior\BuildLiteBehavior [ RunTime:0.000000s ]
INFO: [ app_init ] --END-- [ RunTime:0.000000s ]
INFO: [ app_begin ] --START--
INFO: Run Behavior\ReadHtmlCacheBehavior [ RunTime:0.000000s ]
INFO: [ app_begin ] --END-- [ RunTime:0.001000s ]

[ 2017-08-29T10:02:03+08:00 ] 127.0.0.1 /jiayoulong/Home/Wechat/orderSelect?x=&y=
INFO: [ app_init ] --START--
INFO: Run Behavior\BuildLiteBehavior [ RunTime:0.000000s ]
INFO: [ app_init ] --END-- [ RunTime:0.000000s ]
INFO: [ app_begin ] --START--
INFO: Run Behavior\ReadHtmlCacheBehavior [ RunTime:0.000000s ]
INFO: [ app_begin ] --END-- [ RunTime:0.000000s ]
SQL: SHOW COLUMNS FROM `think_order` [ RunTime:0.0010s ]
SQL: SELECT * FROM `think_order`  [ RunTime:0.0010s ]

[ 2017-08-29T10:05:44+08:00 ] 127.0.0.1 /jiayoulong/Home/Wechat/orderSelect?x=&y=
INFO: [ app_init ] --START--
INFO: Run Behavior\BuildLiteBehavior [ RunTime:0.000000s ]
INFO: [ app_init ] --END-- [ RunTime:0.001000s ]
INFO: [ app_begin ] --START--
INFO: Run Behavior\ReadHtmlCacheBehavior [ RunTime:0.000000s ]
INFO: [ app_begin ] --END-- [ RunTime:0.000000s ]
SQL: SHOW COLUMNS FROM `think_order` [ RunTime:0.0010s ]
SQL: SELECT * FROM `think_order`  [ RunTime:0.0000s ]

[ 2017-08-29T10:07:50+08:00 ] 127.0.0.1 /jiayoulong/Home/Wechat/orderSelect?x=&y=
INFO: [ app_init ] --START--
INFO: Run Behavior\BuildLiteBehavior [ RunTime:0.000000s ]
INFO: [ app_init ] --END-- [ RunTime:0.001000s ]
INFO: [ app_begin ] --START--
INFO: Run Behavior\ReadHtmlCacheBehavior [ RunTime:0.001000s ]
INFO: [ app_begin ] --END-- [ RunTime:0.001000s ]
SQL: SHOW COLUMNS FROM `think_order` [ RunTime:0.0010s ]
SQL: SELECT * FROM `think_order`  [ RunTime:0.0010s ]

[ 2017-08-29T10:08:04+08:00 ] 127.0.0.1 /jiayoulong/Home/Wechat/orderSelect?x=&y=
INFO: [ app_init ] --START--
INFO: Run Behavior\BuildLiteBehavior [ RunTime:0.000000s ]
INFO: [ app_init ] --END-- [ RunTime:0.000000s ]
INFO: [ app_begin ] --START--
INFO: Run Behavior\ReadHtmlCacheBehavior [ RunTime:0.000000s ]
INFO: [ app_begin ] --END-- [ RunTime:0.000000s ]
SQL: SHOW COLUMNS FROM `think_order` [ RunTime:0.0010s ]
SQL: SELECT * FROM `think_order`  [ RunTime:0.0000s ]

[ 2017-08-29T10:08:20+08:00 ] 127.0.0.1 /jiayoulong/Home/Wechat/orderSelect?x=&y=
INFO: [ app_init ] --START--
INFO: Run Behavior\BuildLiteBehavior [ RunTime:0.000000s ]
INFO: [ app_init ] --END-- [ RunTime:0.000000s ]
INFO: [ app_begin ] --START--
INFO: Run Behavior\ReadHtmlCacheBehavior [ RunTime:0.000000s ]
INFO: [ app_begin ] --END-- [ RunTime:0.000000s ]
SQL: SHOW COLUMNS FROM `think_order` [ RunTime:0.0010s ]
SQL: SELECT * FROM `think_order`  [ RunTime:0.0000s ]

[ 2017-08-29T10:08:55+08:00 ] 127.0.0.1 /jiayoulong/Home/Wechat/orderSelect?x=&y=
INFO: [ app_init ] --START--
INFO: Run Behavior\BuildLiteBehavior [ RunTime:0.000000s ]
INFO: [ app_init ] --END-- [ RunTime:0.000000s ]
INFO: [ app_begin ] --START--
INFO: Run Behavior\ReadHtmlCacheBehavior [ RunTime:0.000000s ]
INFO: [ app_begin ] --END-- [ RunTime:0.000000s ]
SQL: SHOW COLUMNS FROM `think_order` [ RunTime:0.0010s ]
SQL: SELECT * FROM `think_order`  [ RunTime:0.0000s ]

[ 2017-08-29T10:11:43+08:00 ] 127.0.0.1 /jiayoulong/Home/Wechat/orderSelect?x=&y=
INFO: [ app_init ] --START--
INFO: Run Behavior\BuildLiteBehavior [ RunTime:0.001000s ]
INFO: [ app_init ] --END-- [ RunTime:0.002000s ]
INFO: [ app_begin ] --START--
INFO: Run Behavior\ReadHtmlCacheBehavior [ RunTime:0.001000s ]
INFO: [ app_begin ] --END-- [ RunTime:0.001000s ]
SQL: SHOW COLUMNS FROM `think_order` [ RunTime:0.0010s ]
SQL: SELECT * FROM `think_order`  [ RunTime:0.0000s ]

[ 2017-08-29T10:11:43+08:00 ] 127.0.0.1 /jiayoulong/Home/Wechat/mapAddressTranslation?address=
INFO: [ app_init ] --START--
INFO: Run Behavior\BuildLiteBehavior [ RunTime:0.000000s ]
INFO: [ app_init ] --END-- [ RunTime:0.001000s ]
INFO: [ app_begin ] --START--
INFO: Run Behavior\ReadHtmlCacheBehavior [ RunTime:0.001000s ]
INFO: [ app_begin ] --END-- [ RunTime:0.001000s ]

[ 2017-08-29T10:12:08+08:00 ] 127.0.0.1 /jiayoulong/Home/Wechat/orderSelect?x=&y=
INFO: [ app_init ] --START--
INFO: Run Behavior\BuildLiteBehavior [ RunTime:0.000000s ]
INFO: [ app_init ] --END-- [ RunTime:0.000000s ]
INFO: [ app_begin ] --START--
INFO: Run Behavior\ReadHtmlCacheBehavior [ RunTime:0.001000s ]
INFO: [ app_begin ] --END-- [ RunTime:0.001000s ]
SQL: SHOW COLUMNS FROM `think_order` [ RunTime:0.0010s ]
SQL: SELECT * FROM `think_order`  [ RunTime:0.0000s ]

[ 2017-08-29T10:12:08+08:00 ] 127.0.0.1 /jiayoulong/Home/Wechat/mapAddressTranslation?address=
INFO: [ app_init ] --START--
INFO: Run Behavior\BuildLiteBehavior [ RunTime:0.000000s ]
INFO: [ app_init ] --END-- [ RunTime:0.000000s ]
INFO: [ app_begin ] --START--
INFO: Run Behavior\ReadHtmlCacheBehavior [ RunTime:0.001000s ]
INFO: [ app_begin ] --END-- [ RunTime:0.001000s ]

[ 2017-08-29T10:12:18+08:00 ] 127.0.0.1 /jiayoulong/Home/Wechat/mapAddressTranslation?address=
INFO: [ app_init ] --START--
INFO: Run Behavior\BuildLiteBehavior [ RunTime:0.000000s ]
INFO: [ app_init ] --END-- [ RunTime:0.002000s ]
INFO: [ app_begin ] --START--
INFO: Run Behavior\ReadHtmlCacheBehavior [ RunTime:0.001000s ]
INFO: [ app_begin ] --END-- [ RunTime:0.001000s ]

[ 2017-08-29T10:14:08+08:00 ] 127.0.0.1 /jiayoulong/Home/Wechat/mapAddressTranslation?address=
INFO: [ app_init ] --START--
INFO: Run Behavior\BuildLiteBehavior [ RunTime:0.000000s ]
INFO: [ app_init ] --END-- [ RunTime:0.001000s ]
INFO: [ app_begin ] --START--
INFO: Run Behavior\ReadHtmlCacheBehavior [ RunTime:0.000000s ]
INFO: [ app_begin ] --END-- [ RunTime:0.000000s ]

[ 2017-08-29T10:26:54+08:00 ] 127.0.0.1 /jiayoulong/Home/Wechat/mapAddressTranslation?address=%E6%98%86%E6%98%8E%E5%B8%82%E8%A5%BF%E5%B1%B1%E5%8C%BA%E5%89%8D%E5%85%B4%E8%B7%AF%E8%A5%BF%E5%B1%B1%E4%B8%87%E8%BE%BE%E5%B9%BF%E5%9C%BA%E4%B8%9C%E4%BE%A7
INFO: [ app_init ] --START--
INFO: Run Behavior\BuildLiteBehavior [ RunTime:0.000000s ]
INFO: [ app_init ] --END-- [ RunTime:0.001000s ]
INFO: [ app_begin ] --START--
INFO: Run Behavior\ReadHtmlCacheBehavior [ RunTime:0.001000s ]
INFO: [ app_begin ] --END-- [ RunTime:0.001000s ]

[ 2017-08-29T10:28:11+08:00 ] 127.0.0.1 /jiayoulong/Home/Wechat/mapAddressTranslation?address=%E6%98%86%E6%98%8E%E4%B8%87%E8%BE%BE%E5%B9%BF%E5%9C%BA
INFO: [ app_init ] --START--
INFO: Run Behavior\BuildLiteBehavior [ RunTime:0.000000s ]
INFO: [ app_init ] --END-- [ RunTime:0.000000s ]
INFO: [ app_begin ] --START--
INFO: Run Behavior\ReadHtmlCacheBehavior [ RunTime:0.001000s ]
INFO: [ app_begin ] --END-- [ RunTime:0.001000s ]

[ 2017-08-29T10:28:35+08:00 ] 127.0.0.1 /jiayoulong/Home/Wechat/mapAddressTranslation?address=%E5%91%88%E8%B4%A1%E8%93%9D%E5%85%89%E5%A4%A9%E9%AA%84%E5%9F%8E
INFO: [ app_init ] --START--
INFO: Run Behavior\BuildLiteBehavior [ RunTime:0.000000s ]
INFO: [ app_init ] --END-- [ RunTime:0.001000s ]
INFO: [ app_begin ] --START--
INFO: Run Behavior\ReadHtmlCacheBehavior [ RunTime:0.002000s ]
INFO: [ app_begin ] --END-- [ RunTime:0.002000s ]

[ 2017-08-29T10:28:57+08:00 ] 127.0.0.1 /jiayoulong/Home/Wechat/mapAddressTranslation?address=%E5%91%88%E8%B4%A1%E8%93%9D%E5%85%89%E5%A4%A9%E9%AA%84%E5%9F%8E
INFO: [ app_init ] --START--
INFO: Run Behavior\BuildLiteBehavior [ RunTime:0.000000s ]
INFO: [ app_init ] --END-- [ RunTime:0.000000s ]
INFO: [ app_begin ] --START--
INFO: Run Behavior\ReadHtmlCacheBehavior [ RunTime:0.000000s ]
INFO: [ app_begin ] --END-- [ RunTime:0.000000s ]

[ 2017-08-29T10:42:28+08:00 ] 127.0.0.1 /jiayoulong/Home/Wechat/mapAddressTranslation?address=%E6%98%86%E6%98%8E%E8%A5%BF%E5%B1%B1%E5%8C%BA%E4%B8%87%E8%BE%BE%E5%B9%BF%E5%9C%BA
INFO: [ app_init ] --START--
INFO: Run Behavior\BuildLiteBehavior [ RunTime:0.000000s ]
INFO: [ app_init ] --END-- [ RunTime:0.001000s ]
INFO: [ app_begin ] --START--
INFO: Run Behavior\ReadHtmlCacheBehavior [ RunTime:0.000000s ]
INFO: [ app_begin ] --END-- [ RunTime:0.000000s ]

[ 2017-08-29T10:43:14+08:00 ] 127.0.0.1 /jiayoulong/Home/Wechat/mapAddressTranslation?address=%E6%B3%9B%E4%BA%9A%E9%87%91%E8%9E%8D%E4%BA%A7%E4%B8%9A%E4%B8%AD%E5%BF%83%E5%9B%AD%E5%8C%BA%E5%89%8D%E5%85%B4%E8%B7%AF%E4%B8%8B%E7%A9%BF%E9%9A%A7%E9%81%93%E5%8D%97%E7%BA%A6300%E7%B1%B3%E5%A4%84%E4%B8%87%E8%BE%BE%E5%B9%BF%E5%9C%BA
INFO: [ app_init ] --START--
INFO: Run Behavior\BuildLiteBehavior [ RunTime:0.000000s ]
INFO: [ app_init ] --END-- [ RunTime:0.000000s ]
INFO: [ app_begin ] --START--
INFO: Run Behavior\ReadHtmlCacheBehavior [ RunTime:0.001000s ]
INFO: [ app_begin ] --END-- [ RunTime:0.001000s ]

[ 2017-08-29T10:47:55+08:00 ] 127.0.0.1 /jiayoulong/Home/Wechat/mapAddressTranslation?address=%E6%B3%9B%E4%BA%9A%E9%87%91%E8%9E%8D%E4%BA%A7%E4%B8%9A%E4%B8%AD%E5%BF%83%E5%9B%AD%E5%8C%BA%E5%89%8D%E5%85%B4%E8%B7%AF%E4%B8%8B%E7%A9%BF%E9%9A%A7%E9%81%93%E5%8D%97%E7%BA%A6300%E7%B1%B3%E5%A4%84%E4%B8%87%E8%BE%BE%E5%B9%BF%E5%9C%BA
INFO: [ app_init ] --START--
INFO: Run Behavior\BuildLiteBehavior [ RunTime:0.000000s ]
INFO: [ app_init ] --END-- [ RunTime:0.000000s ]
INFO: [ app_begin ] --START--
INFO: Run Behavior\ReadHtmlCacheBehavior [ RunTime:0.000000s ]
INFO: [ app_begin ] --END-- [ RunTime:0.000000s ]

[ 2017-08-29T10:48:27+08:00 ] 127.0.0.1 /jiayoulong/Home/Wechat/mapAddressTranslation?address=%E5%91%88%E8%B4%A1%E8%93%9D%E5%85%89%E5%A4%A9%E9%AA%84%E5%9F%8E
INFO: [ app_init ] --START--
INFO: Run Behavior\BuildLiteBehavior [ RunTime:0.000000s ]
INFO: [ app_init ] --END-- [ RunTime:0.001000s ]
INFO: [ app_begin ] --START--
INFO: Run Behavior\ReadHtmlCacheBehavior [ RunTime:0.001000s ]
INFO: [ app_begin ] --END-- [ RunTime:0.001000s ]

[ 2017-08-29T10:49:09+08:00 ] 127.0.0.1 /jiayoulong/Home/Wechat/mapAddressTranslation?address=%E5%91%88%E8%B4%A1%E8%93%9D%E5%85%89%E5%A4%A9%E9%AA%84%E5%9F%8E
INFO: [ app_init ] --START--
INFO: Run Behavior\BuildLiteBehavior [ RunTime:0.000000s ]
INFO: [ app_init ] --END-- [ RunTime:0.001000s ]
INFO: [ app_begin ] --START--
INFO: Run Behavior\ReadHtmlCacheBehavior [ RunTime:0.000000s ]
INFO: [ app_begin ] --END-- [ RunTime:0.000000s ]

[ 2017-08-29T10:50:39+08:00 ] 127.0.0.1 /jiayoulong/Home/Wechat/mapAddressTranslation?address=%E5%91%88%E8%B4%A1%E8%93%9D%E5%85%89%E5%A4%A9%E9%AA%84%E5%9F%8E
INFO: [ app_init ] --START--
INFO: Run Behavior\BuildLiteBehavior [ RunTime:0.000000s ]
INFO: [ app_init ] --END-- [ RunTime:0.001000s ]
INFO: [ app_begin ] --START--
INFO: Run Behavior\ReadHtmlCacheBehavior [ RunTime:0.000000s ]
INFO: [ app_begin ] --END-- [ RunTime:0.001000s ]

[ 2017-08-29T10:50:49+08:00 ] 127.0.0.1 /jiayoulong/Home/Wechat/mapAddressTranslation?address=%E5%91%88%E8%B4%A1%E8%93%9D%E5%85%89%E5%A4%A9%E9%AA%84%E5%9F%8E
INFO: [ app_init ] --START--
INFO: Run Behavior\BuildLiteBehavior [ RunTime:0.000000s ]
INFO: [ app_init ] --END-- [ RunTime:0.001000s ]
INFO: [ app_begin ] --START--
INFO: Run Behavior\ReadHtmlCacheBehavior [ RunTime:0.000000s ]
INFO: [ app_begin ] --END-- [ RunTime:0.000000s ]

[ 2017-08-29T10:51:01+08:00 ] 127.0.0.1 /jiayoulong/Home/Wechat/mapAddressTranslation?address=%E5%91%88%E8%B4%A1%E8%93%9D%E5%85%89%E5%A4%A9%E9%AA%84%E5%9F%8E
INFO: [ app_init ] --START--
INFO: Run Behavior\BuildLiteBehavior [ RunTime:0.000000s ]
INFO: [ app_init ] --END-- [ RunTime:0.003000s ]
INFO: [ app_begin ] --START--
INFO: Run Behavior\ReadHtmlCacheBehavior [ RunTime:0.000000s ]
INFO: [ app_begin ] --END-- [ RunTime:0.000000s ]

[ 2017-08-29T10:55:03+08:00 ] 127.0.0.1 /jiayoulong/Home/Wechat/mapAddressTranslation?address=%E5%91%88%E8%B4%A1%E8%93%9D%E5%85%89%E5%A4%A9%E9%AA%84%E5%9F%8E
INFO: [ app_init ] --START--
INFO: Run Behavior\BuildLiteBehavior [ RunTime:0.000000s ]
INFO: [ app_init ] --END-- [ RunTime:0.001000s ]
INFO: [ app_begin ] --START--
INFO: Run Behavior\ReadHtmlCacheBehavior [ RunTime:0.003000s ]
INFO: [ app_begin ] --END-- [ RunTime:0.003000s ]

[ 2017-08-29T10:55:19+08:00 ] 127.0.0.1 /jiayoulong/Home/Wechat/mapAddressTranslation?address=%E5%91%88%E8%B4%A1%E8%93%9D%E5%85%89%E5%A4%A9%E9%AA%84%E5%9F%8E
INFO: [ app_init ] --START--
INFO: Run Behavior\BuildLiteBehavior [ RunTime:0.000000s ]
INFO: [ app_init ] --END-- [ RunTime:0.001000s ]
INFO: [ app_begin ] --START--
INFO: Run Behavior\ReadHtmlCacheBehavior [ RunTime:0.000000s ]
INFO: [ app_begin ] --END-- [ RunTime:0.000000s ]

[ 2017-08-29T10:57:11+08:00 ] 127.0.0.1 /jiayoulong/Home/Wechat/mapAddressTranslation?address=%E5%91%88%E8%B4%A1%E8%93%9D%E5%85%89%E5%A4%A9%E9%AA%84%E5%9F%8E
INFO: [ app_init ] --START--
INFO: Run Behavior\BuildLiteBehavior [ RunTime:0.000000s ]
INFO: [ app_init ] --END-- [ RunTime:0.001000s ]
INFO: [ app_begin ] --START--
INFO: Run Behavior\ReadHtmlCacheBehavior [ RunTime:0.000000s ]
INFO: [ app_begin ] --END-- [ RunTime:0.001000s ]

[ 2017-08-29T10:59:16+08:00 ] 127.0.0.1 /jiayoulong/Home/Wechat/mapAddressTranslation?address=%E5%91%88%E8%B4%A1%E8%93%9D%E5%85%89%E5%A4%A9%E9%AA%84%E5%9F%8E
INFO: [ app_init ] --START--
INFO: Run Behavior\BuildLiteBehavior [ RunTime:0.001000s ]
INFO: [ app_init ] --END-- [ RunTime:0.001000s ]
INFO: [ app_begin ] --START--
INFO: Run Behavior\ReadHtmlCacheBehavior [ RunTime:0.000000s ]
INFO: [ app_begin ] --END-- [ RunTime:0.000000s ]

[ 2017-08-29T10:59:47+08:00 ] 127.0.0.1 /jiayoulong/Home/Wechat/mapAddressTranslation?address=%E5%91%88%E8%B4%A1%E8%93%9D%E5%85%89%E5%A4%A9%E9%AA%84%E5%9F%8E
INFO: [ app_init ] --START--
INFO: Run Behavior\BuildLiteBehavior [ RunTime:0.001000s ]
INFO: [ app_init ] --END-- [ RunTime:0.001000s ]
INFO: [ app_begin ] --START--
INFO: Run Behavior\ReadHtmlCacheBehavior [ RunTime:0.001000s ]
INFO: [ app_begin ] --END-- [ RunTime:0.001000s ]

[ 2017-08-29T11:00:17+08:00 ] 127.0.0.1 /jiayoulong/Home/Wechat/mapAddressTranslation?address=%E5%91%88%E8%B4%A1%E8%93%9D%E5%85%89%E5%A4%A9%E9%AA%84%E5%9F%8E
INFO: [ app_init ] --START--
INFO: Run Behavior\BuildLiteBehavior [ RunTime:0.000000s ]
INFO: [ app_init ] --END-- [ RunTime:0.000000s ]
INFO: [ app_begin ] --START--
INFO: Run Behavior\ReadHtmlCacheBehavior [ RunTime:0.000000s ]
INFO: [ app_begin ] --END-- [ RunTime:0.000000s ]

[ 2017-08-29T11:00:33+08:00 ] 127.0.0.1 /jiayoulong/Home/Wechat/mapAddressTranslation?address=%E5%91%88%E8%B4%A1%E8%93%9D%E5%85%89%E5%A4%A9%E9%AA%84%E5%9F%8E
INFO: [ app_init ] --START--
INFO: Run Behavior\BuildLiteBehavior [ RunTime:0.000000s ]
INFO: [ app_init ] --END-- [ RunTime:0.001000s ]
INFO: [ app_begin ] --START--
INFO: Run Behavior\ReadHtmlCacheBehavior [ RunTime:0.000000s ]
INFO: [ app_begin ] --END-- [ RunTime:0.001000s ]

[ 2017-08-29T11:01:12+08:00 ] 127.0.0.1 /jiayoulong/Home/Wechat/mapAddressTranslation?address=%E5%91%88%E8%B4%A1%E8%93%9D%E5%85%89%E5%A4%A9%E9%AA%84%E5%9F%8E
INFO: [ app_init ] --START--
INFO: Run Behavior\BuildLiteBehavior [ RunTime:0.000000s ]
INFO: [ app_init ] --END-- [ RunTime:0.001000s ]
INFO: [ app_begin ] --START--
INFO: Run Behavior\ReadHtmlCacheBehavior [ RunTime:0.000000s ]
INFO: [ app_begin ] --END-- [ RunTime:0.000000s ]

[ 2017-08-29T11:02:17+08:00 ] 127.0.0.1 /jiayoulong/Home/Wechat/mapAddressTranslation?address=%E5%91%88%E8%B4%A1%E8%93%9D%E5%85%89%E5%A4%A9%E9%AA%84%E5%9F%8E
INFO: [ app_init ] --START--
INFO: Run Behavior\BuildLiteBehavior [ RunTime:0.000000s ]
INFO: [ app_init ] --END-- [ RunTime:0.000000s ]
INFO: [ app_begin ] --START--
INFO: Run Behavior\ReadHtmlCacheBehavior [ RunTime:0.001000s ]
INFO: [ app_begin ] --END-- [ RunTime:0.001000s ]

[ 2017-08-29T11:02:43+08:00 ] 127.0.0.1 /jiayoulong/Home/Wechat/mapAddressTranslation?address=%E5%91%88%E8%B4%A1%E8%93%9D%E5%85%89%E5%A4%A9%E9%AA%84%E5%9F%8E
INFO: [ app_init ] --START--
INFO: Run Behavior\BuildLiteBehavior [ RunTime:0.000000s ]
INFO: [ app_init ] --END-- [ RunTime:0.001000s ]
INFO: [ app_begin ] --START--
INFO: Run Behavior\ReadHtmlCacheBehavior [ RunTime:0.000000s ]
INFO: [ app_begin ] --END-- [ RunTime:0.000000s ]

[ 2017-08-29T11:04:49+08:00 ] 127.0.0.1 /jiayoulong/Home/Wechat/mapAddressTranslation?address=%E5%91%88%E8%B4%A1%E8%93%9D%E5%85%89%E5%A4%A9%E9%AA%84%E5%9F%8E
INFO: [ app_init ] --START--
INFO: Run Behavior\BuildLiteBehavior [ RunTime:0.000000s ]
INFO: [ app_init ] --END-- [ RunTime:0.001000s ]
INFO: [ app_begin ] --START--
INFO: Run Behavior\ReadHtmlCacheBehavior [ RunTime:0.001000s ]
INFO: [ app_begin ] --END-- [ RunTime:0.001000s ]

[ 2017-08-29T11:05:46+08:00 ] 127.0.0.1 /jiayoulong/Home/Wechat/mapAddressTranslation?address=%E5%91%88%E8%B4%A1%E8%93%9D%E5%85%89%E5%A4%A9%E9%AA%84%E5%9F%8E
INFO: [ app_init ] --START--
INFO: Run Behavior\BuildLiteBehavior [ RunTime:0.000000s ]
INFO: [ app_init ] --END-- [ RunTime:0.000000s ]
INFO: [ app_begin ] --START--
INFO: Run Behavior\ReadHtmlCacheBehavior [ RunTime:0.000000s ]
INFO: [ app_begin ] --END-- [ RunTime:0.000000s ]

[ 2017-08-29T15:52:46+08:00 ] 127.0.0.1 /jiayoulong/Home/Wechat/userLogin?code=003aCPR70BldcK1W2fQ70ZKZR70aCPRb
INFO: [ app_init ] --START--
INFO: Run Behavior\BuildLiteBehavior [ RunTime:0.000000s ]
INFO: [ app_init ] --END-- [ RunTime:0.027000s ]
INFO: [ app_begin ] --START--
INFO: Run Behavior\ReadHtmlCacheBehavior [ RunTime:0.013000s ]
INFO: [ app_begin ] --END-- [ RunTime:0.013000s ]

[ 2017-08-29T15:55:45+08:00 ] 127.0.0.1 /jiayoulong/Home/Wechat/userLogin
INFO: [ app_init ] --START--
INFO: Run Behavior\BuildLiteBehavior [ RunTime:0.000000s ]
INFO: [ app_init ] --END-- [ RunTime:0.019000s ]
INFO: [ app_begin ] --START--
INFO: Run Behavior\ReadHtmlCacheBehavior [ RunTime:0.032000s ]
INFO: [ app_begin ] --END-- [ RunTime:0.032000s ]
NOTIC: [8] Undefined index: code D:\wamp64\www\jiayoulong\Application\Home\Controller\WechatController.class.php 第 107 行.
NOTIC: [8] Undefined index: code D:\wamp64\www\jiayoulong\Application\Home\Controller\WechatController.class.php 第 111 行.

[ 2017-08-29T15:56:02+08:00 ] 127.0.0.1 /jiayoulong/Home/Wechat/userLogin?code=013Netxo1hLuxo0C5izo1Zvvxo1Netxp
INFO: [ app_init ] --START--
INFO: Run Behavior\BuildLiteBehavior [ RunTime:0.000000s ]
INFO: [ app_init ] --END-- [ RunTime:0.000000s ]
INFO: [ app_begin ] --START--
INFO: Run Behavior\ReadHtmlCacheBehavior [ RunTime:0.001000s ]
INFO: [ app_begin ] --END-- [ RunTime:0.001000s ]

[ 2017-08-29T15:57:11+08:00 ] 127.0.0.1 /jiayoulong/Home/Wechat/userLogin?code=013Netxo1hLuxo0C5izo1Zvvxo1Netxp
INFO: [ app_init ] --START--
INFO: Run Behavior\BuildLiteBehavior [ RunTime:0.000000s ]
INFO: [ app_init ] --END-- [ RunTime:0.000000s ]
INFO: [ app_begin ] --START--
INFO: Run Behavior\ReadHtmlCacheBehavior [ RunTime:0.001000s ]
INFO: [ app_begin ] --END-- [ RunTime:0.001000s ]

[ 2017-08-29T16:03:02+08:00 ] 127.0.0.1 /jiayoulong/Home/Wechat/userSelect
INFO: [ app_init ] --START--
INFO: Run Behavior\BuildLiteBehavior [ RunTime:0.000000s ]
INFO: [ app_init ] --END-- [ RunTime:0.005000s ]
INFO: [ app_begin ] --START--
INFO: Run Behavior\ReadHtmlCacheBehavior [ RunTime:0.012000s ]
INFO: [ app_begin ] --END-- [ RunTime:0.012000s ]
SQL: SHOW COLUMNS FROM `think_user` [ RunTime:0.2930s ]
SQL: SELECT * FROM `think_user`  [ RunTime:0.0170s ]

[ 2017-08-29T16:07:23+08:00 ] 127.0.0.1 /jiayoulong/Home/Wechat/userSelect
INFO: [ app_init ] --START--
INFO: Run Behavior\BuildLiteBehavior [ RunTime:0.000000s ]
INFO: [ app_init ] --END-- [ RunTime:0.001000s ]
INFO: [ app_begin ] --START--
INFO: Run Behavior\ReadHtmlCacheBehavior [ RunTime:0.001000s ]
INFO: [ app_begin ] --END-- [ RunTime:0.001000s ]
SQL: SHOW COLUMNS FROM `think_user` [ RunTime:0.1010s ]
SQL: SELECT * FROM `think_user`  [ RunTime:0.0000s ]

[ 2017-08-29T16:08:57+08:00 ] 127.0.0.1 /jiayoulong/Home/Wechat/userLogin
INFO: [ app_init ] --START--
INFO: Run Behavior\BuildLiteBehavior [ RunTime:0.000000s ]
INFO: [ app_init ] --END-- [ RunTime:0.000000s ]
INFO: [ app_begin ] --START--
INFO: Run Behavior\ReadHtmlCacheBehavior [ RunTime:0.001000s ]
INFO: [ app_begin ] --END-- [ RunTime:0.001000s ]
NOTIC: [8] Undefined index: code D:\wamp64\www\jiayoulong\Application\Home\Controller\WechatController.class.php 第 110 行.

[ 2017-08-29T16:09:34+08:00 ] 127.0.0.1 /jiayoulong/Home/Wechat/userLogin?code=013WWXKQ1kG9W61rqeLQ1hX4LQ1WWXKd
INFO: [ app_init ] --START--
INFO: Run Behavior\BuildLiteBehavior [ RunTime:0.000000s ]
INFO: [ app_init ] --END-- [ RunTime:0.001000s ]
INFO: [ app_begin ] --START--
INFO: Run Behavior\ReadHtmlCacheBehavior [ RunTime:0.000000s ]
INFO: [ app_begin ] --END-- [ RunTime:0.000000s ]

