[ 2017-09-24T12:16:06+08:00 ] 127.0.0.1 /jiayoulong/Home/Admin
INFO: [ app_init ] --START--
INFO: Run Behavior\BuildLiteBehavior [ RunTime:0.000000s ]
INFO: [ app_init ] --END-- [ RunTime:0.000000s ]
INFO: [ app_begin ] --START--
INFO: Run Behavior\ReadHtmlCacheBehavior [ RunTime:0.001000s ]
INFO: [ app_begin ] --END-- [ RunTime:0.001000s ]
INFO: [ view_parse ] --START--
INFO: [ template_filter ] --START--
INFO: Run Behavior\ContentReplaceBehavior [ RunTime:0.000000s ]
INFO: [ template_filter ] --END-- [ RunTime:0.000000s ]
INFO: Run Behavior\ParseTemplateBehavior [ RunTime:0.092000s ]
INFO: [ view_parse ] --END-- [ RunTime:0.093000s ]
INFO: [ view_filter ] --START--
INFO: Run Behavior\WriteHtmlCacheBehavior [ RunTime:0.008000s ]
INFO: [ view_filter ] --END-- [ RunTime:0.008000s ]
INFO: [ app_end ] --START--
INFO: Run Behavior\ShowPageTraceBehavior [ RunTime:0.012000s ]
INFO: [ app_end ] --END-- [ RunTime:0.012000s ]

[ 2017-09-24T12:16:11+08:00 ] 127.0.0.1 /jiayoulong/index.php/Home/Admin/login
INFO: [ app_init ] --START--
INFO: Run Behavior\BuildLiteBehavior [ RunTime:0.000000s ]
INFO: [ app_init ] --END-- [ RunTime:0.000000s ]
INFO: [ app_begin ] --START--
INFO: Run Behavior\ReadHtmlCacheBehavior [ RunTime:0.000000s ]
INFO: [ app_begin ] --END-- [ RunTime:0.001000s ]
SQL: SHOW COLUMNS FROM `think_manager` [ RunTime:0.0000s ]
SQL: SELECT * FROM `think_manager` WHERE `phone` = '18164626080' AND `password` = '123456'  [ RunTime:0.0000s ]

[ 2017-09-24T12:16:11+08:00 ] 127.0.0.1 /jiayoulong/index.php/Home/Admin/Index/index
INFO: [ app_init ] --START--
INFO: Run Behavior\BuildLiteBehavior [ RunTime:0.000000s ]
INFO: [ app_init ] --END-- [ RunTime:0.000000s ]
INFO: [ app_begin ] --START--
INFO: Run Behavior\ReadHtmlCacheBehavior [ RunTime:0.001000s ]
INFO: [ app_begin ] --END-- [ RunTime:0.001000s ]
INFO: [ view_parse ] --START--
INFO: [ template_filter ] --START--
INFO: Run Behavior\ContentReplaceBehavior [ RunTime:0.000000s ]
INFO: [ template_filter ] --END-- [ RunTime:0.000000s ]
NOTIC: [8] Undefined variable: pageName D:\wamp64\www\jiayoulong\Application\Runtime\Cache\Home\2cf09506161e9442bd1ad02f12a1e9e4.php 第 62 行.
SQL: SHOW COLUMNS FROM `think_order` [ RunTime:0.0010s ]
SQL: SELECT * FROM `think_order` WHERE `view` = 0  [ RunTime:0.0000s ]
NOTIC: [8] Undefined variable: pageName D:\wamp64\www\jiayoulong\Application\Runtime\Cache\Home\2cf09506161e9442bd1ad02f12a1e9e4.php 第 75 行.
NOTIC: [8] Undefined variable: pageName D:\wamp64\www\jiayoulong\Application\Runtime\Cache\Home\2cf09506161e9442bd1ad02f12a1e9e4.php 第 82 行.
NOTIC: [8] Undefined variable: pageName D:\wamp64\www\jiayoulong\Application\Runtime\Cache\Home\2cf09506161e9442bd1ad02f12a1e9e4.php 第 88 行.
NOTIC: [8] Undefined variable: pageName D:\wamp64\www\jiayoulong\Application\Runtime\Cache\Home\2cf09506161e9442bd1ad02f12a1e9e4.php 第 94 行.
NOTIC: [8] Undefined variable: pageName D:\wamp64\www\jiayoulong\Application\Runtime\Cache\Home\2cf09506161e9442bd1ad02f12a1e9e4.php 第 101 行.
NOTIC: [8] Undefined variable: pageName D:\wamp64\www\jiayoulong\Application\Runtime\Cache\Home\2cf09506161e9442bd1ad02f12a1e9e4.php 第 108 行.
NOTIC: [8] Undefined variable: pageName D:\wamp64\www\jiayoulong\Application\Runtime\Cache\Home\2cf09506161e9442bd1ad02f12a1e9e4.php 第 133 行.
INFO: Run Behavior\ParseTemplateBehavior [ RunTime:0.023000s ]
INFO: [ view_parse ] --END-- [ RunTime:0.023000s ]
INFO: [ view_filter ] --START--
INFO: Run Behavior\WriteHtmlCacheBehavior [ RunTime:0.001000s ]
INFO: [ view_filter ] --END-- [ RunTime:0.001000s ]
INFO: [ app_end ] --START--
INFO: Run Behavior\ShowPageTraceBehavior [ RunTime:0.001000s ]
INFO: [ app_end ] --END-- [ RunTime:0.001000s ]

[ 2017-09-24T12:16:12+08:00 ] 127.0.0.1 /jiayoulong/index.php/Home/Admin/toHotel/pageName/hotel.html
INFO: [ app_init ] --START--
INFO: Run Behavior\BuildLiteBehavior [ RunTime:0.000000s ]
INFO: [ app_init ] --END-- [ RunTime:0.001000s ]
INFO: [ app_begin ] --START--
INFO: Run Behavior\ReadHtmlCacheBehavior [ RunTime:0.000000s ]
INFO: [ app_begin ] --END-- [ RunTime:0.000000s ]
NOTIC: [8] Undefined index: isChild D:\wamp64\www\jiayoulong\Application\Home\Controller\AdminController.class.php 第 93 行.
INFO: [ view_parse ] --START--
INFO: [ template_filter ] --START--
INFO: Run Behavior\ContentReplaceBehavior [ RunTime:0.000000s ]
INFO: [ template_filter ] --END-- [ RunTime:0.000000s ]
NOTIC: [8] Undefined index: status D:\wamp64\www\jiayoulong\Application\Runtime\Cache\Home\abd78ded8e08d6ac66c1ea8bdac46a7e.php 第 42 行.
NOTIC: [8] Undefined variable: status D:\wamp64\www\jiayoulong\Application\Runtime\Cache\Home\abd78ded8e08d6ac66c1ea8bdac46a7e.php 第 44 行.
NOTIC: [8] Undefined variable: status D:\wamp64\www\jiayoulong\Application\Runtime\Cache\Home\abd78ded8e08d6ac66c1ea8bdac46a7e.php 第 46 行.
NOTIC: [8] Undefined index: status D:\wamp64\www\jiayoulong\Application\Runtime\Cache\Home\abd78ded8e08d6ac66c1ea8bdac46a7e.php 第 48 行.
SQL: SHOW COLUMNS FROM `think_order` [ RunTime:0.0010s ]
SQL: SELECT * FROM `think_order` WHERE `view` = 0  [ RunTime:0.0010s ]
SQL: SHOW COLUMNS FROM `think_hotel` [ RunTime:0.0020s ]
SQL: SHOW COLUMNS FROM `think_hotel_home_style` [ RunTime:0.0010s ]
SQL: SHOW COLUMNS FROM `think_hotel_member` [ RunTime:0.0010s ]
SQL: SELECT * FROM `think_hotel` ORDER BY id desc  [ RunTime:0.0000s ]
SQL: SELECT * FROM `think_hotel_home_style` WHERE `id` = 10 ORDER BY id desc  [ RunTime:0.0010s ]
SQL: SELECT * FROM `think_hotel_member` WHERE `id` = 26  [ RunTime:0.0000s ]
SQL: SELECT * FROM `think_hotel_member` WHERE `id` = 27  [ RunTime:0.0000s ]
INFO: Run Behavior\ParseTemplateBehavior [ RunTime:0.039000s ]
INFO: [ view_parse ] --END-- [ RunTime:0.039000s ]
INFO: [ view_filter ] --START--
INFO: Run Behavior\WriteHtmlCacheBehavior [ RunTime:0.000000s ]
INFO: [ view_filter ] --END-- [ RunTime:0.001000s ]
INFO: [ app_end ] --START--
INFO: Run Behavior\ShowPageTraceBehavior [ RunTime:0.001000s ]
INFO: [ app_end ] --END-- [ RunTime:0.001000s ]

[ 2017-09-24T12:16:14+08:00 ] 127.0.0.1 /jiayoulong/index.php/Home/Admin/toMessage/pageName/message.html
INFO: [ app_init ] --START--
INFO: Run Behavior\BuildLiteBehavior [ RunTime:0.000000s ]
INFO: [ app_init ] --END-- [ RunTime:0.000000s ]
INFO: [ app_begin ] --START--
INFO: Run Behavior\ReadHtmlCacheBehavior [ RunTime:0.001000s ]
INFO: [ app_begin ] --END-- [ RunTime:0.001000s ]
INFO: [ view_parse ] --START--
INFO: [ template_filter ] --START--
INFO: Run Behavior\ContentReplaceBehavior [ RunTime:0.000000s ]
INFO: [ template_filter ] --END-- [ RunTime:0.000000s ]
NOTIC: [8] Undefined index: status D:\wamp64\www\jiayoulong\Application\Runtime\Cache\Home\ec423755740c4bb618939d70225cb3e8.php 第 35 行.
NOTIC: [8] Undefined variable: status D:\wamp64\www\jiayoulong\Application\Runtime\Cache\Home\ec423755740c4bb618939d70225cb3e8.php 第 37 行.
NOTIC: [8] Undefined variable: status D:\wamp64\www\jiayoulong\Application\Runtime\Cache\Home\ec423755740c4bb618939d70225cb3e8.php 第 39 行.
NOTIC: [8] Undefined index: status D:\wamp64\www\jiayoulong\Application\Runtime\Cache\Home\ec423755740c4bb618939d70225cb3e8.php 第 41 行.
SQL: SHOW COLUMNS FROM `think_order` [ RunTime:0.0010s ]
SQL: SELECT * FROM `think_order` WHERE `view` = 0  [ RunTime:0.0000s ]
SQL: SELECT * FROM `think_order` WHERE `status` = 0 ORDER BY id DESC  [ RunTime:0.0120s ]
SQL: SELECT * FROM `think_order` WHERE `status` = 2 ORDER BY id DESC  [ RunTime:0.0000s ]
SQL: SELECT * FROM `think_order` ORDER BY id DESC  [ RunTime:0.0010s ]
INFO: Run Behavior\ParseTemplateBehavior [ RunTime:0.045000s ]
INFO: [ view_parse ] --END-- [ RunTime:0.045000s ]
INFO: [ view_filter ] --START--
INFO: Run Behavior\WriteHtmlCacheBehavior [ RunTime:0.000000s ]
INFO: [ view_filter ] --END-- [ RunTime:0.001000s ]
INFO: [ app_end ] --START--
INFO: Run Behavior\ShowPageTraceBehavior [ RunTime:0.001000s ]
INFO: [ app_end ] --END-- [ RunTime:0.001000s ]

[ 2017-09-24T12:16:15+08:00 ] 127.0.0.1 /jiayoulong/index.php/Home/Wechat/orderSelectByStatus.html
INFO: [ app_init ] --START--
INFO: Run Behavior\BuildLiteBehavior [ RunTime:0.000000s ]
INFO: [ app_init ] --END-- [ RunTime:0.001000s ]
INFO: [ app_begin ] --START--
INFO: Run Behavior\ReadHtmlCacheBehavior [ RunTime:0.000000s ]
INFO: [ app_begin ] --END-- [ RunTime:0.000000s ]
SQL: SHOW COLUMNS FROM `think_order` [ RunTime:0.0010s ]
SQL: SELECT * FROM `think_order` WHERE `status` = '0' ORDER BY id desc  [ RunTime:0.0000s ]

[ 2017-09-24T12:16:17+08:00 ] 127.0.0.1 /jiayoulong/index.php/Home/Wechat/orderSelectByStatus.html
INFO: [ app_init ] --START--
INFO: Run Behavior\BuildLiteBehavior [ RunTime:0.000000s ]
INFO: [ app_init ] --END-- [ RunTime:0.001000s ]
INFO: [ app_begin ] --START--
INFO: Run Behavior\ReadHtmlCacheBehavior [ RunTime:0.002000s ]
INFO: [ app_begin ] --END-- [ RunTime:0.002000s ]
SQL: SHOW COLUMNS FROM `think_order` [ RunTime:0.0020s ]
SQL: SELECT * FROM `think_order` ORDER BY id desc  [ RunTime:0.0010s ]

[ 2017-09-24T12:16:29+08:00 ] 127.0.0.1 /jiayoulong/index.php/Home/Wechat/orderSelectByStatus.html
INFO: [ app_init ] --START--
INFO: Run Behavior\BuildLiteBehavior [ RunTime:0.000000s ]
INFO: [ app_init ] --END-- [ RunTime:0.001000s ]
INFO: [ app_begin ] --START--
INFO: Run Behavior\ReadHtmlCacheBehavior [ RunTime:0.001000s ]
INFO: [ app_begin ] --END-- [ RunTime:0.001000s ]
SQL: SHOW COLUMNS FROM `think_order` [ RunTime:0.0010s ]
SQL: SELECT * FROM `think_order` WHERE `status` = '0' ORDER BY id desc  [ RunTime:0.0010s ]

[ 2017-09-24T12:16:30+08:00 ] 127.0.0.1 /jiayoulong/index.php/Home/Wechat/orderSelectByStatus.html
INFO: [ app_init ] --START--
INFO: Run Behavior\BuildLiteBehavior [ RunTime:0.000000s ]
INFO: [ app_init ] --END-- [ RunTime:0.001000s ]
INFO: [ app_begin ] --START--
INFO: Run Behavior\ReadHtmlCacheBehavior [ RunTime:0.000000s ]
INFO: [ app_begin ] --END-- [ RunTime:0.001000s ]
SQL: SHOW COLUMNS FROM `think_order` [ RunTime:0.0010s ]
SQL: SELECT * FROM `think_order` WHERE `status` = '2' ORDER BY id desc  [ RunTime:0.0010s ]

[ 2017-09-24T12:16:30+08:00 ] 127.0.0.1 /jiayoulong/index.php/Home/Wechat/orderSelectByStatus.html
INFO: [ app_init ] --START--
INFO: Run Behavior\BuildLiteBehavior [ RunTime:0.000000s ]
INFO: [ app_init ] --END-- [ RunTime:0.001000s ]
INFO: [ app_begin ] --START--
INFO: Run Behavior\ReadHtmlCacheBehavior [ RunTime:0.001000s ]
INFO: [ app_begin ] --END-- [ RunTime:0.001000s ]
SQL: SHOW COLUMNS FROM `think_order` [ RunTime:0.0010s ]
SQL: SELECT * FROM `think_order` WHERE `status` = '0' ORDER BY id desc  [ RunTime:0.0010s ]

[ 2017-09-24T14:54:29+08:00 ] 127.0.0.1 /jiayoulong/index.php/Home/Wechat/orderSelectByStatus.html
INFO: [ app_init ] --START--
INFO: Run Behavior\BuildLiteBehavior [ RunTime:0.000000s ]
INFO: [ app_init ] --END-- [ RunTime:0.000000s ]
INFO: [ app_begin ] --START--
INFO: Run Behavior\ReadHtmlCacheBehavior [ RunTime:0.000000s ]
INFO: [ app_begin ] --END-- [ RunTime:0.000000s ]
SQL: SHOW COLUMNS FROM `think_order` [ RunTime:0.0010s ]
SQL: SELECT * FROM `think_order` WHERE `status` = '3' ORDER BY id desc  [ RunTime:0.0010s ]

[ 2017-09-24T14:54:31+08:00 ] 127.0.0.1 /jiayoulong/index.php/Home/Wechat/orderSelectByStatus.html
INFO: [ app_init ] --START--
INFO: Run Behavior\BuildLiteBehavior [ RunTime:0.000000s ]
INFO: [ app_init ] --END-- [ RunTime:0.001000s ]
INFO: [ app_begin ] --START--
INFO: Run Behavior\ReadHtmlCacheBehavior [ RunTime:0.000000s ]
INFO: [ app_begin ] --END-- [ RunTime:0.000000s ]
SQL: SHOW COLUMNS FROM `think_order` [ RunTime:0.0010s ]
SQL: SELECT * FROM `think_order` WHERE `status` = '2' ORDER BY id desc  [ RunTime:0.0010s ]

[ 2017-09-24T14:54:32+08:00 ] 127.0.0.1 /jiayoulong/index.php/Home/Wechat/orderSelectByStatus.html
INFO: [ app_init ] --START--
INFO: Run Behavior\BuildLiteBehavior [ RunTime:0.000000s ]
INFO: [ app_init ] --END-- [ RunTime:0.000000s ]
INFO: [ app_begin ] --START--
INFO: Run Behavior\ReadHtmlCacheBehavior [ RunTime:0.001000s ]
INFO: [ app_begin ] --END-- [ RunTime:0.001000s ]
SQL: SHOW COLUMNS FROM `think_order` [ RunTime:0.0010s ]
SQL: SELECT * FROM `think_order` WHERE `status` = '0' ORDER BY id desc  [ RunTime:0.0010s ]

[ 2017-09-24T14:54:34+08:00 ] 127.0.0.1 /jiayoulong/index.php/Home/Admin/orderStatusUpdate.html?deleteId=15&status=1
INFO: [ app_init ] --START--
INFO: Run Behavior\BuildLiteBehavior [ RunTime:0.000000s ]
INFO: [ app_init ] --END-- [ RunTime:0.001000s ]
INFO: [ app_begin ] --START--
INFO: Run Behavior\ReadHtmlCacheBehavior [ RunTime:0.001000s ]
INFO: [ app_begin ] --END-- [ RunTime:0.001000s ]
SQL: SHOW COLUMNS FROM `think_order` [ RunTime:0.0010s ]
SQL: UPDATE `think_order` SET `status`='1' WHERE `id` = 15 [ RunTime:0.0380s ]

[ 2017-09-24T14:54:34+08:00 ] 127.0.0.1 /jiayoulong/index.php/Home/Admin/toMessage/status/success/info/%E7%A1%AE%E8%AE%A4%E6%88%90%E5%8A%9F%21/pageName/message.html
INFO: [ app_init ] --START--
INFO: Run Behavior\BuildLiteBehavior [ RunTime:0.000000s ]
INFO: [ app_init ] --END-- [ RunTime:0.003000s ]
INFO: [ app_begin ] --START--
INFO: Run Behavior\ReadHtmlCacheBehavior [ RunTime:0.001000s ]
INFO: [ app_begin ] --END-- [ RunTime:0.001000s ]
INFO: [ view_parse ] --START--
INFO: [ template_filter ] --START--
INFO: Run Behavior\ContentReplaceBehavior [ RunTime:0.000000s ]
INFO: [ template_filter ] --END-- [ RunTime:0.000000s ]
SQL: SHOW COLUMNS FROM `think_order` [ RunTime:0.0040s ]
SQL: SELECT * FROM `think_order` WHERE `view` = 0  [ RunTime:0.0000s ]
SQL: SELECT * FROM `think_order` WHERE `status` = 0 ORDER BY id DESC  [ RunTime:0.0000s ]
SQL: SELECT * FROM `think_order` WHERE `status` = 2 ORDER BY id DESC  [ RunTime:0.0000s ]
SQL: SELECT * FROM `think_order` ORDER BY id DESC  [ RunTime:0.0010s ]
INFO: Run Behavior\ParseTemplateBehavior [ RunTime:0.036000s ]
INFO: [ view_parse ] --END-- [ RunTime:0.036000s ]
INFO: [ view_filter ] --START--
INFO: Run Behavior\WriteHtmlCacheBehavior [ RunTime:0.001000s ]
INFO: [ view_filter ] --END-- [ RunTime:0.001000s ]
INFO: [ app_end ] --START--
INFO: Run Behavior\ShowPageTraceBehavior [ RunTime:0.001000s ]
INFO: [ app_end ] --END-- [ RunTime:0.001000s ]

[ 2017-09-24T14:54:35+08:00 ] 127.0.0.1 /jiayoulong/index.php/Home/Wechat/orderSelectByStatus.html
INFO: [ app_init ] --START--
INFO: Run Behavior\BuildLiteBehavior [ RunTime:0.000000s ]
INFO: [ app_init ] --END-- [ RunTime:0.001000s ]
INFO: [ app_begin ] --START--
INFO: Run Behavior\ReadHtmlCacheBehavior [ RunTime:0.000000s ]
INFO: [ app_begin ] --END-- [ RunTime:0.000000s ]
SQL: SHOW COLUMNS FROM `think_order` [ RunTime:0.0010s ]
SQL: SELECT * FROM `think_order` WHERE `status` = '1' ORDER BY id desc  [ RunTime:0.0000s ]

