[ 2017-09-25T10:37:53+08:00 ] 127.0.0.1 /jiayoulong/Home/Admin
INFO: [ app_init ] --START--
INFO: Run Behavior\BuildLiteBehavior [ RunTime:0.000000s ]
INFO: [ app_init ] --END-- [ RunTime:0.021000s ]
INFO: [ app_begin ] --START--
INFO: Run Behavior\ReadHtmlCacheBehavior [ RunTime:0.009000s ]
INFO: [ app_begin ] --END-- [ RunTime:0.009000s ]
INFO: [ view_parse ] --START--
INFO: [ template_filter ] --START--
INFO: Run Behavior\ContentReplaceBehavior [ RunTime:0.015000s ]
INFO: [ template_filter ] --END-- [ RunTime:0.015000s ]
INFO: Run Behavior\ParseTemplateBehavior [ RunTime:0.066000s ]
INFO: [ view_parse ] --END-- [ RunTime:0.066000s ]
INFO: [ view_filter ] --START--
INFO: Run Behavior\WriteHtmlCacheBehavior [ RunTime:0.010000s ]
INFO: [ view_filter ] --END-- [ RunTime:0.010000s ]
INFO: [ app_end ] --START--
INFO: Run Behavior\ShowPageTraceBehavior [ RunTime:0.002000s ]
INFO: [ app_end ] --END-- [ RunTime:0.002000s ]

[ 2017-09-25T10:37:58+08:00 ] 127.0.0.1 /jiayoulong/index.php/Home/Admin/login
INFO: [ app_init ] --START--
INFO: Run Behavior\BuildLiteBehavior [ RunTime:0.000000s ]
INFO: [ app_init ] --END-- [ RunTime:0.000000s ]
INFO: [ app_begin ] --START--
INFO: Run Behavior\ReadHtmlCacheBehavior [ RunTime:0.000000s ]
INFO: [ app_begin ] --END-- [ RunTime:0.000000s ]
SQL: SHOW COLUMNS FROM `think_manager` [ RunTime:0.0624s ]
SQL: SELECT * FROM `think_manager` WHERE `phone` = '18164626080' AND `password` = '123456'  [ RunTime:0.0000s ]

[ 2017-09-25T10:37:59+08:00 ] 127.0.0.1 /jiayoulong/index.php/Home/Admin/Index/index
INFO: [ app_init ] --START--
INFO: Run Behavior\BuildLiteBehavior [ RunTime:0.000000s ]
INFO: [ app_init ] --END-- [ RunTime:0.001000s ]
INFO: [ app_begin ] --START--
INFO: Run Behavior\ReadHtmlCacheBehavior [ RunTime:0.000000s ]
INFO: [ app_begin ] --END-- [ RunTime:0.000000s ]
INFO: [ view_parse ] --START--
INFO: [ template_filter ] --START--
INFO: Run Behavior\ContentReplaceBehavior [ RunTime:0.000000s ]
INFO: [ template_filter ] --END-- [ RunTime:0.000000s ]
NOTIC: [8] Undefined variable: pageName D:\wamp64\www\jiayoulong\Application\Runtime\Cache\Home\2cf09506161e9442bd1ad02f12a1e9e4.php 第 62 行.
SQL: SHOW COLUMNS FROM `think_order` [ RunTime:0.0540s ]
SQL: SELECT * FROM `think_order` WHERE `status` = '0' ORDER BY id desc  [ RunTime:0.0070s ]
SQL: SELECT * FROM `think_order` WHERE `status` = '2' ORDER BY id desc  [ RunTime:0.0010s ]
NOTIC: [8] Undefined variable: pageName D:\wamp64\www\jiayoulong\Application\Runtime\Cache\Home\2cf09506161e9442bd1ad02f12a1e9e4.php 第 75 行.
NOTIC: [8] Undefined variable: pageName D:\wamp64\www\jiayoulong\Application\Runtime\Cache\Home\2cf09506161e9442bd1ad02f12a1e9e4.php 第 82 行.
NOTIC: [8] Undefined variable: pageName D:\wamp64\www\jiayoulong\Application\Runtime\Cache\Home\2cf09506161e9442bd1ad02f12a1e9e4.php 第 88 行.
NOTIC: [8] Undefined variable: pageName D:\wamp64\www\jiayoulong\Application\Runtime\Cache\Home\2cf09506161e9442bd1ad02f12a1e9e4.php 第 94 行.
NOTIC: [8] Undefined variable: pageName D:\wamp64\www\jiayoulong\Application\Runtime\Cache\Home\2cf09506161e9442bd1ad02f12a1e9e4.php 第 101 行.
NOTIC: [8] Undefined variable: pageName D:\wamp64\www\jiayoulong\Application\Runtime\Cache\Home\2cf09506161e9442bd1ad02f12a1e9e4.php 第 108 行.
NOTIC: [8] Undefined variable: pageName D:\wamp64\www\jiayoulong\Application\Runtime\Cache\Home\2cf09506161e9442bd1ad02f12a1e9e4.php 第 133 行.
INFO: Run Behavior\ParseTemplateBehavior [ RunTime:0.097000s ]
INFO: [ view_parse ] --END-- [ RunTime:0.097000s ]
INFO: [ view_filter ] --START--
INFO: Run Behavior\WriteHtmlCacheBehavior [ RunTime:0.001000s ]
INFO: [ view_filter ] --END-- [ RunTime:0.002000s ]
INFO: [ app_end ] --START--
INFO: Run Behavior\ShowPageTraceBehavior [ RunTime:0.002000s ]
INFO: [ app_end ] --END-- [ RunTime:0.002000s ]

[ 2017-09-25T10:38:29+08:00 ] 127.0.0.1 /jiayoulong/index.php/Home/Admin/Index/index
INFO: [ app_init ] --START--
INFO: Run Behavior\BuildLiteBehavior [ RunTime:0.000000s ]
INFO: [ app_init ] --END-- [ RunTime:0.000000s ]
INFO: [ app_begin ] --START--
INFO: Run Behavior\ReadHtmlCacheBehavior [ RunTime:0.001000s ]
INFO: [ app_begin ] --END-- [ RunTime:0.001000s ]
INFO: [ view_parse ] --START--
INFO: [ template_filter ] --START--
INFO: Run Behavior\ContentReplaceBehavior [ RunTime:0.000000s ]
INFO: [ template_filter ] --END-- [ RunTime:0.000000s ]

[ 2017-09-25T10:40:36+08:00 ] 127.0.0.1 /jiayoulong/index.php/Home/Admin/Index/index
INFO: [ app_init ] --START--
INFO: Run Behavior\BuildLiteBehavior [ RunTime:0.000000s ]
INFO: [ app_init ] --END-- [ RunTime:0.001000s ]
INFO: [ app_begin ] --START--
INFO: Run Behavior\ReadHtmlCacheBehavior [ RunTime:0.001000s ]
INFO: [ app_begin ] --END-- [ RunTime:0.001000s ]

[ 2017-09-25T10:41:01+08:00 ] 127.0.0.1 /jiayoulong/index.php/Home/Admin/Index/index
INFO: [ app_init ] --START--
INFO: Run Behavior\BuildLiteBehavior [ RunTime:0.000000s ]
INFO: [ app_init ] --END-- [ RunTime:0.001000s ]
INFO: [ app_begin ] --START--
INFO: Run Behavior\ReadHtmlCacheBehavior [ RunTime:0.001000s ]
INFO: [ app_begin ] --END-- [ RunTime:0.001000s ]

[ 2017-09-25T10:41:01+08:00 ] 127.0.0.1 /jiayoulong/index.php/Home/Admin/Index/index
INFO: [ app_init ] --START--
INFO: Run Behavior\BuildLiteBehavior [ RunTime:0.000000s ]
INFO: [ app_init ] --END-- [ RunTime:0.000000s ]
INFO: [ app_begin ] --START--
INFO: Run Behavior\ReadHtmlCacheBehavior [ RunTime:0.000000s ]
INFO: [ app_begin ] --END-- [ RunTime:0.000000s ]

[ 2017-09-25T10:43:08+08:00 ] 127.0.0.1 /jiayoulong/index.php/Home/Admin/Index/index
INFO: [ app_init ] --START--
INFO: Run Behavior\BuildLiteBehavior [ RunTime:0.000000s ]
INFO: [ app_init ] --END-- [ RunTime:0.001000s ]
INFO: [ app_begin ] --START--
INFO: Run Behavior\ReadHtmlCacheBehavior [ RunTime:0.000000s ]
INFO: [ app_begin ] --END-- [ RunTime:0.001000s ]
INFO: [ view_parse ] --START--
INFO: [ template_filter ] --START--
INFO: Run Behavior\ContentReplaceBehavior [ RunTime:0.000000s ]
INFO: [ template_filter ] --END-- [ RunTime:0.000000s ]
NOTIC: [8] Undefined variable: pageName D:\wamp64\www\jiayoulong\Application\Runtime\Cache\Home\2cf09506161e9442bd1ad02f12a1e9e4.php 第 62 行.
SQL: SHOW COLUMNS FROM `think_order` [ RunTime:0.0010s ]
SQL: SELECT * FROM `think_order` WHERE `status` = '0' ORDER BY id desc  [ RunTime:0.0000s ]
SQL: SELECT * FROM `think_order` WHERE `status` = '2' ORDER BY id desc  [ RunTime:0.0000s ]
NOTIC: [8] Undefined variable: pageName D:\wamp64\www\jiayoulong\Application\Runtime\Cache\Home\2cf09506161e9442bd1ad02f12a1e9e4.php 第 75 行.
NOTIC: [8] Undefined variable: pageName D:\wamp64\www\jiayoulong\Application\Runtime\Cache\Home\2cf09506161e9442bd1ad02f12a1e9e4.php 第 82 行.
NOTIC: [8] Undefined variable: pageName D:\wamp64\www\jiayoulong\Application\Runtime\Cache\Home\2cf09506161e9442bd1ad02f12a1e9e4.php 第 88 行.
NOTIC: [8] Undefined variable: pageName D:\wamp64\www\jiayoulong\Application\Runtime\Cache\Home\2cf09506161e9442bd1ad02f12a1e9e4.php 第 94 行.
NOTIC: [8] Undefined variable: pageName D:\wamp64\www\jiayoulong\Application\Runtime\Cache\Home\2cf09506161e9442bd1ad02f12a1e9e4.php 第 101 行.
NOTIC: [8] Undefined variable: pageName D:\wamp64\www\jiayoulong\Application\Runtime\Cache\Home\2cf09506161e9442bd1ad02f12a1e9e4.php 第 108 行.
NOTIC: [8] Undefined variable: pageName D:\wamp64\www\jiayoulong\Application\Runtime\Cache\Home\2cf09506161e9442bd1ad02f12a1e9e4.php 第 133 行.

[ 2017-09-25T10:45:14+08:00 ] 127.0.0.1 /jiayoulong/index.php/Home/Admin/Index/index
INFO: [ app_init ] --START--
INFO: Run Behavior\BuildLiteBehavior [ RunTime:0.000000s ]
INFO: [ app_init ] --END-- [ RunTime:0.001000s ]
INFO: [ app_begin ] --START--
INFO: Run Behavior\ReadHtmlCacheBehavior [ RunTime:0.001000s ]
INFO: [ app_begin ] --END-- [ RunTime:0.001000s ]
INFO: [ view_parse ] --START--
INFO: [ template_filter ] --START--
INFO: Run Behavior\ContentReplaceBehavior [ RunTime:0.000000s ]
INFO: [ template_filter ] --END-- [ RunTime:0.000000s ]
NOTIC: [8] Undefined variable: pageName D:\wamp64\www\jiayoulong\Application\Runtime\Cache\Home\2cf09506161e9442bd1ad02f12a1e9e4.php 第 62 行.
SQL: SHOW COLUMNS FROM `think_order` [ RunTime:0.0010s ]
SQL: SELECT * FROM `think_order` WHERE `status` = '0' ORDER BY id desc  [ RunTime:0.0000s ]
SQL: SELECT * FROM `think_order` WHERE `status` = '2' ORDER BY id desc  [ RunTime:0.0000s ]
NOTIC: [8] Undefined variable: pageName D:\wamp64\www\jiayoulong\Application\Runtime\Cache\Home\2cf09506161e9442bd1ad02f12a1e9e4.php 第 75 行.
NOTIC: [8] Undefined variable: pageName D:\wamp64\www\jiayoulong\Application\Runtime\Cache\Home\2cf09506161e9442bd1ad02f12a1e9e4.php 第 82 行.
NOTIC: [8] Undefined variable: pageName D:\wamp64\www\jiayoulong\Application\Runtime\Cache\Home\2cf09506161e9442bd1ad02f12a1e9e4.php 第 88 行.
NOTIC: [8] Undefined variable: pageName D:\wamp64\www\jiayoulong\Application\Runtime\Cache\Home\2cf09506161e9442bd1ad02f12a1e9e4.php 第 94 行.
NOTIC: [8] Undefined variable: pageName D:\wamp64\www\jiayoulong\Application\Runtime\Cache\Home\2cf09506161e9442bd1ad02f12a1e9e4.php 第 101 行.
NOTIC: [8] Undefined variable: pageName D:\wamp64\www\jiayoulong\Application\Runtime\Cache\Home\2cf09506161e9442bd1ad02f12a1e9e4.php 第 108 行.
NOTIC: [8] Undefined variable: pageName D:\wamp64\www\jiayoulong\Application\Runtime\Cache\Home\2cf09506161e9442bd1ad02f12a1e9e4.php 第 133 行.
INFO: Run Behavior\ParseTemplateBehavior [ RunTime:0.558000s ]
INFO: [ view_parse ] --END-- [ RunTime:0.558000s ]
INFO: [ view_filter ] --START--
INFO: Run Behavior\WriteHtmlCacheBehavior [ RunTime:0.001000s ]
INFO: [ view_filter ] --END-- [ RunTime:0.002000s ]
INFO: [ app_end ] --START--
INFO: Run Behavior\ShowPageTraceBehavior [ RunTime:0.002000s ]
INFO: [ app_end ] --END-- [ RunTime:0.003000s ]

[ 2017-09-25T10:45:15+08:00 ] 127.0.0.1 /jiayoulong/index.php/Home/Admin/Index/index
INFO: [ app_init ] --START--
INFO: Run Behavior\BuildLiteBehavior [ RunTime:0.000000s ]
INFO: [ app_init ] --END-- [ RunTime:0.001000s ]
INFO: [ app_begin ] --START--
INFO: Run Behavior\ReadHtmlCacheBehavior [ RunTime:0.000000s ]
INFO: [ app_begin ] --END-- [ RunTime:0.001000s ]
INFO: [ view_parse ] --START--
INFO: [ template_filter ] --START--
INFO: Run Behavior\ContentReplaceBehavior [ RunTime:0.000000s ]
INFO: [ template_filter ] --END-- [ RunTime:0.000000s ]
NOTIC: [8] Undefined variable: pageName D:\wamp64\www\jiayoulong\Application\Runtime\Cache\Home\2cf09506161e9442bd1ad02f12a1e9e4.php 第 62 行.
SQL: SHOW COLUMNS FROM `think_order` [ RunTime:0.0010s ]
SQL: SELECT * FROM `think_order` WHERE `status` = '0' ORDER BY id desc  [ RunTime:0.0000s ]
SQL: SELECT * FROM `think_order` WHERE `status` = '2' ORDER BY id desc  [ RunTime:0.0000s ]
NOTIC: [8] Undefined variable: pageName D:\wamp64\www\jiayoulong\Application\Runtime\Cache\Home\2cf09506161e9442bd1ad02f12a1e9e4.php 第 75 行.
NOTIC: [8] Undefined variable: pageName D:\wamp64\www\jiayoulong\Application\Runtime\Cache\Home\2cf09506161e9442bd1ad02f12a1e9e4.php 第 82 行.
NOTIC: [8] Undefined variable: pageName D:\wamp64\www\jiayoulong\Application\Runtime\Cache\Home\2cf09506161e9442bd1ad02f12a1e9e4.php 第 88 行.
NOTIC: [8] Undefined variable: pageName D:\wamp64\www\jiayoulong\Application\Runtime\Cache\Home\2cf09506161e9442bd1ad02f12a1e9e4.php 第 94 行.
NOTIC: [8] Undefined variable: pageName D:\wamp64\www\jiayoulong\Application\Runtime\Cache\Home\2cf09506161e9442bd1ad02f12a1e9e4.php 第 101 行.
NOTIC: [8] Undefined variable: pageName D:\wamp64\www\jiayoulong\Application\Runtime\Cache\Home\2cf09506161e9442bd1ad02f12a1e9e4.php 第 108 行.
NOTIC: [8] Undefined variable: pageName D:\wamp64\www\jiayoulong\Application\Runtime\Cache\Home\2cf09506161e9442bd1ad02f12a1e9e4.php 第 133 行.
INFO: Run Behavior\ParseTemplateBehavior [ RunTime:0.480000s ]
INFO: [ view_parse ] --END-- [ RunTime:0.480000s ]
INFO: [ view_filter ] --START--
INFO: Run Behavior\WriteHtmlCacheBehavior [ RunTime:0.001000s ]
INFO: [ view_filter ] --END-- [ RunTime:0.002000s ]
INFO: [ app_end ] --START--
INFO: Run Behavior\ShowPageTraceBehavior [ RunTime:0.004000s ]
INFO: [ app_end ] --END-- [ RunTime:0.004000s ]

[ 2017-09-25T10:57:08+08:00 ] 127.0.0.1 /jiayoulong/index.php/Home/Admin/Index/index
INFO: [ app_init ] --START--
INFO: Run Behavior\BuildLiteBehavior [ RunTime:0.000000s ]
INFO: [ app_init ] --END-- [ RunTime:0.001000s ]
INFO: [ app_begin ] --START--
INFO: Run Behavior\ReadHtmlCacheBehavior [ RunTime:0.002000s ]
INFO: [ app_begin ] --END-- [ RunTime:0.003000s ]
INFO: [ view_parse ] --START--
INFO: [ template_filter ] --START--
INFO: Run Behavior\ContentReplaceBehavior [ RunTime:0.000000s ]
INFO: [ template_filter ] --END-- [ RunTime:0.000000s ]
NOTIC: [8] Undefined variable: pageName D:\wamp64\www\jiayoulong\Application\Runtime\Cache\Home\2cf09506161e9442bd1ad02f12a1e9e4.php 第 62 行.
SQL: SHOW COLUMNS FROM `think_order` [ RunTime:0.0020s ]
SQL: SELECT * FROM `think_order` WHERE `status` = '0' ORDER BY id desc  [ RunTime:0.0010s ]
SQL: SELECT * FROM `think_order` WHERE `status` = '2' ORDER BY id desc  [ RunTime:0.0010s ]
NOTIC: [8] Undefined variable: pageName D:\wamp64\www\jiayoulong\Application\Runtime\Cache\Home\2cf09506161e9442bd1ad02f12a1e9e4.php 第 75 行.
NOTIC: [8] Undefined variable: pageName D:\wamp64\www\jiayoulong\Application\Runtime\Cache\Home\2cf09506161e9442bd1ad02f12a1e9e4.php 第 82 行.
NOTIC: [8] Undefined variable: pageName D:\wamp64\www\jiayoulong\Application\Runtime\Cache\Home\2cf09506161e9442bd1ad02f12a1e9e4.php 第 88 行.
NOTIC: [8] Undefined variable: pageName D:\wamp64\www\jiayoulong\Application\Runtime\Cache\Home\2cf09506161e9442bd1ad02f12a1e9e4.php 第 94 行.
NOTIC: [8] Undefined variable: pageName D:\wamp64\www\jiayoulong\Application\Runtime\Cache\Home\2cf09506161e9442bd1ad02f12a1e9e4.php 第 101 行.
NOTIC: [8] Undefined variable: pageName D:\wamp64\www\jiayoulong\Application\Runtime\Cache\Home\2cf09506161e9442bd1ad02f12a1e9e4.php 第 108 行.
NOTIC: [8] Undefined variable: pageName D:\wamp64\www\jiayoulong\Application\Runtime\Cache\Home\2cf09506161e9442bd1ad02f12a1e9e4.php 第 133 行.
INFO: Run Behavior\ParseTemplateBehavior [ RunTime:0.291000s ]
INFO: [ view_parse ] --END-- [ RunTime:0.292000s ]
INFO: [ view_filter ] --START--
INFO: Run Behavior\WriteHtmlCacheBehavior [ RunTime:0.001000s ]
INFO: [ view_filter ] --END-- [ RunTime:0.002000s ]
INFO: [ app_end ] --START--
INFO: Run Behavior\ShowPageTraceBehavior [ RunTime:0.002000s ]
INFO: [ app_end ] --END-- [ RunTime:0.002000s ]

[ 2017-09-25T11:04:12+08:00 ] 127.0.0.1 /jiayoulong/index.php/Home/Admin/Index/index
INFO: [ app_init ] --START--
INFO: Run Behavior\BuildLiteBehavior [ RunTime:0.000000s ]
INFO: [ app_init ] --END-- [ RunTime:0.001000s ]
INFO: [ app_begin ] --START--
INFO: Run Behavior\ReadHtmlCacheBehavior [ RunTime:0.001000s ]
INFO: [ app_begin ] --END-- [ RunTime:0.001000s ]
INFO: [ view_parse ] --START--
INFO: [ template_filter ] --START--
INFO: Run Behavior\ContentReplaceBehavior [ RunTime:0.001000s ]
INFO: [ template_filter ] --END-- [ RunTime:0.001000s ]
NOTIC: [8] Undefined variable: pageName D:\wamp64\www\jiayoulong\Application\Runtime\Cache\Home\2cf09506161e9442bd1ad02f12a1e9e4.php 第 62 行.
SQL: SHOW COLUMNS FROM `think_order` [ RunTime:0.0010s ]
SQL: SELECT * FROM `think_order` WHERE `status` = '0' ORDER BY id desc  [ RunTime:0.0010s ]
SQL: SELECT * FROM `think_order` WHERE `status` = '2' ORDER BY id desc  [ RunTime:0.0000s ]
NOTIC: [8] Undefined variable: pageName D:\wamp64\www\jiayoulong\Application\Runtime\Cache\Home\2cf09506161e9442bd1ad02f12a1e9e4.php 第 75 行.
NOTIC: [8] Undefined variable: pageName D:\wamp64\www\jiayoulong\Application\Runtime\Cache\Home\2cf09506161e9442bd1ad02f12a1e9e4.php 第 82 行.
NOTIC: [8] Undefined variable: pageName D:\wamp64\www\jiayoulong\Application\Runtime\Cache\Home\2cf09506161e9442bd1ad02f12a1e9e4.php 第 88 行.
NOTIC: [8] Undefined variable: pageName D:\wamp64\www\jiayoulong\Application\Runtime\Cache\Home\2cf09506161e9442bd1ad02f12a1e9e4.php 第 94 行.
NOTIC: [8] Undefined variable: pageName D:\wamp64\www\jiayoulong\Application\Runtime\Cache\Home\2cf09506161e9442bd1ad02f12a1e9e4.php 第 101 行.
NOTIC: [8] Undefined variable: pageName D:\wamp64\www\jiayoulong\Application\Runtime\Cache\Home\2cf09506161e9442bd1ad02f12a1e9e4.php 第 108 行.
NOTIC: [8] Undefined variable: pageName D:\wamp64\www\jiayoulong\Application\Runtime\Cache\Home\2cf09506161e9442bd1ad02f12a1e9e4.php 第 133 行.
INFO: Run Behavior\ParseTemplateBehavior [ RunTime:0.513000s ]
INFO: [ view_parse ] --END-- [ RunTime:0.515000s ]
INFO: [ view_filter ] --START--
INFO: Run Behavior\WriteHtmlCacheBehavior [ RunTime:0.002000s ]
INFO: [ view_filter ] --END-- [ RunTime:0.002000s ]
INFO: [ app_end ] --START--
INFO: Run Behavior\ShowPageTraceBehavior [ RunTime:0.003000s ]
INFO: [ app_end ] --END-- [ RunTime:0.003000s ]

[ 2017-09-25T11:06:38+08:00 ] 127.0.0.1 /jiayoulong/index.php/Home/Admin/Index/index
INFO: [ app_init ] --START--
INFO: Run Behavior\BuildLiteBehavior [ RunTime:0.000000s ]
INFO: [ app_init ] --END-- [ RunTime:0.000000s ]
INFO: [ app_begin ] --START--
INFO: Run Behavior\ReadHtmlCacheBehavior [ RunTime:0.001000s ]
INFO: [ app_begin ] --END-- [ RunTime:0.001000s ]
INFO: [ view_parse ] --START--
INFO: [ template_filter ] --START--
INFO: Run Behavior\ContentReplaceBehavior [ RunTime:0.001000s ]
INFO: [ template_filter ] --END-- [ RunTime:0.001000s ]
NOTIC: [8] Undefined variable: pageName D:\wamp64\www\jiayoulong\Application\Runtime\Cache\Home\2cf09506161e9442bd1ad02f12a1e9e4.php 第 62 行.
SQL: SHOW COLUMNS FROM `think_order` [ RunTime:0.0020s ]
SQL: SELECT * FROM `think_order` WHERE `status` = '0' ORDER BY id desc  [ RunTime:0.0010s ]
SQL: SELECT * FROM `think_order` WHERE `status` = '2' ORDER BY id desc  [ RunTime:0.0000s ]
NOTIC: [8] Undefined variable: pageName D:\wamp64\www\jiayoulong\Application\Runtime\Cache\Home\2cf09506161e9442bd1ad02f12a1e9e4.php 第 75 行.
NOTIC: [8] Undefined variable: pageName D:\wamp64\www\jiayoulong\Application\Runtime\Cache\Home\2cf09506161e9442bd1ad02f12a1e9e4.php 第 82 行.
NOTIC: [8] Undefined variable: pageName D:\wamp64\www\jiayoulong\Application\Runtime\Cache\Home\2cf09506161e9442bd1ad02f12a1e9e4.php 第 88 行.
NOTIC: [8] Undefined variable: pageName D:\wamp64\www\jiayoulong\Application\Runtime\Cache\Home\2cf09506161e9442bd1ad02f12a1e9e4.php 第 94 行.
NOTIC: [8] Undefined variable: pageName D:\wamp64\www\jiayoulong\Application\Runtime\Cache\Home\2cf09506161e9442bd1ad02f12a1e9e4.php 第 101 行.
NOTIC: [8] Undefined variable: pageName D:\wamp64\www\jiayoulong\Application\Runtime\Cache\Home\2cf09506161e9442bd1ad02f12a1e9e4.php 第 108 行.
NOTIC: [8] Undefined variable: pageName D:\wamp64\www\jiayoulong\Application\Runtime\Cache\Home\2cf09506161e9442bd1ad02f12a1e9e4.php 第 133 行.
INFO: Run Behavior\ParseTemplateBehavior [ RunTime:0.438000s ]
INFO: [ view_parse ] --END-- [ RunTime:0.438000s ]
INFO: [ view_filter ] --START--
INFO: Run Behavior\WriteHtmlCacheBehavior [ RunTime:0.002000s ]
INFO: [ view_filter ] --END-- [ RunTime:0.002000s ]
INFO: [ app_end ] --START--
INFO: Run Behavior\ShowPageTraceBehavior [ RunTime:0.002000s ]
INFO: [ app_end ] --END-- [ RunTime:0.003000s ]

[ 2017-09-25T11:44:41+08:00 ] 127.0.0.1 /jiayoulong/index.php/Home/Admin/Index/index
INFO: [ app_init ] --START--
INFO: Run Behavior\BuildLiteBehavior [ RunTime:0.000000s ]
INFO: [ app_init ] --END-- [ RunTime:0.001000s ]
INFO: [ app_begin ] --START--
INFO: Run Behavior\ReadHtmlCacheBehavior [ RunTime:0.001000s ]
INFO: [ app_begin ] --END-- [ RunTime:0.001000s ]
INFO: [ view_parse ] --START--
INFO: [ template_filter ] --START--
INFO: Run Behavior\ContentReplaceBehavior [ RunTime:0.000000s ]
INFO: [ template_filter ] --END-- [ RunTime:0.000000s ]
NOTIC: [8] Undefined variable: pageName D:\wamp64\www\jiayoulong\Application\Runtime\Cache\Home\2cf09506161e9442bd1ad02f12a1e9e4.php 第 62 行.
SQL: SHOW COLUMNS FROM `think_order` [ RunTime:0.0020s ]
SQL: SELECT * FROM `think_order` WHERE `status` = '0' ORDER BY id desc  [ RunTime:0.0010s ]
SQL: SELECT * FROM `think_order` WHERE `status` = '2' ORDER BY id desc  [ RunTime:0.0000s ]
NOTIC: [8] Undefined variable: pageName D:\wamp64\www\jiayoulong\Application\Runtime\Cache\Home\2cf09506161e9442bd1ad02f12a1e9e4.php 第 75 行.
NOTIC: [8] Undefined variable: pageName D:\wamp64\www\jiayoulong\Application\Runtime\Cache\Home\2cf09506161e9442bd1ad02f12a1e9e4.php 第 82 行.
NOTIC: [8] Undefined variable: pageName D:\wamp64\www\jiayoulong\Application\Runtime\Cache\Home\2cf09506161e9442bd1ad02f12a1e9e4.php 第 88 行.
NOTIC: [8] Undefined variable: pageName D:\wamp64\www\jiayoulong\Application\Runtime\Cache\Home\2cf09506161e9442bd1ad02f12a1e9e4.php 第 94 行.
NOTIC: [8] Undefined variable: pageName D:\wamp64\www\jiayoulong\Application\Runtime\Cache\Home\2cf09506161e9442bd1ad02f12a1e9e4.php 第 101 行.
NOTIC: [8] Undefined variable: pageName D:\wamp64\www\jiayoulong\Application\Runtime\Cache\Home\2cf09506161e9442bd1ad02f12a1e9e4.php 第 108 行.
NOTIC: [8] Undefined variable: pageName D:\wamp64\www\jiayoulong\Application\Runtime\Cache\Home\2cf09506161e9442bd1ad02f12a1e9e4.php 第 133 行.
NOTIC: [8] Undefined index: phone D:\wamp64\www\jiayoulong\Application\Home\Controller\AdminController.class.php 第 1098 行.
NOTIC: [8] Undefined index: send_model D:\wamp64\www\jiayoulong\Application\Home\Controller\AdminController.class.php 第 1099 行.
INFO: Run Behavior\ParseTemplateBehavior [ RunTime:0.398000s ]
INFO: [ view_parse ] --END-- [ RunTime:0.399000s ]
INFO: [ view_filter ] --START--
INFO: Run Behavior\WriteHtmlCacheBehavior [ RunTime:0.001000s ]
INFO: [ view_filter ] --END-- [ RunTime:0.002000s ]
INFO: [ app_end ] --START--
INFO: Run Behavior\ShowPageTraceBehavior [ RunTime:0.003000s ]
INFO: [ app_end ] --END-- [ RunTime:0.003000s ]

[ 2017-09-25T11:47:38+08:00 ] 127.0.0.1 /jiayoulong/index.php/Home/Admin/Index/index
INFO: [ app_init ] --START--
INFO: Run Behavior\BuildLiteBehavior [ RunTime:0.000000s ]
INFO: [ app_init ] --END-- [ RunTime:0.002000s ]
INFO: [ app_begin ] --START--
INFO: Run Behavior\ReadHtmlCacheBehavior [ RunTime:0.001000s ]
INFO: [ app_begin ] --END-- [ RunTime:0.001000s ]
INFO: [ view_parse ] --START--
INFO: [ template_filter ] --START--
INFO: Run Behavior\ContentReplaceBehavior [ RunTime:0.000000s ]
INFO: [ template_filter ] --END-- [ RunTime:0.000000s ]
NOTIC: [8] Undefined variable: pageName D:\wamp64\www\jiayoulong\Application\Runtime\Cache\Home\2cf09506161e9442bd1ad02f12a1e9e4.php 第 62 行.
SQL: SHOW COLUMNS FROM `think_order` [ RunTime:0.0010s ]
SQL: SELECT * FROM `think_order` WHERE `status` = '0' ORDER BY id desc  [ RunTime:0.0010s ]
SQL: SELECT * FROM `think_order` WHERE `status` = '2' ORDER BY id desc  [ RunTime:0.0010s ]
NOTIC: [8] Undefined variable: pageName D:\wamp64\www\jiayoulong\Application\Runtime\Cache\Home\2cf09506161e9442bd1ad02f12a1e9e4.php 第 75 行.
NOTIC: [8] Undefined variable: pageName D:\wamp64\www\jiayoulong\Application\Runtime\Cache\Home\2cf09506161e9442bd1ad02f12a1e9e4.php 第 82 行.
NOTIC: [8] Undefined variable: pageName D:\wamp64\www\jiayoulong\Application\Runtime\Cache\Home\2cf09506161e9442bd1ad02f12a1e9e4.php 第 88 行.
NOTIC: [8] Undefined variable: pageName D:\wamp64\www\jiayoulong\Application\Runtime\Cache\Home\2cf09506161e9442bd1ad02f12a1e9e4.php 第 94 行.
NOTIC: [8] Undefined variable: pageName D:\wamp64\www\jiayoulong\Application\Runtime\Cache\Home\2cf09506161e9442bd1ad02f12a1e9e4.php 第 101 行.
NOTIC: [8] Undefined variable: pageName D:\wamp64\www\jiayoulong\Application\Runtime\Cache\Home\2cf09506161e9442bd1ad02f12a1e9e4.php 第 108 行.
NOTIC: [8] Undefined variable: pageName D:\wamp64\www\jiayoulong\Application\Runtime\Cache\Home\2cf09506161e9442bd1ad02f12a1e9e4.php 第 133 行.
NOTIC: [8] Undefined index: phone D:\wamp64\www\jiayoulong\Application\Home\Controller\AdminController.class.php 第 1098 行.
NOTIC: [8] Undefined index: send_model D:\wamp64\www\jiayoulong\Application\Home\Controller\AdminController.class.php 第 1099 行.
INFO: Run Behavior\ParseTemplateBehavior [ RunTime:0.562000s ]
INFO: [ view_parse ] --END-- [ RunTime:0.562000s ]
INFO: [ view_filter ] --START--
INFO: Run Behavior\WriteHtmlCacheBehavior [ RunTime:0.002000s ]
INFO: [ view_filter ] --END-- [ RunTime:0.002000s ]
INFO: [ app_end ] --START--
INFO: Run Behavior\ShowPageTraceBehavior [ RunTime:0.002000s ]
INFO: [ app_end ] --END-- [ RunTime:0.003000s ]

[ 2017-09-25T11:51:53+08:00 ] 127.0.0.1 /jiayoulong/index.php/Home/Admin/Index/index
INFO: [ app_init ] --START--
INFO: Run Behavior\BuildLiteBehavior [ RunTime:0.000000s ]
INFO: [ app_init ] --END-- [ RunTime:0.000000s ]
INFO: [ app_begin ] --START--
INFO: Run Behavior\ReadHtmlCacheBehavior [ RunTime:0.000000s ]
INFO: [ app_begin ] --END-- [ RunTime:0.001000s ]
INFO: [ view_parse ] --START--
INFO: [ template_filter ] --START--
INFO: Run Behavior\ContentReplaceBehavior [ RunTime:0.000000s ]
INFO: [ template_filter ] --END-- [ RunTime:0.000000s ]
NOTIC: [8] Undefined variable: pageName D:\wamp64\www\jiayoulong\Application\Runtime\Cache\Home\2cf09506161e9442bd1ad02f12a1e9e4.php 第 62 行.
SQL: SHOW COLUMNS FROM `think_order` [ RunTime:0.0010s ]
SQL: SELECT * FROM `think_order` WHERE `status` = '0' ORDER BY id desc  [ RunTime:0.0000s ]
SQL: SELECT * FROM `think_order` WHERE `status` = '2' ORDER BY id desc  [ RunTime:0.0000s ]
NOTIC: [8] Undefined variable: pageName D:\wamp64\www\jiayoulong\Application\Runtime\Cache\Home\2cf09506161e9442bd1ad02f12a1e9e4.php 第 75 行.
NOTIC: [8] Undefined variable: pageName D:\wamp64\www\jiayoulong\Application\Runtime\Cache\Home\2cf09506161e9442bd1ad02f12a1e9e4.php 第 82 行.
NOTIC: [8] Undefined variable: pageName D:\wamp64\www\jiayoulong\Application\Runtime\Cache\Home\2cf09506161e9442bd1ad02f12a1e9e4.php 第 88 行.
NOTIC: [8] Undefined variable: pageName D:\wamp64\www\jiayoulong\Application\Runtime\Cache\Home\2cf09506161e9442bd1ad02f12a1e9e4.php 第 94 行.
NOTIC: [8] Undefined variable: pageName D:\wamp64\www\jiayoulong\Application\Runtime\Cache\Home\2cf09506161e9442bd1ad02f12a1e9e4.php 第 101 行.
NOTIC: [8] Undefined variable: pageName D:\wamp64\www\jiayoulong\Application\Runtime\Cache\Home\2cf09506161e9442bd1ad02f12a1e9e4.php 第 108 行.
NOTIC: [8] Undefined variable: pageName D:\wamp64\www\jiayoulong\Application\Runtime\Cache\Home\2cf09506161e9442bd1ad02f12a1e9e4.php 第 133 行.
NOTIC: [8] Undefined index: phone D:\wamp64\www\jiayoulong\Application\Home\Controller\AdminController.class.php 第 1098 行.
NOTIC: [8] Undefined index: send_model D:\wamp64\www\jiayoulong\Application\Home\Controller\AdminController.class.php 第 1099 行.
INFO: Run Behavior\ParseTemplateBehavior [ RunTime:0.537000s ]
INFO: [ view_parse ] --END-- [ RunTime:0.537000s ]
INFO: [ view_filter ] --START--
INFO: Run Behavior\WriteHtmlCacheBehavior [ RunTime:0.002000s ]
INFO: [ view_filter ] --END-- [ RunTime:0.002000s ]
INFO: [ app_end ] --START--
INFO: Run Behavior\ShowPageTraceBehavior [ RunTime:0.002000s ]
INFO: [ app_end ] --END-- [ RunTime:0.003000s ]

