[ 2017-10-27T08:50:29+08:00 ] 127.0.0.1 /usedcar/Home/Admin
INFO: [ app_init ] --START--
INFO: Run Behavior\BuildLiteBehavior [ RunTime:0.000000s ]
INFO: [ app_init ] --END-- [ RunTime:0.057000s ]
INFO: [ app_begin ] --START--
INFO: Run Behavior\ReadHtmlCacheBehavior [ RunTime:0.001000s ]
INFO: [ app_begin ] --END-- [ RunTime:0.002000s ]
INFO: [ view_parse ] --START--
INFO: [ template_filter ] --START--
INFO: Run Behavior\ContentReplaceBehavior [ RunTime:0.009000s ]
INFO: [ template_filter ] --END-- [ RunTime:0.009000s ]
INFO: Run Behavior\ParseTemplateBehavior [ RunTime:0.023000s ]
INFO: [ view_parse ] --END-- [ RunTime:0.023000s ]
INFO: [ view_filter ] --START--
INFO: Run Behavior\WriteHtmlCacheBehavior [ RunTime:0.002000s ]
INFO: [ view_filter ] --END-- [ RunTime:0.002000s ]
INFO: [ app_end ] --START--
INFO: Run Behavior\ShowPageTraceBehavior [ RunTime:0.001000s ]
INFO: [ app_end ] --END-- [ RunTime:0.001000s ]

[ 2017-10-27T08:50:33+08:00 ] 127.0.0.1 /usedcar/index.php/Home/Admin/login
INFO: [ app_init ] --START--
INFO: Run Behavior\BuildLiteBehavior [ RunTime:0.000000s ]
INFO: [ app_init ] --END-- [ RunTime:0.001000s ]
INFO: [ app_begin ] --START--
INFO: Run Behavior\ReadHtmlCacheBehavior [ RunTime:0.002000s ]
INFO: [ app_begin ] --END-- [ RunTime:0.002000s ]
SQL: SHOW COLUMNS FROM `think_manager` [ RunTime:0.1820s ]
SQL: SELECT * FROM `think_manager` WHERE `phone` = '18164626080' AND `password` = '123456'  [ RunTime:0.0020s ]

[ 2017-10-27T08:50:33+08:00 ] 127.0.0.1 /usedcar/index.php/Home/Admin/Index/index
INFO: [ app_init ] --START--
INFO: Run Behavior\BuildLiteBehavior [ RunTime:0.000000s ]
INFO: [ app_init ] --END-- [ RunTime:0.000000s ]
INFO: [ app_begin ] --START--
INFO: Run Behavior\ReadHtmlCacheBehavior [ RunTime:0.001000s ]
INFO: [ app_begin ] --END-- [ RunTime:0.001000s ]
INFO: [ view_parse ] --START--
INFO: [ template_filter ] --START--
INFO: Run Behavior\ContentReplaceBehavior [ RunTime:0.000000s ]
INFO: [ template_filter ] --END-- [ RunTime:0.000000s ]
NOTIC: [8] Undefined variable: pageName D:\wamp64\www\usedcar\Application\Runtime\Cache\Home\2cf09506161e9442bd1ad02f12a1e9e4.php 第 64 行.
NOTIC: [8] Undefined variable: pageName D:\wamp64\www\usedcar\Application\Runtime\Cache\Home\2cf09506161e9442bd1ad02f12a1e9e4.php 第 77 行.
NOTIC: [8] Undefined variable: pageName D:\wamp64\www\usedcar\Application\Runtime\Cache\Home\2cf09506161e9442bd1ad02f12a1e9e4.php 第 84 行.
NOTIC: [8] Undefined variable: pageName D:\wamp64\www\usedcar\Application\Runtime\Cache\Home\2cf09506161e9442bd1ad02f12a1e9e4.php 第 91 行.
NOTIC: [8] Undefined variable: result D:\wamp64\www\usedcar\Application\Runtime\Cache\Home\2cf09506161e9442bd1ad02f12a1e9e4.php 第 93 行.
NOTIC: [8] Undefined variable: pageName D:\wamp64\www\usedcar\Application\Runtime\Cache\Home\2cf09506161e9442bd1ad02f12a1e9e4.php 第 97 行.
NOTIC: [8] Undefined variable: result D:\wamp64\www\usedcar\Application\Runtime\Cache\Home\2cf09506161e9442bd1ad02f12a1e9e4.php 第 99 行.
NOTIC: [8] Undefined variable: pageName D:\wamp64\www\usedcar\Application\Runtime\Cache\Home\2cf09506161e9442bd1ad02f12a1e9e4.php 第 103 行.
NOTIC: [8] Undefined variable: pageName D:\wamp64\www\usedcar\Application\Runtime\Cache\Home\2cf09506161e9442bd1ad02f12a1e9e4.php 第 110 行.
NOTIC: [8] Undefined variable: pageName D:\wamp64\www\usedcar\Application\Runtime\Cache\Home\2cf09506161e9442bd1ad02f12a1e9e4.php 第 117 行.
NOTIC: [8] Undefined variable: pageName D:\wamp64\www\usedcar\Application\Runtime\Cache\Home\2cf09506161e9442bd1ad02f12a1e9e4.php 第 142 行.
INFO: Run Behavior\ParseTemplateBehavior [ RunTime:0.017000s ]
INFO: [ view_parse ] --END-- [ RunTime:0.017000s ]
INFO: [ view_filter ] --START--
INFO: Run Behavior\WriteHtmlCacheBehavior [ RunTime:0.001000s ]
INFO: [ view_filter ] --END-- [ RunTime:0.001000s ]
INFO: [ app_end ] --START--
INFO: Run Behavior\ShowPageTraceBehavior [ RunTime:0.002000s ]
INFO: [ app_end ] --END-- [ RunTime:0.002000s ]

[ 2017-10-27T08:50:34+08:00 ] 127.0.0.1 /usedcar/index.php/Home/Admin/toAccountManage/pageName/accountManage.html
INFO: [ app_init ] --START--
INFO: Run Behavior\BuildLiteBehavior [ RunTime:0.000000s ]
INFO: [ app_init ] --END-- [ RunTime:0.000000s ]
INFO: [ app_begin ] --START--
INFO: Run Behavior\ReadHtmlCacheBehavior [ RunTime:0.001000s ]
INFO: [ app_begin ] --END-- [ RunTime:0.001000s ]
INFO: [ view_parse ] --START--
INFO: [ template_filter ] --START--
INFO: Run Behavior\ContentReplaceBehavior [ RunTime:0.000000s ]
INFO: [ template_filter ] --END-- [ RunTime:0.001000s ]
NOTIC: [8] Undefined index: status D:\wamp64\www\usedcar\Application\Runtime\Cache\Home\62b5336886605f57a269226284379532.php 第 31 行.
NOTIC: [8] Undefined variable: status D:\wamp64\www\usedcar\Application\Runtime\Cache\Home\62b5336886605f57a269226284379532.php 第 33 行.
NOTIC: [8] Undefined variable: status D:\wamp64\www\usedcar\Application\Runtime\Cache\Home\62b5336886605f57a269226284379532.php 第 35 行.
NOTIC: [8] Undefined index: status D:\wamp64\www\usedcar\Application\Runtime\Cache\Home\62b5336886605f57a269226284379532.php 第 37 行.
NOTIC: [8] Undefined variable: result D:\wamp64\www\usedcar\Application\Runtime\Cache\Home\62b5336886605f57a269226284379532.php 第 102 行.
NOTIC: [8] Undefined variable: result D:\wamp64\www\usedcar\Application\Runtime\Cache\Home\62b5336886605f57a269226284379532.php 第 108 行.
SQL: SHOW COLUMNS FROM `think_manager` [ RunTime:0.0010s ]
SQL: SELECT * FROM `think_manager` ORDER BY id DESC  [ RunTime:0.0000s ]
INFO: Run Behavior\ParseTemplateBehavior [ RunTime:0.044000s ]
INFO: [ view_parse ] --END-- [ RunTime:0.044000s ]
INFO: [ view_filter ] --START--
INFO: Run Behavior\WriteHtmlCacheBehavior [ RunTime:0.001000s ]
INFO: [ view_filter ] --END-- [ RunTime:0.001000s ]
INFO: [ app_end ] --START--
INFO: Run Behavior\ShowPageTraceBehavior [ RunTime:0.007000s ]
INFO: [ app_end ] --END-- [ RunTime:0.007000s ]

[ 2017-10-27T08:50:40+08:00 ] 127.0.0.1 /usedcar/index.php/Home/Admin/toMessage/pageName/message.html
INFO: [ app_init ] --START--
INFO: Run Behavior\BuildLiteBehavior [ RunTime:0.000000s ]
INFO: [ app_init ] --END-- [ RunTime:0.001000s ]
INFO: [ app_begin ] --START--
INFO: Run Behavior\ReadHtmlCacheBehavior [ RunTime:0.001000s ]
INFO: [ app_begin ] --END-- [ RunTime:0.001000s ]
INFO: [ view_parse ] --START--
INFO: [ template_filter ] --START--
INFO: Run Behavior\ContentReplaceBehavior [ RunTime:0.000000s ]
INFO: [ template_filter ] --END-- [ RunTime:0.001000s ]
NOTIC: [8] Undefined index: status D:\wamp64\www\usedcar\Application\Runtime\Cache\Home\ec423755740c4bb618939d70225cb3e8.php 第 37 行.
NOTIC: [8] Undefined variable: status D:\wamp64\www\usedcar\Application\Runtime\Cache\Home\ec423755740c4bb618939d70225cb3e8.php 第 39 行.
NOTIC: [8] Undefined variable: status D:\wamp64\www\usedcar\Application\Runtime\Cache\Home\ec423755740c4bb618939d70225cb3e8.php 第 41 行.
NOTIC: [8] Undefined index: status D:\wamp64\www\usedcar\Application\Runtime\Cache\Home\ec423755740c4bb618939d70225cb3e8.php 第 43 行.
NOTIC: [8] Undefined variable: result D:\wamp64\www\usedcar\Application\Runtime\Cache\Home\ec423755740c4bb618939d70225cb3e8.php 第 108 行.
NOTIC: [8] Undefined variable: result D:\wamp64\www\usedcar\Application\Runtime\Cache\Home\ec423755740c4bb618939d70225cb3e8.php 第 114 行.
ERR: 1146:Table 'usedcar.think_order' doesn't exist
 [ SQL语句 ] : SHOW COLUMNS FROM `think_order`
ERR: 1146:Table 'usedcar.think_order' doesn't exist
 [ SQL语句 ] : SHOW COLUMNS FROM `think_order`

[ 2017-10-27T08:50:40+08:00 ] 127.0.0.1 /usedcar/index.php/Home/Admin/toHotel/pageName/hotel.html
INFO: [ app_init ] --START--
INFO: Run Behavior\BuildLiteBehavior [ RunTime:0.000000s ]
INFO: [ app_init ] --END-- [ RunTime:0.001000s ]
INFO: [ app_begin ] --START--
INFO: Run Behavior\ReadHtmlCacheBehavior [ RunTime:0.001000s ]
INFO: [ app_begin ] --END-- [ RunTime:0.001000s ]
NOTIC: [8] Undefined index: isChild D:\wamp64\www\usedcar\Application\Home\Controller\AdminController.class.php 第 93 行.
INFO: [ view_parse ] --START--
INFO: [ template_filter ] --START--
INFO: Run Behavior\ContentReplaceBehavior [ RunTime:0.000000s ]
INFO: [ template_filter ] --END-- [ RunTime:0.000000s ]
NOTIC: [8] Undefined index: status D:\wamp64\www\usedcar\Application\Runtime\Cache\Home\abd78ded8e08d6ac66c1ea8bdac46a7e.php 第 44 行.
NOTIC: [8] Undefined variable: status D:\wamp64\www\usedcar\Application\Runtime\Cache\Home\abd78ded8e08d6ac66c1ea8bdac46a7e.php 第 46 行.
NOTIC: [8] Undefined variable: status D:\wamp64\www\usedcar\Application\Runtime\Cache\Home\abd78ded8e08d6ac66c1ea8bdac46a7e.php 第 48 行.
NOTIC: [8] Undefined index: status D:\wamp64\www\usedcar\Application\Runtime\Cache\Home\abd78ded8e08d6ac66c1ea8bdac46a7e.php 第 50 行.
NOTIC: [8] Undefined variable: result D:\wamp64\www\usedcar\Application\Runtime\Cache\Home\abd78ded8e08d6ac66c1ea8bdac46a7e.php 第 115 行.
NOTIC: [8] Undefined variable: result D:\wamp64\www\usedcar\Application\Runtime\Cache\Home\abd78ded8e08d6ac66c1ea8bdac46a7e.php 第 121 行.
ERR: 1146:Table 'usedcar.think_hotel' doesn't exist
 [ SQL语句 ] : SHOW COLUMNS FROM `think_hotel`
ERR: 1146:Table 'usedcar.think_hotel' doesn't exist
 [ SQL语句 ] : SHOW COLUMNS FROM `think_hotel`

[ 2017-10-27T08:50:41+08:00 ] 127.0.0.1 /usedcar/index.php/Home/Admin/toCar/pageName/car.html
INFO: [ app_init ] --START--
INFO: Run Behavior\BuildLiteBehavior [ RunTime:0.000000s ]
INFO: [ app_init ] --END-- [ RunTime:0.001000s ]
INFO: [ app_begin ] --START--
INFO: Run Behavior\ReadHtmlCacheBehavior [ RunTime:0.001000s ]
INFO: [ app_begin ] --END-- [ RunTime:0.001000s ]
NOTIC: [8] Undefined index: isChild D:\wamp64\www\usedcar\Application\Home\Controller\AdminController.class.php 第 111 行.
INFO: [ view_parse ] --START--
INFO: [ template_filter ] --START--
INFO: Run Behavior\ContentReplaceBehavior [ RunTime:0.000000s ]
INFO: [ template_filter ] --END-- [ RunTime:0.001000s ]
NOTIC: [8] Undefined index: status D:\wamp64\www\usedcar\Application\Runtime\Cache\Home\a3c9a2566a503ff689102e595dc83358.php 第 47 行.
NOTIC: [8] Undefined variable: status D:\wamp64\www\usedcar\Application\Runtime\Cache\Home\a3c9a2566a503ff689102e595dc83358.php 第 49 行.
NOTIC: [8] Undefined variable: status D:\wamp64\www\usedcar\Application\Runtime\Cache\Home\a3c9a2566a503ff689102e595dc83358.php 第 51 行.
NOTIC: [8] Undefined index: status D:\wamp64\www\usedcar\Application\Runtime\Cache\Home\a3c9a2566a503ff689102e595dc83358.php 第 53 行.
NOTIC: [8] Undefined variable: result D:\wamp64\www\usedcar\Application\Runtime\Cache\Home\a3c9a2566a503ff689102e595dc83358.php 第 118 行.
NOTIC: [8] Undefined variable: result D:\wamp64\www\usedcar\Application\Runtime\Cache\Home\a3c9a2566a503ff689102e595dc83358.php 第 124 行.
SQL: SHOW COLUMNS FROM `think_car` [ RunTime:0.0280s ]
SQL: SHOW COLUMNS FROM `think_car_brand` [ RunTime:0.0310s ]
SQL: SHOW COLUMNS FROM `think_car_style` [ RunTime:0.0250s ]
SQL: SELECT * FROM `think_car` ORDER BY id desc  [ RunTime:0.0080s ]
SQL: SELECT * FROM `think_car_brand` WHERE `id` = 3  [ RunTime:0.0010s ]
SQL: SELECT * FROM `think_car_style` WHERE `id` = 5  [ RunTime:0.0010s ]
SQL: SELECT * FROM `think_car_brand` WHERE `id` = 4  [ RunTime:0.0010s ]
SQL: SELECT * FROM `think_car_style` WHERE `id` = 15  [ RunTime:0.0000s ]
SQL: SELECT * FROM `think_car_brand` WHERE `id` = 4  [ RunTime:0.0000s ]
SQL: SELECT * FROM `think_car_style` WHERE `id` = 7  [ RunTime:0.0000s ]
SQL: SELECT * FROM `think_car_brand` WHERE `id` = 19  [ RunTime:0.0010s ]
SQL: SELECT * FROM `think_car_style` WHERE `id` = 26  [ RunTime:0.0000s ]
SQL: SELECT * FROM `think_car_brand` WHERE `id` = 18  [ RunTime:0.0000s ]
SQL: SELECT * FROM `think_car_style` WHERE `id` = 24  [ RunTime:0.0000s ]
NOTIC: [8] Undefined index: name D:\wamp64\www\usedcar\Application\Runtime\Cache\Home\a3c9a2566a503ff689102e595dc83358.php 第 251 行.
NOTIC: [8] Undefined index: name D:\wamp64\www\usedcar\Application\Runtime\Cache\Home\a3c9a2566a503ff689102e595dc83358.php 第 253 行.
NOTIC: [8] Undefined index: name D:\wamp64\www\usedcar\Application\Runtime\Cache\Home\a3c9a2566a503ff689102e595dc83358.php 第 251 行.
NOTIC: [8] Undefined index: name D:\wamp64\www\usedcar\Application\Runtime\Cache\Home\a3c9a2566a503ff689102e595dc83358.php 第 253 行.
NOTIC: [8] Undefined index: name D:\wamp64\www\usedcar\Application\Runtime\Cache\Home\a3c9a2566a503ff689102e595dc83358.php 第 251 行.
NOTIC: [8] Undefined index: name D:\wamp64\www\usedcar\Application\Runtime\Cache\Home\a3c9a2566a503ff689102e595dc83358.php 第 253 行.
NOTIC: [8] Undefined index: name D:\wamp64\www\usedcar\Application\Runtime\Cache\Home\a3c9a2566a503ff689102e595dc83358.php 第 251 行.
NOTIC: [8] Undefined index: name D:\wamp64\www\usedcar\Application\Runtime\Cache\Home\a3c9a2566a503ff689102e595dc83358.php 第 253 行.
NOTIC: [8] Undefined index: name D:\wamp64\www\usedcar\Application\Runtime\Cache\Home\a3c9a2566a503ff689102e595dc83358.php 第 251 行.
NOTIC: [8] Undefined index: name D:\wamp64\www\usedcar\Application\Runtime\Cache\Home\a3c9a2566a503ff689102e595dc83358.php 第 253 行.
SQL: SELECT * FROM `think_car_brand` ORDER BY id desc  [ RunTime:0.0010s ]
NOTIC: [2] Missing argument 1 for Home\Controller\AdminController::carStyleSelectByBrandId(), called in D:\wamp64\www\usedcar\Application\Runtime\Cache\Home\a3c9a2566a503ff689102e595dc83358.php on line 329 and defined D:\wamp64\www\usedcar\Application\Home\Controller\AdminController.class.php 第 353 行.
NOTIC: [8] Undefined variable: brandId D:\wamp64\www\usedcar\Application\Home\Controller\AdminController.class.php 第 360 行.
SQL: SELECT * FROM `think_car_brand` WHERE `id` = null  [ RunTime:0.0000s ]
NOTIC: [8] Undefined offset: 0 D:\wamp64\www\usedcar\Application\Home\Controller\AdminController.class.php 第 361 行.
SQL: SELECT * FROM `think_car_style` WHERE `id` = 0  [ RunTime:0.0000s ]
NOTIC: [8] Undefined offset: 0 D:\wamp64\www\usedcar\Application\Home\Controller\AdminController.class.php 第 368 行.
SQL: SELECT * FROM `think_car_brand` ORDER BY id desc  [ RunTime:0.0010s ]
SQL: SELECT * FROM `think_car_brand` ORDER BY id desc  [ RunTime:0.0010s ]
SQL: SELECT * FROM `think_car_brand` WHERE `id` = 19  [ RunTime:0.0010s ]
SQL: SELECT * FROM `think_car_style` WHERE `id` = 26  [ RunTime:0.0000s ]
SQL: SELECT * FROM `think_car_style` WHERE `id` = 27  [ RunTime:0.0000s ]
INFO: Run Behavior\ParseTemplateBehavior [ RunTime:0.156000s ]
INFO: [ view_parse ] --END-- [ RunTime:0.156000s ]
INFO: [ view_filter ] --START--
INFO: Run Behavior\WriteHtmlCacheBehavior [ RunTime:0.001000s ]
INFO: [ view_filter ] --END-- [ RunTime:0.001000s ]
INFO: [ app_end ] --START--
INFO: Run Behavior\ShowPageTraceBehavior [ RunTime:0.001000s ]
INFO: [ app_end ] --END-- [ RunTime:0.001000s ]

[ 2017-10-27T08:50:41+08:00 ] 127.0.0.1 /usedcar/index.php/Home/Wechat/txCityAreaSelect.html
INFO: [ app_init ] --START--
INFO: Run Behavior\BuildLiteBehavior [ RunTime:0.000000s ]
INFO: [ app_init ] --END-- [ RunTime:0.004000s ]
INFO: [ app_begin ] --START--
INFO: Run Behavior\ReadHtmlCacheBehavior [ RunTime:0.001000s ]
INFO: [ app_begin ] --END-- [ RunTime:0.001000s ]

[ 2017-10-27T08:50:41+08:00 ] 127.0.0.1 /usedcar/index.php/Home/Admin/carStyleSelectByIdAjaxReturn.html
INFO: [ app_init ] --START--
INFO: Run Behavior\BuildLiteBehavior [ RunTime:0.000000s ]
INFO: [ app_init ] --END-- [ RunTime:0.000000s ]
INFO: [ app_begin ] --START--
INFO: Run Behavior\ReadHtmlCacheBehavior [ RunTime:0.001000s ]
INFO: [ app_begin ] --END-- [ RunTime:0.001000s ]
SQL: SHOW COLUMNS FROM `think_car_brand` [ RunTime:0.0010s ]
SQL: SHOW COLUMNS FROM `think_car_style` [ RunTime:0.0010s ]
SQL: SELECT * FROM `think_car_brand` WHERE `id` = 19  [ RunTime:0.0010s ]
SQL: SELECT * FROM `think_car_style` WHERE `id` = 26  [ RunTime:0.0000s ]
SQL: SELECT * FROM `think_car_style` WHERE `id` = 27  [ RunTime:0.0000s ]

[ 2017-10-27T08:50:44+08:00 ] 127.0.0.1 /usedcar/index.php/Home/Admin/toAccountManage/pageName/accountManage.html
INFO: [ app_init ] --START--
INFO: Run Behavior\BuildLiteBehavior [ RunTime:0.000000s ]
INFO: [ app_init ] --END-- [ RunTime:0.001000s ]
INFO: [ app_begin ] --START--
INFO: Run Behavior\ReadHtmlCacheBehavior [ RunTime:0.001000s ]
INFO: [ app_begin ] --END-- [ RunTime:0.001000s ]
INFO: [ view_parse ] --START--
INFO: [ template_filter ] --START--
INFO: Run Behavior\ContentReplaceBehavior [ RunTime:0.000000s ]
INFO: [ template_filter ] --END-- [ RunTime:0.000000s ]
NOTIC: [8] Undefined index: status D:\wamp64\www\usedcar\Application\Runtime\Cache\Home\62b5336886605f57a269226284379532.php 第 31 行.
NOTIC: [8] Undefined variable: status D:\wamp64\www\usedcar\Application\Runtime\Cache\Home\62b5336886605f57a269226284379532.php 第 33 行.
NOTIC: [8] Undefined variable: status D:\wamp64\www\usedcar\Application\Runtime\Cache\Home\62b5336886605f57a269226284379532.php 第 35 行.
NOTIC: [8] Undefined index: status D:\wamp64\www\usedcar\Application\Runtime\Cache\Home\62b5336886605f57a269226284379532.php 第 37 行.
NOTIC: [8] Undefined variable: result D:\wamp64\www\usedcar\Application\Runtime\Cache\Home\62b5336886605f57a269226284379532.php 第 102 行.
NOTIC: [8] Undefined variable: result D:\wamp64\www\usedcar\Application\Runtime\Cache\Home\62b5336886605f57a269226284379532.php 第 108 行.
SQL: SHOW COLUMNS FROM `think_manager` [ RunTime:0.0020s ]
SQL: SELECT * FROM `think_manager` ORDER BY id DESC  [ RunTime:0.0010s ]
INFO: Run Behavior\ParseTemplateBehavior [ RunTime:0.040000s ]
INFO: [ view_parse ] --END-- [ RunTime:0.040000s ]
INFO: [ view_filter ] --START--
INFO: Run Behavior\WriteHtmlCacheBehavior [ RunTime:0.001000s ]
INFO: [ view_filter ] --END-- [ RunTime:0.001000s ]
INFO: [ app_end ] --START--
INFO: Run Behavior\ShowPageTraceBehavior [ RunTime:0.002000s ]
INFO: [ app_end ] --END-- [ RunTime:0.002000s ]

