[ 2017-10-16T08:24:02+08:00 ] 127.0.0.1 /usedcar/Home/Admin
INFO: [ app_init ] --START--
INFO: Run Behavior\BuildLiteBehavior [ RunTime:0.000000s ]
INFO: [ app_init ] --END-- [ RunTime:0.020000s ]
INFO: [ app_begin ] --START--
INFO: Run Behavior\ReadHtmlCacheBehavior [ RunTime:0.003000s ]
INFO: [ app_begin ] --END-- [ RunTime:0.003000s ]
INFO: [ view_parse ] --START--
INFO: [ template_filter ] --START--
INFO: Run Behavior\ContentReplaceBehavior [ RunTime:0.000000s ]
INFO: [ template_filter ] --END-- [ RunTime:0.000000s ]
INFO: Run Behavior\ParseTemplateBehavior [ RunTime:0.049000s ]
INFO: [ view_parse ] --END-- [ RunTime:0.049000s ]
INFO: [ view_filter ] --START--
INFO: Run Behavior\WriteHtmlCacheBehavior [ RunTime:0.010000s ]
INFO: [ view_filter ] --END-- [ RunTime:0.010000s ]
INFO: [ app_end ] --START--
INFO: Run Behavior\ShowPageTraceBehavior [ RunTime:0.001000s ]
INFO: [ app_end ] --END-- [ RunTime:0.001000s ]

[ 2017-10-16T08:24:08+08:00 ] 127.0.0.1 /usedcar/index.php/Home/Admin/login
INFO: [ app_init ] --START--
INFO: Run Behavior\BuildLiteBehavior [ RunTime:0.000000s ]
INFO: [ app_init ] --END-- [ RunTime:0.000000s ]
INFO: [ app_begin ] --START--
INFO: Run Behavior\ReadHtmlCacheBehavior [ RunTime:0.001000s ]
INFO: [ app_begin ] --END-- [ RunTime:0.001000s ]
SQL: SHOW COLUMNS FROM `think_manager` [ RunTime:0.0500s ]
SQL: SELECT * FROM `think_manager` WHERE `phone` = '18164626080' AND `password` = '123456'  [ RunTime:0.0040s ]

[ 2017-10-16T08:24:08+08:00 ] 127.0.0.1 /usedcar/index.php/Home/Admin/Index/index
INFO: [ app_init ] --START--
INFO: Run Behavior\BuildLiteBehavior [ RunTime:0.000000s ]
INFO: [ app_init ] --END-- [ RunTime:0.001000s ]
INFO: [ app_begin ] --START--
INFO: Run Behavior\ReadHtmlCacheBehavior [ RunTime:0.001000s ]
INFO: [ app_begin ] --END-- [ RunTime:0.002000s ]
INFO: [ view_parse ] --START--
INFO: [ template_filter ] --START--
INFO: Run Behavior\ContentReplaceBehavior [ RunTime:0.000000s ]
INFO: [ template_filter ] --END-- [ RunTime:0.000000s ]
NOTIC: [8] Undefined variable: pageName D:\wamp64\www\usedcar\Application\Runtime\Cache\Home\2cf09506161e9442bd1ad02f12a1e9e4.php 第 62 行.
NOTIC: [8] Undefined variable: pageName D:\wamp64\www\usedcar\Application\Runtime\Cache\Home\2cf09506161e9442bd1ad02f12a1e9e4.php 第 75 行.
NOTIC: [8] Undefined variable: pageName D:\wamp64\www\usedcar\Application\Runtime\Cache\Home\2cf09506161e9442bd1ad02f12a1e9e4.php 第 82 行.
NOTIC: [8] Undefined variable: pageName D:\wamp64\www\usedcar\Application\Runtime\Cache\Home\2cf09506161e9442bd1ad02f12a1e9e4.php 第 89 行.
NOTIC: [8] Undefined variable: result D:\wamp64\www\usedcar\Application\Runtime\Cache\Home\2cf09506161e9442bd1ad02f12a1e9e4.php 第 91 行.
NOTIC: [8] Undefined variable: pageName D:\wamp64\www\usedcar\Application\Runtime\Cache\Home\2cf09506161e9442bd1ad02f12a1e9e4.php 第 95 行.
NOTIC: [8] Undefined variable: result D:\wamp64\www\usedcar\Application\Runtime\Cache\Home\2cf09506161e9442bd1ad02f12a1e9e4.php 第 97 行.
NOTIC: [8] Undefined variable: pageName D:\wamp64\www\usedcar\Application\Runtime\Cache\Home\2cf09506161e9442bd1ad02f12a1e9e4.php 第 101 行.
NOTIC: [8] Undefined variable: pageName D:\wamp64\www\usedcar\Application\Runtime\Cache\Home\2cf09506161e9442bd1ad02f12a1e9e4.php 第 108 行.
NOTIC: [8] Undefined variable: pageName D:\wamp64\www\usedcar\Application\Runtime\Cache\Home\2cf09506161e9442bd1ad02f12a1e9e4.php 第 115 行.
NOTIC: [8] Undefined variable: pageName D:\wamp64\www\usedcar\Application\Runtime\Cache\Home\2cf09506161e9442bd1ad02f12a1e9e4.php 第 140 行.
INFO: Run Behavior\ParseTemplateBehavior [ RunTime:0.034000s ]
INFO: [ view_parse ] --END-- [ RunTime:0.035000s ]
INFO: [ view_filter ] --START--
INFO: Run Behavior\WriteHtmlCacheBehavior [ RunTime:0.001000s ]
INFO: [ view_filter ] --END-- [ RunTime:0.001000s ]
INFO: [ app_end ] --START--
INFO: Run Behavior\ShowPageTraceBehavior [ RunTime:0.001000s ]
INFO: [ app_end ] --END-- [ RunTime:0.001000s ]

[ 2017-10-16T08:24:19+08:00 ] 127.0.0.1 /usedcar/index.php/Home/Admin/toCar/pageName/car.html
INFO: [ app_init ] --START--
INFO: Run Behavior\BuildLiteBehavior [ RunTime:0.000000s ]
INFO: [ app_init ] --END-- [ RunTime:0.001000s ]
INFO: [ app_begin ] --START--
INFO: Run Behavior\ReadHtmlCacheBehavior [ RunTime:0.001000s ]
INFO: [ app_begin ] --END-- [ RunTime:0.001000s ]
NOTIC: [8] Undefined index: isChild D:\wamp64\www\usedcar\Application\Home\Controller\AdminController.class.php 第 111 行.
INFO: [ view_parse ] --START--
INFO: [ template_filter ] --START--
INFO: Run Behavior\ContentReplaceBehavior [ RunTime:0.000000s ]
INFO: [ template_filter ] --END-- [ RunTime:0.000000s ]
NOTIC: [8] Undefined index: status D:\wamp64\www\usedcar\Application\Runtime\Cache\Home\a3c9a2566a503ff689102e595dc83358.php 第 42 行.
NOTIC: [8] Undefined variable: status D:\wamp64\www\usedcar\Application\Runtime\Cache\Home\a3c9a2566a503ff689102e595dc83358.php 第 44 行.
NOTIC: [8] Undefined variable: status D:\wamp64\www\usedcar\Application\Runtime\Cache\Home\a3c9a2566a503ff689102e595dc83358.php 第 46 行.
NOTIC: [8] Undefined index: status D:\wamp64\www\usedcar\Application\Runtime\Cache\Home\a3c9a2566a503ff689102e595dc83358.php 第 48 行.
NOTIC: [8] Undefined variable: result D:\wamp64\www\usedcar\Application\Runtime\Cache\Home\a3c9a2566a503ff689102e595dc83358.php 第 113 行.
NOTIC: [8] Undefined variable: result D:\wamp64\www\usedcar\Application\Runtime\Cache\Home\a3c9a2566a503ff689102e595dc83358.php 第 119 行.
SQL: SHOW COLUMNS FROM `think_car` [ RunTime:0.0140s ]
SQL: SHOW COLUMNS FROM `think_car_brand` [ RunTime:0.0420s ]
SQL: SHOW COLUMNS FROM `think_car_style` [ RunTime:0.0260s ]
SQL: SELECT * FROM `think_car` ORDER BY id desc  [ RunTime:0.0110s ]
SQL: SELECT * FROM `think_car_brand` WHERE `id` = 4  [ RunTime:0.0000s ]
SQL: SELECT * FROM `think_car_style` WHERE `id` = 7  [ RunTime:0.0000s ]
NOTIC: [8] Undefined index: name D:\wamp64\www\usedcar\Application\Runtime\Cache\Home\a3c9a2566a503ff689102e595dc83358.php 第 238 行.
NOTIC: [8] Undefined index: name D:\wamp64\www\usedcar\Application\Runtime\Cache\Home\a3c9a2566a503ff689102e595dc83358.php 第 240 行.
SQL: SELECT * FROM `think_car_brand` ORDER BY id desc  [ RunTime:0.0010s ]
NOTIC: [2] Missing argument 1 for Home\Controller\AdminController::carStyleSelectByBrandId(), called in D:\wamp64\www\usedcar\Application\Runtime\Cache\Home\a3c9a2566a503ff689102e595dc83358.php on line 306 and defined D:\wamp64\www\usedcar\Application\Home\Controller\AdminController.class.php 第 320 行.
NOTIC: [8] Undefined variable: brandId D:\wamp64\www\usedcar\Application\Home\Controller\AdminController.class.php 第 327 行.
SQL: SELECT * FROM `think_car_brand` WHERE `id` = null  [ RunTime:0.0190s ]
NOTIC: [8] Undefined offset: 0 D:\wamp64\www\usedcar\Application\Home\Controller\AdminController.class.php 第 328 行.
SQL: SELECT * FROM `think_car_style` WHERE `id` = 0  [ RunTime:0.0000s ]
NOTIC: [8] Undefined offset: 0 D:\wamp64\www\usedcar\Application\Home\Controller\AdminController.class.php 第 335 行.
SQL: SELECT * FROM `think_car_brand` ORDER BY id desc  [ RunTime:0.0000s ]
NOTIC: [8] Undefined variable: hotelId D:\wamp64\www\usedcar\Application\Runtime\Cache\Home\a3c9a2566a503ff689102e595dc83358.php 第 386 行.
NOTIC: [8] Undefined variable: hotelId D:\wamp64\www\usedcar\Application\Runtime\Cache\Home\a3c9a2566a503ff689102e595dc83358.php 第 386 行.
INFO: Run Behavior\ParseTemplateBehavior [ RunTime:0.178000s ]
INFO: [ view_parse ] --END-- [ RunTime:0.178000s ]
INFO: [ view_filter ] --START--
INFO: Run Behavior\WriteHtmlCacheBehavior [ RunTime:0.000000s ]
INFO: [ view_filter ] --END-- [ RunTime:0.000000s ]
INFO: [ app_end ] --START--
INFO: Run Behavior\ShowPageTraceBehavior [ RunTime:0.000000s ]
INFO: [ app_end ] --END-- [ RunTime:0.000000s ]

[ 2017-10-16T08:24:19+08:00 ] 127.0.0.1 /usedcar/index.php/Home/Admin/carStyleSelectByIdAjaxReturn.html
INFO: [ app_init ] --START--
INFO: Run Behavior\BuildLiteBehavior [ RunTime:0.000000s ]
INFO: [ app_init ] --END-- [ RunTime:0.000000s ]
INFO: [ app_begin ] --START--
INFO: Run Behavior\ReadHtmlCacheBehavior [ RunTime:0.001000s ]
INFO: [ app_begin ] --END-- [ RunTime:0.001000s ]
SQL: SHOW COLUMNS FROM `think_car_brand` [ RunTime:0.0010s ]
SQL: SHOW COLUMNS FROM `think_car_style` [ RunTime:0.0010s ]
SQL: SELECT * FROM `think_car_brand` WHERE `id` = 4  [ RunTime:0.0000s ]
SQL: SELECT * FROM `think_car_style` WHERE `id` = 6  [ RunTime:0.0000s ]
SQL: SELECT * FROM `think_car_style` WHERE `id` = 7  [ RunTime:0.0010s ]

[ 2017-10-16T09:27:15+08:00 ] 127.0.0.1 /usedcar/index.php/Home/Admin/toCar/pageName/car.html
INFO: [ app_init ] --START--
INFO: Run Behavior\BuildLiteBehavior [ RunTime:0.000000s ]
INFO: [ app_init ] --END-- [ RunTime:0.001000s ]
INFO: [ app_begin ] --START--
INFO: Run Behavior\ReadHtmlCacheBehavior [ RunTime:0.001000s ]
INFO: [ app_begin ] --END-- [ RunTime:0.001000s ]
NOTIC: [8] Undefined index: isChild D:\wamp64\www\usedcar\Application\Home\Controller\AdminController.class.php 第 111 行.
INFO: [ view_parse ] --START--
INFO: [ template_filter ] --START--
INFO: Run Behavior\ContentReplaceBehavior [ RunTime:0.000000s ]
INFO: [ template_filter ] --END-- [ RunTime:0.001000s ]
NOTIC: [8] Undefined index: status D:\wamp64\www\usedcar\Application\Runtime\Cache\Home\a3c9a2566a503ff689102e595dc83358.php 第 42 行.
NOTIC: [8] Undefined variable: status D:\wamp64\www\usedcar\Application\Runtime\Cache\Home\a3c9a2566a503ff689102e595dc83358.php 第 44 行.
NOTIC: [8] Undefined variable: status D:\wamp64\www\usedcar\Application\Runtime\Cache\Home\a3c9a2566a503ff689102e595dc83358.php 第 46 行.
NOTIC: [8] Undefined index: status D:\wamp64\www\usedcar\Application\Runtime\Cache\Home\a3c9a2566a503ff689102e595dc83358.php 第 48 行.
NOTIC: [8] Undefined variable: result D:\wamp64\www\usedcar\Application\Runtime\Cache\Home\a3c9a2566a503ff689102e595dc83358.php 第 113 行.
NOTIC: [8] Undefined variable: result D:\wamp64\www\usedcar\Application\Runtime\Cache\Home\a3c9a2566a503ff689102e595dc83358.php 第 119 行.
SQL: SHOW COLUMNS FROM `think_car` [ RunTime:0.0010s ]
SQL: SHOW COLUMNS FROM `think_car_brand` [ RunTime:0.0000s ]
SQL: SHOW COLUMNS FROM `think_car_style` [ RunTime:0.0010s ]
SQL: SELECT * FROM `think_car` ORDER BY id desc  [ RunTime:0.0010s ]
SQL: SELECT * FROM `think_car_brand` WHERE `id` = 4  [ RunTime:0.0000s ]
SQL: SELECT * FROM `think_car_style` WHERE `id` = 7  [ RunTime:0.0000s ]
NOTIC: [8] Undefined index: name D:\wamp64\www\usedcar\Application\Runtime\Cache\Home\a3c9a2566a503ff689102e595dc83358.php 第 238 行.
NOTIC: [8] Undefined index: name D:\wamp64\www\usedcar\Application\Runtime\Cache\Home\a3c9a2566a503ff689102e595dc83358.php 第 240 行.
SQL: SELECT * FROM `think_car_brand` ORDER BY id desc  [ RunTime:0.0010s ]
NOTIC: [2] Missing argument 1 for Home\Controller\AdminController::carStyleSelectByBrandId(), called in D:\wamp64\www\usedcar\Application\Runtime\Cache\Home\a3c9a2566a503ff689102e595dc83358.php on line 306 and defined D:\wamp64\www\usedcar\Application\Home\Controller\AdminController.class.php 第 320 行.
NOTIC: [8] Undefined variable: brandId D:\wamp64\www\usedcar\Application\Home\Controller\AdminController.class.php 第 327 行.
SQL: SELECT * FROM `think_car_brand` WHERE `id` = null  [ RunTime:0.0000s ]
NOTIC: [8] Undefined offset: 0 D:\wamp64\www\usedcar\Application\Home\Controller\AdminController.class.php 第 328 行.
SQL: SELECT * FROM `think_car_style` WHERE `id` = 0  [ RunTime:0.0000s ]
NOTIC: [8] Undefined offset: 0 D:\wamp64\www\usedcar\Application\Home\Controller\AdminController.class.php 第 335 行.
SQL: SELECT * FROM `think_car_brand` ORDER BY id desc  [ RunTime:0.0000s ]
NOTIC: [8] Undefined variable: hotelId D:\wamp64\www\usedcar\Application\Runtime\Cache\Home\a3c9a2566a503ff689102e595dc83358.php 第 386 行.
NOTIC: [8] Undefined variable: hotelId D:\wamp64\www\usedcar\Application\Runtime\Cache\Home\a3c9a2566a503ff689102e595dc83358.php 第 386 行.
INFO: Run Behavior\ParseTemplateBehavior [ RunTime:0.054000s ]
INFO: [ view_parse ] --END-- [ RunTime:0.054000s ]
INFO: [ view_filter ] --START--
INFO: Run Behavior\WriteHtmlCacheBehavior [ RunTime:0.001000s ]
INFO: [ view_filter ] --END-- [ RunTime:0.001000s ]
INFO: [ app_end ] --START--
INFO: Run Behavior\ShowPageTraceBehavior [ RunTime:0.001000s ]
INFO: [ app_end ] --END-- [ RunTime:0.001000s ]

[ 2017-10-16T09:27:15+08:00 ] 127.0.0.1 /usedcar/index.php/Home/Admin/carStyleSelectByIdAjaxReturn.html
INFO: [ app_init ] --START--
INFO: Run Behavior\BuildLiteBehavior [ RunTime:0.000000s ]
INFO: [ app_init ] --END-- [ RunTime:0.001000s ]
INFO: [ app_begin ] --START--
INFO: Run Behavior\ReadHtmlCacheBehavior [ RunTime:0.000000s ]
INFO: [ app_begin ] --END-- [ RunTime:0.000000s ]
SQL: SHOW COLUMNS FROM `think_car_brand` [ RunTime:0.0020s ]
SQL: SHOW COLUMNS FROM `think_car_style` [ RunTime:0.0010s ]
SQL: SELECT * FROM `think_car_brand` WHERE `id` = 4  [ RunTime:0.0010s ]
SQL: SELECT * FROM `think_car_style` WHERE `id` = 6  [ RunTime:0.0010s ]
SQL: SELECT * FROM `think_car_style` WHERE `id` = 7  [ RunTime:0.0010s ]

[ 2017-10-16T09:27:18+08:00 ] 127.0.0.1 /usedcar/index.php/Home/Admin/carBrandAdd.html
INFO: [ app_init ] --START--
INFO: Run Behavior\BuildLiteBehavior [ RunTime:0.000000s ]
INFO: [ app_init ] --END-- [ RunTime:0.000000s ]
INFO: [ app_begin ] --START--
INFO: Run Behavior\ReadHtmlCacheBehavior [ RunTime:0.001000s ]
INFO: [ app_begin ] --END-- [ RunTime:0.001000s ]
SQL: SHOW COLUMNS FROM `think_car_brand` [ RunTime:0.0010s ]
NOTIC: [8] Undefined index: name D:\wamp64\www\usedcar\Application\Home\Controller\AdminController.class.php 第 523 行.
ERR: 1048:Column 'name' cannot be null
 [ SQL语句 ] : INSERT INTO `think_car_brand` (`name`) VALUES (NULL)
ERR: 1048:Column 'name' cannot be null
 [ SQL语句 ] : INSERT INTO `think_car_brand` (`name`) VALUES (NULL)

[ 2017-10-16T09:27:21+08:00 ] 127.0.0.1 /usedcar/index.php/Home/Admin/carStyleSelectByIdAjaxReturn.html
INFO: [ app_init ] --START--
INFO: Run Behavior\BuildLiteBehavior [ RunTime:0.000000s ]
INFO: [ app_init ] --END-- [ RunTime:0.001000s ]
INFO: [ app_begin ] --START--
INFO: Run Behavior\ReadHtmlCacheBehavior [ RunTime:0.001000s ]
INFO: [ app_begin ] --END-- [ RunTime:0.001000s ]
SQL: SHOW COLUMNS FROM `think_car_brand` [ RunTime:0.0010s ]
SQL: SHOW COLUMNS FROM `think_car_style` [ RunTime:0.0040s ]
SQL: SELECT * FROM `think_car_brand` WHERE `id` = 4  [ RunTime:0.0000s ]
SQL: SELECT * FROM `think_car_style` WHERE `id` = 6  [ RunTime:0.0010s ]
SQL: SELECT * FROM `think_car_style` WHERE `id` = 7  [ RunTime:0.0000s ]

[ 2017-10-16T09:28:36+08:00 ] 127.0.0.1 /usedcar/index.php/Home/Admin/toCar/pageName/car.html
INFO: [ app_init ] --START--
INFO: Run Behavior\BuildLiteBehavior [ RunTime:0.000000s ]
INFO: [ app_init ] --END-- [ RunTime:0.001000s ]
INFO: [ app_begin ] --START--
INFO: Run Behavior\ReadHtmlCacheBehavior [ RunTime:0.001000s ]
INFO: [ app_begin ] --END-- [ RunTime:0.002000s ]
NOTIC: [8] Undefined index: isChild D:\wamp64\www\usedcar\Application\Home\Controller\AdminController.class.php 第 111 行.
INFO: [ view_parse ] --START--
INFO: [ template_filter ] --START--
INFO: Run Behavior\ContentReplaceBehavior [ RunTime:0.000000s ]
INFO: [ template_filter ] --END-- [ RunTime:0.000000s ]
NOTIC: [8] Undefined index: status D:\wamp64\www\usedcar\Application\Runtime\Cache\Home\a3c9a2566a503ff689102e595dc83358.php 第 42 行.
NOTIC: [8] Undefined variable: status D:\wamp64\www\usedcar\Application\Runtime\Cache\Home\a3c9a2566a503ff689102e595dc83358.php 第 44 行.
NOTIC: [8] Undefined variable: status D:\wamp64\www\usedcar\Application\Runtime\Cache\Home\a3c9a2566a503ff689102e595dc83358.php 第 46 行.
NOTIC: [8] Undefined index: status D:\wamp64\www\usedcar\Application\Runtime\Cache\Home\a3c9a2566a503ff689102e595dc83358.php 第 48 行.
NOTIC: [8] Undefined variable: result D:\wamp64\www\usedcar\Application\Runtime\Cache\Home\a3c9a2566a503ff689102e595dc83358.php 第 113 行.
NOTIC: [8] Undefined variable: result D:\wamp64\www\usedcar\Application\Runtime\Cache\Home\a3c9a2566a503ff689102e595dc83358.php 第 119 行.
SQL: SHOW COLUMNS FROM `think_car` [ RunTime:0.0010s ]
SQL: SHOW COLUMNS FROM `think_car_brand` [ RunTime:0.0010s ]
SQL: SHOW COLUMNS FROM `think_car_style` [ RunTime:0.0010s ]
SQL: SELECT * FROM `think_car` ORDER BY id desc  [ RunTime:0.0010s ]
SQL: SELECT * FROM `think_car_brand` WHERE `id` = 4  [ RunTime:0.0010s ]
SQL: SELECT * FROM `think_car_style` WHERE `id` = 7  [ RunTime:0.0000s ]
NOTIC: [8] Undefined index: name D:\wamp64\www\usedcar\Application\Runtime\Cache\Home\a3c9a2566a503ff689102e595dc83358.php 第 238 行.
NOTIC: [8] Undefined index: name D:\wamp64\www\usedcar\Application\Runtime\Cache\Home\a3c9a2566a503ff689102e595dc83358.php 第 240 行.
SQL: SELECT * FROM `think_car_brand` ORDER BY id desc  [ RunTime:0.0000s ]
NOTIC: [2] Missing argument 1 for Home\Controller\AdminController::carStyleSelectByBrandId(), called in D:\wamp64\www\usedcar\Application\Runtime\Cache\Home\a3c9a2566a503ff689102e595dc83358.php on line 306 and defined D:\wamp64\www\usedcar\Application\Home\Controller\AdminController.class.php 第 320 行.
NOTIC: [8] Undefined variable: brandId D:\wamp64\www\usedcar\Application\Home\Controller\AdminController.class.php 第 327 行.
SQL: SELECT * FROM `think_car_brand` WHERE `id` = null  [ RunTime:0.0000s ]
NOTIC: [8] Undefined offset: 0 D:\wamp64\www\usedcar\Application\Home\Controller\AdminController.class.php 第 328 行.
SQL: SELECT * FROM `think_car_style` WHERE `id` = 0  [ RunTime:0.0010s ]
NOTIC: [8] Undefined offset: 0 D:\wamp64\www\usedcar\Application\Home\Controller\AdminController.class.php 第 335 行.
SQL: SELECT * FROM `think_car_brand` ORDER BY id desc  [ RunTime:0.0010s ]
NOTIC: [8] Undefined variable: hotelId D:\wamp64\www\usedcar\Application\Runtime\Cache\Home\a3c9a2566a503ff689102e595dc83358.php 第 386 行.
NOTIC: [8] Undefined variable: hotelId D:\wamp64\www\usedcar\Application\Runtime\Cache\Home\a3c9a2566a503ff689102e595dc83358.php 第 386 行.
INFO: Run Behavior\ParseTemplateBehavior [ RunTime:0.041000s ]
INFO: [ view_parse ] --END-- [ RunTime:0.041000s ]
INFO: [ view_filter ] --START--
INFO: Run Behavior\WriteHtmlCacheBehavior [ RunTime:0.000000s ]
INFO: [ view_filter ] --END-- [ RunTime:0.000000s ]
INFO: [ app_end ] --START--
INFO: Run Behavior\ShowPageTraceBehavior [ RunTime:0.001000s ]
INFO: [ app_end ] --END-- [ RunTime:0.001000s ]

[ 2017-10-16T09:28:36+08:00 ] 127.0.0.1 /usedcar/index.php/Home/Admin/carStyleSelectByIdAjaxReturn.html
INFO: [ app_init ] --START--
INFO: Run Behavior\BuildLiteBehavior [ RunTime:0.000000s ]
INFO: [ app_init ] --END-- [ RunTime:0.001000s ]
INFO: [ app_begin ] --START--
INFO: Run Behavior\ReadHtmlCacheBehavior [ RunTime:0.001000s ]
INFO: [ app_begin ] --END-- [ RunTime:0.001000s ]
SQL: SHOW COLUMNS FROM `think_car_brand` [ RunTime:0.0010s ]
SQL: SHOW COLUMNS FROM `think_car_style` [ RunTime:0.0010s ]
SQL: SELECT * FROM `think_car_brand` WHERE `id` = 4  [ RunTime:0.0000s ]
SQL: SELECT * FROM `think_car_style` WHERE `id` = 6  [ RunTime:0.0000s ]
SQL: SELECT * FROM `think_car_style` WHERE `id` = 7  [ RunTime:0.0000s ]

[ 2017-10-16T09:28:45+08:00 ] 127.0.0.1 /usedcar/index.php/Home/Admin/carBrandAdd.html
INFO: [ app_init ] --START--
INFO: Run Behavior\BuildLiteBehavior [ RunTime:0.000000s ]
INFO: [ app_init ] --END-- [ RunTime:0.000000s ]
INFO: [ app_begin ] --START--
INFO: Run Behavior\ReadHtmlCacheBehavior [ RunTime:0.001000s ]
INFO: [ app_begin ] --END-- [ RunTime:0.001000s ]
SQL: SHOW COLUMNS FROM `think_car_brand` [ RunTime:0.0010s ]
NOTIC: [8] Undefined index: name D:\wamp64\www\usedcar\Application\Home\Controller\AdminController.class.php 第 523 行.
ERR: 1048:Column 'name' cannot be null
 [ SQL语句 ] : INSERT INTO `think_car_brand` (`name`) VALUES (NULL)
ERR: 1048:Column 'name' cannot be null
 [ SQL语句 ] : INSERT INTO `think_car_brand` (`name`) VALUES (NULL)

[ 2017-10-16T09:29:16+08:00 ] 127.0.0.1 /usedcar/index.php/Home/Admin/carStyleSelectByIdAjaxReturn.html
INFO: [ app_init ] --START--
INFO: Run Behavior\BuildLiteBehavior [ RunTime:0.000000s ]
INFO: [ app_init ] --END-- [ RunTime:0.001000s ]
INFO: [ app_begin ] --START--
INFO: Run Behavior\ReadHtmlCacheBehavior [ RunTime:0.001000s ]
INFO: [ app_begin ] --END-- [ RunTime:0.001000s ]
SQL: SHOW COLUMNS FROM `think_car_brand` [ RunTime:0.0060s ]
SQL: SHOW COLUMNS FROM `think_car_style` [ RunTime:0.0050s ]
SQL: SELECT * FROM `think_car_brand` WHERE `id` = 4  [ RunTime:0.0010s ]
SQL: SELECT * FROM `think_car_style` WHERE `id` = 6  [ RunTime:0.0010s ]
SQL: SELECT * FROM `think_car_style` WHERE `id` = 7  [ RunTime:0.0010s ]

[ 2017-10-16T09:29:16+08:00 ] 127.0.0.1 /usedcar/index.php/Home/Admin/toCar/pageName/car.html
INFO: [ app_init ] --START--
INFO: Run Behavior\BuildLiteBehavior [ RunTime:0.000000s ]
INFO: [ app_init ] --END-- [ RunTime:0.001000s ]
INFO: [ app_begin ] --START--
INFO: Run Behavior\ReadHtmlCacheBehavior [ RunTime:0.001000s ]
INFO: [ app_begin ] --END-- [ RunTime:0.001000s ]
NOTIC: [8] Undefined index: isChild D:\wamp64\www\usedcar\Application\Home\Controller\AdminController.class.php 第 111 行.
INFO: [ view_parse ] --START--
INFO: [ template_filter ] --START--
INFO: Run Behavior\ContentReplaceBehavior [ RunTime:0.000000s ]
INFO: [ template_filter ] --END-- [ RunTime:0.000000s ]
NOTIC: [8] Undefined index: status D:\wamp64\www\usedcar\Application\Runtime\Cache\Home\a3c9a2566a503ff689102e595dc83358.php 第 42 行.
NOTIC: [8] Undefined variable: status D:\wamp64\www\usedcar\Application\Runtime\Cache\Home\a3c9a2566a503ff689102e595dc83358.php 第 44 行.
NOTIC: [8] Undefined variable: status D:\wamp64\www\usedcar\Application\Runtime\Cache\Home\a3c9a2566a503ff689102e595dc83358.php 第 46 行.
NOTIC: [8] Undefined index: status D:\wamp64\www\usedcar\Application\Runtime\Cache\Home\a3c9a2566a503ff689102e595dc83358.php 第 48 行.
NOTIC: [8] Undefined variable: result D:\wamp64\www\usedcar\Application\Runtime\Cache\Home\a3c9a2566a503ff689102e595dc83358.php 第 113 行.
NOTIC: [8] Undefined variable: result D:\wamp64\www\usedcar\Application\Runtime\Cache\Home\a3c9a2566a503ff689102e595dc83358.php 第 119 行.
SQL: SHOW COLUMNS FROM `think_car` [ RunTime:0.0010s ]
SQL: SHOW COLUMNS FROM `think_car_brand` [ RunTime:0.0010s ]
SQL: SHOW COLUMNS FROM `think_car_style` [ RunTime:0.0010s ]
SQL: SELECT * FROM `think_car` ORDER BY id desc  [ RunTime:0.0000s ]
SQL: SELECT * FROM `think_car_brand` WHERE `id` = 4  [ RunTime:0.0000s ]
SQL: SELECT * FROM `think_car_style` WHERE `id` = 7  [ RunTime:0.0000s ]
NOTIC: [8] Undefined index: name D:\wamp64\www\usedcar\Application\Runtime\Cache\Home\a3c9a2566a503ff689102e595dc83358.php 第 238 行.
NOTIC: [8] Undefined index: name D:\wamp64\www\usedcar\Application\Runtime\Cache\Home\a3c9a2566a503ff689102e595dc83358.php 第 240 行.
SQL: SELECT * FROM `think_car_brand` ORDER BY id desc  [ RunTime:0.0000s ]
NOTIC: [2] Missing argument 1 for Home\Controller\AdminController::carStyleSelectByBrandId(), called in D:\wamp64\www\usedcar\Application\Runtime\Cache\Home\a3c9a2566a503ff689102e595dc83358.php on line 306 and defined D:\wamp64\www\usedcar\Application\Home\Controller\AdminController.class.php 第 320 行.
NOTIC: [8] Undefined variable: brandId D:\wamp64\www\usedcar\Application\Home\Controller\AdminController.class.php 第 327 行.
SQL: SELECT * FROM `think_car_brand` WHERE `id` = null  [ RunTime:0.0000s ]
NOTIC: [8] Undefined offset: 0 D:\wamp64\www\usedcar\Application\Home\Controller\AdminController.class.php 第 328 行.
SQL: SELECT * FROM `think_car_style` WHERE `id` = 0  [ RunTime:0.0000s ]
NOTIC: [8] Undefined offset: 0 D:\wamp64\www\usedcar\Application\Home\Controller\AdminController.class.php 第 335 行.
SQL: SELECT * FROM `think_car_brand` ORDER BY id desc  [ RunTime:0.0010s ]
NOTIC: [8] Undefined variable: hotelId D:\wamp64\www\usedcar\Application\Runtime\Cache\Home\a3c9a2566a503ff689102e595dc83358.php 第 386 行.
NOTIC: [8] Undefined variable: hotelId D:\wamp64\www\usedcar\Application\Runtime\Cache\Home\a3c9a2566a503ff689102e595dc83358.php 第 386 行.
INFO: Run Behavior\ParseTemplateBehavior [ RunTime:0.041000s ]
INFO: [ view_parse ] --END-- [ RunTime:0.041000s ]
INFO: [ view_filter ] --START--
INFO: Run Behavior\WriteHtmlCacheBehavior [ RunTime:0.000000s ]
INFO: [ view_filter ] --END-- [ RunTime:0.000000s ]
INFO: [ app_end ] --START--
INFO: Run Behavior\ShowPageTraceBehavior [ RunTime:0.001000s ]
INFO: [ app_end ] --END-- [ RunTime:0.001000s ]

[ 2017-10-16T09:29:16+08:00 ] 127.0.0.1 /usedcar/index.php/Home/Admin/carStyleSelectByIdAjaxReturn.html
INFO: [ app_init ] --START--
INFO: Run Behavior\BuildLiteBehavior [ RunTime:0.000000s ]
INFO: [ app_init ] --END-- [ RunTime:0.001000s ]
INFO: [ app_begin ] --START--
INFO: Run Behavior\ReadHtmlCacheBehavior [ RunTime:0.001000s ]
INFO: [ app_begin ] --END-- [ RunTime:0.001000s ]
SQL: SHOW COLUMNS FROM `think_car_brand` [ RunTime:0.0030s ]
SQL: SHOW COLUMNS FROM `think_car_style` [ RunTime:0.0010s ]
SQL: SELECT * FROM `think_car_brand` WHERE `id` = 4  [ RunTime:0.0010s ]
SQL: SELECT * FROM `think_car_style` WHERE `id` = 6  [ RunTime:0.0000s ]
SQL: SELECT * FROM `think_car_style` WHERE `id` = 7  [ RunTime:0.0000s ]

[ 2017-10-16T09:29:19+08:00 ] 127.0.0.1 /usedcar/index.php/Home/Admin/carBrandAdd.html
INFO: [ app_init ] --START--
INFO: Run Behavior\BuildLiteBehavior [ RunTime:0.000000s ]
INFO: [ app_init ] --END-- [ RunTime:0.001000s ]
INFO: [ app_begin ] --START--
INFO: Run Behavior\ReadHtmlCacheBehavior [ RunTime:0.001000s ]
INFO: [ app_begin ] --END-- [ RunTime:0.001000s ]
SQL: SHOW COLUMNS FROM `think_car_brand` [ RunTime:0.0010s ]
SQL: INSERT INTO `think_car_brand` (`name`) VALUES ('宝马') [ RunTime:0.0010s ]

[ 2017-10-16T09:29:19+08:00 ] 127.0.0.1 /usedcar/index.php/Home/Admin/toCar/status/success/info/%E5%93%81%E7%89%8C%E6%B7%BB%E5%8A%A0%E6%88%90%E5%8A%9F%21/pageName/car.html
INFO: [ app_init ] --START--
INFO: Run Behavior\BuildLiteBehavior [ RunTime:0.001000s ]
INFO: [ app_init ] --END-- [ RunTime:0.002000s ]
INFO: [ app_begin ] --START--
INFO: Run Behavior\ReadHtmlCacheBehavior [ RunTime:0.001000s ]
INFO: [ app_begin ] --END-- [ RunTime:0.001000s ]
NOTIC: [8] Undefined index: isChild D:\wamp64\www\usedcar\Application\Home\Controller\AdminController.class.php 第 111 行.
INFO: [ view_parse ] --START--
INFO: [ template_filter ] --START--
INFO: Run Behavior\ContentReplaceBehavior [ RunTime:0.000000s ]
INFO: [ template_filter ] --END-- [ RunTime:0.000000s ]
NOTIC: [8] Undefined variable: result D:\wamp64\www\usedcar\Application\Runtime\Cache\Home\a3c9a2566a503ff689102e595dc83358.php 第 113 行.
NOTIC: [8] Undefined variable: result D:\wamp64\www\usedcar\Application\Runtime\Cache\Home\a3c9a2566a503ff689102e595dc83358.php 第 119 行.
SQL: SHOW COLUMNS FROM `think_car` [ RunTime:0.0050s ]
SQL: SHOW COLUMNS FROM `think_car_brand` [ RunTime:0.0020s ]
SQL: SHOW COLUMNS FROM `think_car_style` [ RunTime:0.0040s ]
SQL: SELECT * FROM `think_car` ORDER BY id desc  [ RunTime:0.0070s ]
SQL: SELECT * FROM `think_car_brand` WHERE `id` = 4  [ RunTime:0.0010s ]
SQL: SELECT * FROM `think_car_style` WHERE `id` = 7  [ RunTime:0.0010s ]
NOTIC: [8] Undefined index: name D:\wamp64\www\usedcar\Application\Runtime\Cache\Home\a3c9a2566a503ff689102e595dc83358.php 第 238 行.
NOTIC: [8] Undefined index: name D:\wamp64\www\usedcar\Application\Runtime\Cache\Home\a3c9a2566a503ff689102e595dc83358.php 第 240 行.
SQL: SELECT * FROM `think_car_brand` ORDER BY id desc  [ RunTime:0.0010s ]
NOTIC: [2] Missing argument 1 for Home\Controller\AdminController::carStyleSelectByBrandId(), called in D:\wamp64\www\usedcar\Application\Runtime\Cache\Home\a3c9a2566a503ff689102e595dc83358.php on line 306 and defined D:\wamp64\www\usedcar\Application\Home\Controller\AdminController.class.php 第 320 行.
NOTIC: [8] Undefined variable: brandId D:\wamp64\www\usedcar\Application\Home\Controller\AdminController.class.php 第 327 行.
SQL: SELECT * FROM `think_car_brand` WHERE `id` = null  [ RunTime:0.0000s ]
NOTIC: [8] Undefined offset: 0 D:\wamp64\www\usedcar\Application\Home\Controller\AdminController.class.php 第 328 行.
SQL: SELECT * FROM `think_car_style` WHERE `id` = 0  [ RunTime:0.0020s ]
NOTIC: [8] Undefined offset: 0 D:\wamp64\www\usedcar\Application\Home\Controller\AdminController.class.php 第 335 行.
SQL: SELECT * FROM `think_car_brand` ORDER BY id desc  [ RunTime:0.0010s ]
NOTIC: [8] Undefined variable: hotelId D:\wamp64\www\usedcar\Application\Runtime\Cache\Home\a3c9a2566a503ff689102e595dc83358.php 第 386 行.
NOTIC: [8] Undefined variable: hotelId D:\wamp64\www\usedcar\Application\Runtime\Cache\Home\a3c9a2566a503ff689102e595dc83358.php 第 386 行.
NOTIC: [8] Undefined variable: hotelId D:\wamp64\www\usedcar\Application\Runtime\Cache\Home\a3c9a2566a503ff689102e595dc83358.php 第 386 行.
INFO: Run Behavior\ParseTemplateBehavior [ RunTime:0.078000s ]
INFO: [ view_parse ] --END-- [ RunTime:0.078000s ]
INFO: [ view_filter ] --START--
INFO: Run Behavior\WriteHtmlCacheBehavior [ RunTime:0.000000s ]
INFO: [ view_filter ] --END-- [ RunTime:0.000000s ]
INFO: [ app_end ] --START--
INFO: Run Behavior\ShowPageTraceBehavior [ RunTime:0.001000s ]
INFO: [ app_end ] --END-- [ RunTime:0.001000s ]

[ 2017-10-16T09:29:19+08:00 ] 127.0.0.1 /usedcar/index.php/Home/Admin/carStyleSelectByIdAjaxReturn.html
INFO: [ app_init ] --START--
INFO: Run Behavior\BuildLiteBehavior [ RunTime:0.000000s ]
INFO: [ app_init ] --END-- [ RunTime:0.000000s ]
INFO: [ app_begin ] --START--
INFO: Run Behavior\ReadHtmlCacheBehavior [ RunTime:0.000000s ]
INFO: [ app_begin ] --END-- [ RunTime:0.000000s ]
SQL: SHOW COLUMNS FROM `think_car_brand` [ RunTime:0.0030s ]
SQL: SHOW COLUMNS FROM `think_car_style` [ RunTime:0.0010s ]
SQL: SELECT * FROM `think_car_brand` WHERE `id` = 5  [ RunTime:0.0000s ]
SQL: SELECT * FROM `think_car_style` WHERE `id` = 0  [ RunTime:0.0000s ]
NOTIC: [8] Undefined offset: 0 D:\wamp64\www\usedcar\Application\Home\Controller\AdminController.class.php 第 312 行.

[ 2017-10-16T10:04:03+08:00 ] 127.0.0.1 /usedcar/index.php/Home/Admin/toCar/status/success/info/%E5%93%81%E7%89%8C%E6%B7%BB%E5%8A%A0%E6%88%90%E5%8A%9F%21/pageName/car.html
INFO: [ app_init ] --START--
INFO: Run Behavior\BuildLiteBehavior [ RunTime:0.000000s ]
INFO: [ app_init ] --END-- [ RunTime:0.001000s ]
INFO: [ app_begin ] --START--
INFO: Run Behavior\ReadHtmlCacheBehavior [ RunTime:0.000000s ]
INFO: [ app_begin ] --END-- [ RunTime:0.001000s ]
NOTIC: [8] Undefined index: isChild D:\wamp64\www\usedcar\Application\Home\Controller\AdminController.class.php 第 111 行.
INFO: [ view_parse ] --START--
INFO: [ template_filter ] --START--
INFO: Run Behavior\ContentReplaceBehavior [ RunTime:0.000000s ]
INFO: [ template_filter ] --END-- [ RunTime:0.000000s ]
NOTIC: [8] Undefined variable: result D:\wamp64\www\usedcar\Application\Runtime\Cache\Home\a3c9a2566a503ff689102e595dc83358.php 第 113 行.
NOTIC: [8] Undefined variable: result D:\wamp64\www\usedcar\Application\Runtime\Cache\Home\a3c9a2566a503ff689102e595dc83358.php 第 119 行.
SQL: SHOW COLUMNS FROM `think_car` [ RunTime:0.0010s ]
SQL: SHOW COLUMNS FROM `think_car_brand` [ RunTime:0.0000s ]
SQL: SHOW COLUMNS FROM `think_car_style` [ RunTime:0.0010s ]
SQL: SELECT * FROM `think_car` ORDER BY id desc  [ RunTime:0.0010s ]
SQL: SELECT * FROM `think_car_brand` WHERE `id` = 4  [ RunTime:0.0000s ]
SQL: SELECT * FROM `think_car_style` WHERE `id` = 7  [ RunTime:0.0000s ]
NOTIC: [8] Undefined index: name D:\wamp64\www\usedcar\Application\Runtime\Cache\Home\a3c9a2566a503ff689102e595dc83358.php 第 238 行.
NOTIC: [8] Undefined index: name D:\wamp64\www\usedcar\Application\Runtime\Cache\Home\a3c9a2566a503ff689102e595dc83358.php 第 240 行.
SQL: SELECT * FROM `think_car_brand` ORDER BY id desc  [ RunTime:0.0000s ]
NOTIC: [2] Missing argument 1 for Home\Controller\AdminController::carStyleSelectByBrandId(), called in D:\wamp64\www\usedcar\Application\Runtime\Cache\Home\a3c9a2566a503ff689102e595dc83358.php on line 306 and defined D:\wamp64\www\usedcar\Application\Home\Controller\AdminController.class.php 第 320 行.
NOTIC: [8] Undefined variable: brandId D:\wamp64\www\usedcar\Application\Home\Controller\AdminController.class.php 第 327 行.
SQL: SELECT * FROM `think_car_brand` WHERE `id` = null  [ RunTime:0.0000s ]
NOTIC: [8] Undefined offset: 0 D:\wamp64\www\usedcar\Application\Home\Controller\AdminController.class.php 第 328 行.
SQL: SELECT * FROM `think_car_style` WHERE `id` = 0  [ RunTime:0.0000s ]
NOTIC: [8] Undefined offset: 0 D:\wamp64\www\usedcar\Application\Home\Controller\AdminController.class.php 第 335 行.
SQL: SELECT * FROM `think_car_brand` ORDER BY id desc  [ RunTime:0.0010s ]
NOTIC: [8] Undefined variable: hotelId D:\wamp64\www\usedcar\Application\Runtime\Cache\Home\a3c9a2566a503ff689102e595dc83358.php 第 386 行.
NOTIC: [8] Undefined variable: hotelId D:\wamp64\www\usedcar\Application\Runtime\Cache\Home\a3c9a2566a503ff689102e595dc83358.php 第 386 行.
NOTIC: [8] Undefined variable: hotelId D:\wamp64\www\usedcar\Application\Runtime\Cache\Home\a3c9a2566a503ff689102e595dc83358.php 第 386 行.
SQL: SELECT * FROM `think_car_brand` ORDER BY id desc  [ RunTime:0.0000s ]
NOTIC: [8] Undefined variable: hotelId D:\wamp64\www\usedcar\Application\Runtime\Cache\Home\a3c9a2566a503ff689102e595dc83358.php 第 424 行.
NOTIC: [8] Undefined variable: hotelId D:\wamp64\www\usedcar\Application\Runtime\Cache\Home\a3c9a2566a503ff689102e595dc83358.php 第 424 行.
NOTIC: [8] Undefined variable: hotelId D:\wamp64\www\usedcar\Application\Runtime\Cache\Home\a3c9a2566a503ff689102e595dc83358.php 第 424 行.
INFO: Run Behavior\ParseTemplateBehavior [ RunTime:0.042000s ]
INFO: [ view_parse ] --END-- [ RunTime:0.042000s ]
INFO: [ view_filter ] --START--
INFO: Run Behavior\WriteHtmlCacheBehavior [ RunTime:0.001000s ]
INFO: [ view_filter ] --END-- [ RunTime:0.001000s ]
INFO: [ app_end ] --START--
INFO: Run Behavior\ShowPageTraceBehavior [ RunTime:0.000000s ]
INFO: [ app_end ] --END-- [ RunTime:0.001000s ]

[ 2017-10-16T10:04:03+08:00 ] 127.0.0.1 /usedcar/index.php/Home/Admin/carStyleSelectByIdAjaxReturn.html
INFO: [ app_init ] --START--
INFO: Run Behavior\BuildLiteBehavior [ RunTime:0.000000s ]
INFO: [ app_init ] --END-- [ RunTime:0.000000s ]
INFO: [ app_begin ] --START--
INFO: Run Behavior\ReadHtmlCacheBehavior [ RunTime:0.001000s ]
INFO: [ app_begin ] --END-- [ RunTime:0.001000s ]
SQL: SHOW COLUMNS FROM `think_car_brand` [ RunTime:0.0020s ]
SQL: SHOW COLUMNS FROM `think_car_style` [ RunTime:0.0010s ]
SQL: SELECT * FROM `think_car_brand` WHERE `id` = 5  [ RunTime:0.0020s ]
SQL: SELECT * FROM `think_car_style` WHERE `id` = 0  [ RunTime:0.0000s ]
NOTIC: [8] Undefined offset: 0 D:\wamp64\www\usedcar\Application\Home\Controller\AdminController.class.php 第 312 行.

[ 2017-10-16T10:04:22+08:00 ] 127.0.0.1 /usedcar/index.php/Home/Admin/carStyleSelectByIdAjaxReturn.html
INFO: [ app_init ] --START--
INFO: Run Behavior\BuildLiteBehavior [ RunTime:0.000000s ]
INFO: [ app_init ] --END-- [ RunTime:0.001000s ]
INFO: [ app_begin ] --START--
INFO: Run Behavior\ReadHtmlCacheBehavior [ RunTime:0.001000s ]
INFO: [ app_begin ] --END-- [ RunTime:0.002000s ]
SQL: SHOW COLUMNS FROM `think_car_brand` [ RunTime:0.0010s ]
SQL: SHOW COLUMNS FROM `think_car_style` [ RunTime:0.0010s ]
SQL: SELECT * FROM `think_car_brand` WHERE `id` = 4  [ RunTime:0.0010s ]
SQL: SELECT * FROM `think_car_style` WHERE `id` = 6  [ RunTime:0.0010s ]
SQL: SELECT * FROM `think_car_style` WHERE `id` = 7  [ RunTime:0.0020s ]

[ 2017-10-16T10:04:23+08:00 ] 127.0.0.1 /usedcar/index.php/Home/Admin/carStyleSelectByIdAjaxReturn.html
INFO: [ app_init ] --START--
INFO: Run Behavior\BuildLiteBehavior [ RunTime:0.000000s ]
INFO: [ app_init ] --END-- [ RunTime:0.001000s ]
INFO: [ app_begin ] --START--
INFO: Run Behavior\ReadHtmlCacheBehavior [ RunTime:0.003000s ]
INFO: [ app_begin ] --END-- [ RunTime:0.003000s ]
SQL: SHOW COLUMNS FROM `think_car_brand` [ RunTime:0.0010s ]
SQL: SHOW COLUMNS FROM `think_car_style` [ RunTime:0.0010s ]
SQL: SELECT * FROM `think_car_brand` WHERE `id` = 5  [ RunTime:0.0010s ]
SQL: SELECT * FROM `think_car_style` WHERE `id` = 0  [ RunTime:0.0010s ]
NOTIC: [8] Undefined offset: 0 D:\wamp64\www\usedcar\Application\Home\Controller\AdminController.class.php 第 312 行.

[ 2017-10-16T10:47:17+08:00 ] 127.0.0.1 /usedcar/index.php/Home/Admin/carStyleSelectByIdAjaxReturn.html
INFO: [ app_init ] --START--
INFO: Run Behavior\BuildLiteBehavior [ RunTime:0.001000s ]
INFO: [ app_init ] --END-- [ RunTime:0.001000s ]
INFO: [ app_begin ] --START--
INFO: Run Behavior\ReadHtmlCacheBehavior [ RunTime:0.001000s ]
INFO: [ app_begin ] --END-- [ RunTime:0.001000s ]
SQL: SHOW COLUMNS FROM `think_car_brand` [ RunTime:0.0000s ]
SQL: SHOW COLUMNS FROM `think_car_style` [ RunTime:0.0010s ]
SQL: SELECT * FROM `think_car_brand` WHERE `id` = 5  [ RunTime:0.0010s ]
SQL: SELECT * FROM `think_car_style` WHERE `id` = 0  [ RunTime:0.0000s ]
NOTIC: [8] Undefined offset: 0 D:\wamp64\www\usedcar\Application\Home\Controller\AdminController.class.php 第 312 行.

