[ 2017-09-21T10:31:06+08:00 ] 127.0.0.1 /jiayoulong/Upload/photos/2017-09-21/59c3245d80a3d.png
INFO: [ app_init ] --START--
INFO: Run Behavior\BuildLiteBehavior [ RunTime:0.000000s ]
INFO: [ app_init ] --END-- [ RunTime:0.001000s ]
ERR: 无法加载模块:Upload

[ 2017-09-21T10:31:09+08:00 ] 127.0.0.1 /jiayoulong/Upload/photos/2017-09-21/59c3245d80a3d.png
INFO: [ app_init ] --START--
INFO: Run Behavior\BuildLiteBehavior [ RunTime:0.000000s ]
INFO: [ app_init ] --END-- [ RunTime:0.001000s ]
ERR: 无法加载模块:Upload

[ 2017-09-21T10:31:10+08:00 ] 127.0.0.1 /jiayoulong/Upload/photos/2017-09-21/59c3245d80a3d.png
INFO: [ app_init ] --START--
INFO: Run Behavior\BuildLiteBehavior [ RunTime:0.000000s ]
INFO: [ app_init ] --END-- [ RunTime:0.001000s ]
ERR: 无法加载模块:Upload

[ 2017-09-21T10:31:15+08:00 ] 127.0.0.1 /jiayoulong/Upload/photos/2017-09-21/59c3245d80a3d.png
INFO: [ app_init ] --START--
INFO: Run Behavior\BuildLiteBehavior [ RunTime:0.000000s ]
INFO: [ app_init ] --END-- [ RunTime:0.000000s ]
ERR: 无法加载模块:Upload

[ 2017-09-21T10:35:03+08:00 ] 127.0.0.1 /jiayoulong/Upload/photos/2017-09-21/59c3245d80a3d.png
INFO: [ app_init ] --START--
INFO: Run Behavior\BuildLiteBehavior [ RunTime:0.000000s ]
INFO: [ app_init ] --END-- [ RunTime:0.001000s ]
ERR: 无法加载模块:Upload

[ 2017-09-21T16:33:07+08:00 ] 127.0.0.1 /jiayoulong/Upload/photos/2017-09-21/59c378245ea28.png
INFO: [ app_init ] --START--
INFO: Run Behavior\BuildLiteBehavior [ RunTime:0.000000s ]
INFO: [ app_init ] --END-- [ RunTime:0.000000s ]
ERR: 无法加载模块:Upload

[ 2017-09-21T16:33:07+08:00 ] 127.0.0.1 /jiayoulong/Upload/photos/2017-09-21/59c378245ee10.png
INFO: [ app_init ] --START--
INFO: Run Behavior\BuildLiteBehavior [ RunTime:0.000000s ]
INFO: [ app_init ] --END-- [ RunTime:0.000000s ]
ERR: 无法加载模块:Upload

[ 2017-09-21T16:33:13+08:00 ] 127.0.0.1 /jiayoulong/Upload/photos/2017-09-21/59c378245ee10.png
INFO: [ app_init ] --START--
INFO: Run Behavior\BuildLiteBehavior [ RunTime:0.000000s ]
INFO: [ app_init ] --END-- [ RunTime:0.001000s ]
ERR: 无法加载模块:Upload

[ 2017-09-21T16:33:51+08:00 ] 127.0.0.1 /jiayoulong/Upload/photos/2017-09-21/59c378245ea28.png
INFO: [ app_init ] --START--
INFO: Run Behavior\BuildLiteBehavior [ RunTime:0.000000s ]
INFO: [ app_init ] --END-- [ RunTime:0.001000s ]
ERR: 无法加载模块:Upload

[ 2017-09-21T16:33:51+08:00 ] 127.0.0.1 /jiayoulong/Upload/photos/2017-09-21/59c378245ee10.png
INFO: [ app_init ] --START--
INFO: Run Behavior\BuildLiteBehavior [ RunTime:0.000000s ]
INFO: [ app_init ] --END-- [ RunTime:0.000000s ]
ERR: 无法加载模块:Upload

[ 2017-09-21T16:34:30+08:00 ] 127.0.0.1 /jiayoulong/Upload/photos/2017-09-21/59c378245ea28.png
INFO: [ app_init ] --START--
INFO: Run Behavior\BuildLiteBehavior [ RunTime:0.000000s ]
INFO: [ app_init ] --END-- [ RunTime:0.001000s ]
ERR: 无法加载模块:Upload

[ 2017-09-21T16:34:30+08:00 ] 127.0.0.1 /jiayoulong/Upload/photos/2017-09-21/59c378245ee10.png
INFO: [ app_init ] --START--
INFO: Run Behavior\BuildLiteBehavior [ RunTime:0.000000s ]
INFO: [ app_init ] --END-- [ RunTime:0.001000s ]
ERR: 无法加载模块:Upload

[ 2017-09-21T16:39:39+08:00 ] 127.0.0.1 /jiayoulong/Upload/photos/2017-09-21/59c378245ea28.png
INFO: [ app_init ] --START--
INFO: Run Behavior\BuildLiteBehavior [ RunTime:0.000000s ]
INFO: [ app_init ] --END-- [ RunTime:0.000000s ]
ERR: 无法加载模块:Upload

[ 2017-09-21T16:39:39+08:00 ] 127.0.0.1 /jiayoulong/Upload/photos/2017-09-21/59c378245ee10.png
INFO: [ app_init ] --START--
INFO: Run Behavior\BuildLiteBehavior [ RunTime:0.000000s ]
INFO: [ app_init ] --END-- [ RunTime:0.001000s ]
ERR: 无法加载模块:Upload

[ 2017-09-21T16:39:45+08:00 ] 127.0.0.1 /jiayoulong/Upload/photos/2017-09-21/59c378245ee10.png
INFO: [ app_init ] --START--
INFO: Run Behavior\BuildLiteBehavior [ RunTime:0.000000s ]
INFO: [ app_init ] --END-- [ RunTime:0.000000s ]
ERR: 无法加载模块:Upload

