[ 2017-10-14T15:00:26+08:00 ] 127.0.0.1 /usedcar/Upload/photos/2017-10-14/59e1b5ec16b4a.jpg
INFO: [ app_init ] --START--
INFO: Run Behavior\BuildLiteBehavior [ RunTime:0.000000s ]
INFO: [ app_init ] --END-- [ RunTime:0.001000s ]
ERR: 无法加载模块:Upload

[ 2017-10-14T15:00:26+08:00 ] 127.0.0.1 /usedcar/Upload/photos/2017-10-14/59e1b5f7e157a.jpg
INFO: [ app_init ] --START--
INFO: Run Behavior\BuildLiteBehavior [ RunTime:0.000000s ]
INFO: [ app_init ] --END-- [ RunTime:0.002000s ]
ERR: 无法加载模块:Upload

[ 2017-10-14T15:00:30+08:00 ] 127.0.0.1 /usedcar/Upload/photos/2017-10-14/59e1b5f7e157a.jpg
INFO: [ app_init ] --START--
INFO: Run Behavior\BuildLiteBehavior [ RunTime:0.000000s ]
INFO: [ app_init ] --END-- [ RunTime:0.000000s ]
ERR: 无法加载模块:Upload

[ 2017-10-14T15:00:30+08:00 ] 127.0.0.1 /usedcar/Upload/photos/2017-10-14/59e1b5ec16b4a.jpg
INFO: [ app_init ] --START--
INFO: Run Behavior\BuildLiteBehavior [ RunTime:0.000000s ]
INFO: [ app_init ] --END-- [ RunTime:0.006000s ]
ERR: 无法加载模块:Upload

[ 2017-10-14T15:00:31+08:00 ] 127.0.0.1 /usedcar/Upload/photos/2017-10-14/59e1b5ec16b4a.jpg
INFO: [ app_init ] --START--
INFO: Run Behavior\BuildLiteBehavior [ RunTime:0.000000s ]
INFO: [ app_init ] --END-- [ RunTime:0.001000s ]
ERR: 无法加载模块:Upload

[ 2017-10-14T15:00:31+08:00 ] 127.0.0.1 /usedcar/Upload/photos/2017-10-14/59e1b5f7e157a.jpg
INFO: [ app_init ] --START--
INFO: Run Behavior\BuildLiteBehavior [ RunTime:0.000000s ]
INFO: [ app_init ] --END-- [ RunTime:0.001000s ]
ERR: 无法加载模块:Upload

[ 2017-10-14T15:00:35+08:00 ] 127.0.0.1 /usedcar/Upload/photos/2017-10-14/59e1b5f7e157a.jpg
INFO: [ app_init ] --START--
INFO: Run Behavior\BuildLiteBehavior [ RunTime:0.000000s ]
INFO: [ app_init ] --END-- [ RunTime:0.000000s ]
ERR: 无法加载模块:Upload

